{"logTime": "1126/180528", "correlationVector":"1LyaZRTNS0feb3YjK2s8C5.1","action":"SyncServerConnectionManagerRequest", "result":"SYNC_SERVER_OK", "context":{"environment":"Prod_WestEurope_000l", "migrationStage":"NotStarted", "server":"GENERAL01000012"}}
{"logTime": "1126/180528", "correlationVector":"VFNXNH2iyes5SsDqJD6JRY","action":"SyncServerConnectionManagerRequest", "result":"SYNC_SERVER_OK", "context":{"environment":"", "migrationStage":"", "server":""}}
{"logTime": "1126/180528", "correlationVector":"1LyaZRTNS0feb3YjK2s8C5","action":"Initial GetUpdates", "result":"", "context":Reason: NEW_CLIENT. cV=1LyaZRTNS0feb3YjK2s8C5}
{"logTime": "1126/180528", "correlationVector":"1LyaZRTNS0feb3YjK2s8C5.2","action":"GetUpdates Response", "result":"Success", "context":Received 1 update(s). cV=1LyaZRTNS0feb3YjK2s8C5.0;server=GENERAL01000012;cloudType=Consumer;environment=Prod_WestEurope_000l;migrationStage=NotStarted}
{"logTime": "1126/180528", "correlationVector":"XuJ0RXFmTGW1jJAEN0fCMF","action":"Initial GetUpdates", "result":"", "context":Reason: NEWLY_SUPPORTED_DATATYPE. cV=XuJ0RXFmTGW1jJAEN0fCMF}
{"logTime": "1126/180529", "correlationVector":"XuJ0RXFmTGW1jJAEN0fCMF.1","action":"SyncServerConnectionManagerRequest", "result":"SYNC_SERVER_OK", "context":{"environment":"Prod_WestEurope_000l", "migrationStage":"NotStarted", "server":"GENERAL01000013"}}
{"logTime": "1126/180529", "correlationVector":"XuJ0RXFmTGW1jJAEN0fCMF.2","action":"GetUpdates", "result":"DeleteReceived", "context":{"id":"9b53c459-609a-4142-8f31-315126c3c469", "isDeleted:":"true", "version":"1730648240402"}}
{"logTime": "1126/180529", "correlationVector":"XuJ0RXFmTGW1jJAEN0fCMF.3","action":"GetUpdates", "result":"DeleteReceived", "context":{"id":"6c16a305-fcdd-4189-a65b-d3d38f92a069", "isDeleted:":"true", "version":"1730660489112"}}
{"logTime": "1126/180529", "correlationVector":"XuJ0RXFmTGW1jJAEN0fCMF.4","action":"GetUpdates", "result":"DeleteReceived", "context":{"id":"1d598a5b-c272-43c8-96b1-3d45f59b5b34", "isDeleted:":"true", "version":"1732107055088"}}
{"logTime": "1126/180529", "correlationVector":"XuJ0RXFmTGW1jJAEN0fCMF.5","action":"GetUpdates", "result":"DeleteReceived", "context":{"id":"03b032d8-1f6a-4a61-8c86-1a68355974eb", "isDeleted:":"true", "version":"1703949663006"}}
{"logTime": "1126/180529", "correlationVector":"XuJ0RXFmTGW1jJAEN0fCMF.6","action":"GetUpdates", "result":"DeleteReceived", "context":{"id":"8dbd4bd2-929f-4610-ba7a-21ce35282778", "isDeleted:":"true", "version":"1710423128381"}}
{"logTime": "1126/180529", "correlationVector":"XuJ0RXFmTGW1jJAEN0fCMF.7","action":"GetUpdates", "result":"DeleteReceived", "context":{"id":"f7b975ef-a05c-4d77-b468-06ed9a884e6e", "isDeleted:":"true", "version":"1712413343744"}}
{"logTime": "1126/180529", "correlationVector":"XuJ0RXFmTGW1jJAEN0fCMF.8","action":"GetUpdates", "result":"DeleteReceived", "context":{"id":"a83b7f5f-4f9a-43cb-8610-aa79bd7f790e", "isDeleted:":"true", "version":"1731188608513"}}
{"logTime": "1126/180529", "correlationVector":"XuJ0RXFmTGW1jJAEN0fCMF.9","action":"GetUpdates Response", "result":"Success", "context":Received 112 update(s). cV=XuJ0RXFmTGW1jJAEN0fCMF.0;server=GENERAL01000013;cloudType=Consumer;environment=Prod_WestEurope_000l;migrationStage=NotStarted}
{"logTime": "1126/180529", "correlationVector":"tu/RPbjsgE3mwbjljrkUfb","action":"Initial GetUpdates", "result":"", "context":Reason: NEWLY_SUPPORTED_DATATYPE. cV=tu/RPbjsgE3mwbjljrkUfb}
{"logTime": "1126/180529", "correlationVector":"tu/RPbjsgE3mwbjljrkUfb.1","action":"SyncServerConnectionManagerRequest", "result":"SYNC_SERVER_OK", "context":{"environment":"Prod_WestEurope_000l", "migrationStage":"NotStarted", "server":"GENERAL0100000W"}}
{"logTime": "1126/180529", "correlationVector":"tu/RPbjsgE3mwbjljrkUfb.2","action":"GetUpdates", "result":"DeleteReceived", "context":{"id":"8f611e5e-0bff-4ef3-a8b6-29db00e8c78b", "isDeleted:":"true", "version":"1717146922949"}}
{"logTime": "1126/180529", "correlationVector":"tu/RPbjsgE3mwbjljrkUfb.3","action":"GetUpdates Response", "result":"Success", "context":Received 8 update(s). cV=tu/RPbjsgE3mwbjljrkUfb.0;server=GENERAL0100000W;cloudType=Consumer;environment=Prod_WestEurope_000l;migrationStage=NotStarted}
{"logTime": "1126/180529", "correlationVector":"SVsqwni36Uu4L2E4zsACfJ","action":"Initial GetUpdates", "result":"", "context":Reason: NEWLY_SUPPORTED_DATATYPE. cV=SVsqwni36Uu4L2E4zsACfJ}
{"logTime": "1126/180529", "correlationVector":"SVsqwni36Uu4L2E4zsACfJ.1","action":"SyncServerConnectionManagerRequest", "result":"SYNC_SERVER_OK", "context":{"environment":"Prod_WestEurope_000l", "migrationStage":"NotStarted", "server":"GENERAL01000006"}}
{"logTime": "1126/180529", "correlationVector":"SVsqwni36Uu4L2E4zsACfJ.2","action":"GetUpdates", "result":"DeleteReceived", "context":{"id":"02159cc4-4d64-46cc-ad1e-dda6ef72e572", "isDeleted:":"true", "version":"1725323359550"}}
{"logTime": "1126/180529", "correlationVector":"SVsqwni36Uu4L2E4zsACfJ.3","action":"GetUpdates", "result":"DeleteReceived", "context":{"id":"9d20f244-a0df-4810-815d-bf00b57940f0", "isDeleted:":"true", "version":"1725323284586"}}
{"logTime": "1126/180529", "correlationVector":"SVsqwni36Uu4L2E4zsACfJ.4","action":"GetUpdates", "result":"DeleteReceived", "context":{"id":"88b59376-2728-45fd-a7c6-3b95fbf7c7f3", "isDeleted:":"true", "version":"1725469197607"}}
{"logTime": "1126/180529", "correlationVector":"SVsqwni36Uu4L2E4zsACfJ.5","action":"GetUpdates", "result":"DeleteReceived", "context":{"id":"de7e3034-6301-4da2-9bcd-e4546df5b04b", "isDeleted:":"true", "version":"1725469197609"}}
{"logTime": "1126/180529", "correlationVector":"SVsqwni36Uu4L2E4zsACfJ.6","action":"GetUpdates", "result":"DeleteReceived", "context":{"id":"88423f87-6241-4c12-9d63-f92d47c48529", "isDeleted:":"true", "version":"1726084121744"}}
{"logTime": "1126/180529", "correlationVector":"SVsqwni36Uu4L2E4zsACfJ.7","action":"GetUpdates", "result":"DeleteReceived", "context":{"id":"f100e995-470c-4450-bd58-aa78ca3a9c12", "isDeleted:":"true", "version":"1726084121746"}}
{"logTime": "1126/180529", "correlationVector":"SVsqwni36Uu4L2E4zsACfJ.8","action":"GetUpdates", "result":"DeleteReceived", "context":{"id":"4ca4f687-ec93-48c8-8253-8c02854379b3", "isDeleted:":"true", "version":"1726438454204"}}
{"logTime": "1126/180529", "correlationVector":"SVsqwni36Uu4L2E4zsACfJ.9","action":"GetUpdates", "result":"DeleteReceived", "context":{"id":"05a8a174-0dce-4c9b-9db8-1bb209156df2", "isDeleted:":"true", "version":"1726443003352"}}
{"logTime": "1126/180529", "correlationVector":"SVsqwni36Uu4L2E4zsACfJ.10","action":"GetUpdates", "result":"DeleteReceived", "context":{"id":"8a6c945e-c864-422a-8246-fd5ba8eaba12", "isDeleted:":"true", "version":"1726443003354"}}
{"logTime": "1126/180529", "correlationVector":"SVsqwni36Uu4L2E4zsACfJ.11","action":"GetUpdates", "result":"DeleteReceived", "context":{"id":"4ae9c67c-c0a2-4f42-b501-e6eca8d47556", "isDeleted:":"true", "version":"1726446984206"}}
{"logTime": "1126/180529", "correlationVector":"SVsqwni36Uu4L2E4zsACfJ.12","action":"GetUpdates", "result":"DeleteReceived", "context":{"id":"94b6f7d7-9ceb-4634-93d4-d19ef702d7a7", "isDeleted:":"true", "version":"1726446984207"}}
{"logTime": "1126/180529", "correlationVector":"SVsqwni36Uu4L2E4zsACfJ.13","action":"GetUpdates", "result":"DeleteReceived", "context":{"id":"62aa31a2-b309-4583-81db-b632d33b8459", "isDeleted:":"true", "version":"1726446984211"}}
{"logTime": "1126/180529", "correlationVector":"SVsqwni36Uu4L2E4zsACfJ.14","action":"GetUpdates", "result":"DeleteReceived", "context":{"id":"e336abfd-2036-4b48-8416-b66fe9266443", "isDeleted:":"true", "version":"1726448838869"}}
{"logTime": "1126/180529", "correlationVector":"SVsqwni36Uu4L2E4zsACfJ.15","action":"GetUpdates", "result":"DeleteReceived", "context":{"id":"feea1fc6-6c41-4111-a88e-ecc92f915cdc", "isDeleted:":"true", "version":"1726448838870"}}
{"logTime": "1126/180529", "correlationVector":"SVsqwni36Uu4L2E4zsACfJ.16","action":"GetUpdates", "result":"DeleteReceived", "context":{"id":"a881f509-7c9b-42b8-8453-d8a558acb148", "isDeleted:":"true", "version":"1726448838871"}}
{"logTime": "1126/180529", "correlationVector":"SVsqwni36Uu4L2E4zsACfJ.17","action":"GetUpdates", "result":"DeleteReceived", "context":{"id":"f6675791-f811-4190-b308-306565bf867a", "isDeleted:":"true", "version":"1726448838872"}}
{"logTime": "1126/180529", "correlationVector":"SVsqwni36Uu4L2E4zsACfJ.18","action":"GetUpdates", "result":"DeleteReceived", "context":{"id":"ddfb6c27-95e2-4a9e-a7e4-b851f297a0fc", "isDeleted:":"true", "version":"1726448838873"}}
{"logTime": "1126/180529", "correlationVector":"SVsqwni36Uu4L2E4zsACfJ.19","action":"GetUpdates", "result":"DeleteReceived", "context":{"id":"31a8b977-3c53-4c7d-8222-743b4e0edbc1", "isDeleted:":"true", "version":"1726448838875"}}
{"logTime": "1126/180529", "correlationVector":"SVsqwni36Uu4L2E4zsACfJ.20","action":"GetUpdates", "result":"DeleteReceived", "context":{"id":"b2d665c6-6de8-4387-8e6d-9993b3d990f6", "isDeleted:":"true", "version":"1726448838877"}}
{"logTime": "1126/180529", "correlationVector":"SVsqwni36Uu4L2E4zsACfJ.21","action":"GetUpdates", "result":"DeleteReceived", "context":{"id":"12d69dfd-3c24-4ae6-9754-22e80a90384a", "isDeleted:":"true", "version":"1726457571404"}}
{"logTime": "1126/180529", "correlationVector":"SVsqwni36Uu4L2E4zsACfJ.22","action":"GetUpdates", "result":"DeleteReceived", "context":{"id":"da512c5e-7f2d-4cc8-9498-9ba61e5ea919", "isDeleted:":"true", "version":"1726457571405"}}
{"logTime": "1126/180529", "correlationVector":"SVsqwni36Uu4L2E4zsACfJ.23","action":"GetUpdates", "result":"DeleteReceived", "context":{"id":"cfe856be-073c-4353-b82f-204f84842c15", "isDeleted:":"true", "version":"1726457571406"}}
{"logTime": "1126/180529", "correlationVector":"SVsqwni36Uu4L2E4zsACfJ.24","action":"GetUpdates", "result":"DeleteReceived", "context":{"id":"ccbb5a2e-29f7-444f-b7c3-4b5955df16fb", "isDeleted:":"true", "version":"1726457571408"}}
{"logTime": "1126/180529", "correlationVector":"SVsqwni36Uu4L2E4zsACfJ.25","action":"GetUpdates", "result":"DeleteReceived", "context":{"id":"2cc7b355-77d5-44be-a455-0b4e9ee5d32f", "isDeleted:":"true", "version":"1726457571409"}}
{"logTime": "1126/180529", "correlationVector":"SVsqwni36Uu4L2E4zsACfJ.26","action":"GetUpdates", "result":"DeleteReceived", "context":{"id":"7864b528-2c6c-46a5-9f9c-2b40df37c071", "isDeleted:":"true", "version":"1726457571410"}}
{"logTime": "1126/180529", "correlationVector":"SVsqwni36Uu4L2E4zsACfJ.27","action":"GetUpdates", "result":"DeleteReceived", "context":{"id":"e18d9302-1bcc-48a6-b3ee-ee2d5eea9fe8", "isDeleted:":"true", "version":"1726457571411"}}
{"logTime": "1126/180529", "correlationVector":"SVsqwni36Uu4L2E4zsACfJ.28","action":"GetUpdates", "result":"DeleteReceived", "context":{"id":"7e2dbda3-2848-40f1-9fba-49ad5b6e48d4", "isDeleted:":"true", "version":"1726457571412"}}
{"logTime": "1126/180529", "correlationVector":"SVsqwni36Uu4L2E4zsACfJ.29","action":"GetUpdates", "result":"DeleteReceived", "context":{"id":"80d8184a-9e87-45be-8a24-6ec5a8139e14", "isDeleted:":"true", "version":"1726457571413"}}
{"logTime": "1126/180529", "correlationVector":"SVsqwni36Uu4L2E4zsACfJ.30","action":"GetUpdates", "result":"DeleteReceived", "context":{"id":"a7876183-82c5-47a3-90cf-0ca716a2c46a", "isDeleted:":"true", "version":"1726457571414"}}
{"logTime": "1126/180529", "correlationVector":"SVsqwni36Uu4L2E4zsACfJ.31","action":"GetUpdates", "result":"DeleteReceived", "context":{"id":"e6d2d1e7-5da8-4e73-812b-48d210620cb1", "isDeleted:":"true", "version":"1726457571416"}}
{"logTime": "1126/180529", "correlationVector":"SVsqwni36Uu4L2E4zsACfJ.32","action":"GetUpdates", "result":"DeleteReceived", "context":{"id":"3e8995a8-769c-4003-8b1b-966232b79639", "isDeleted:":"true", "version":"1726457571417"}}
{"logTime": "1126/180529", "correlationVector":"SVsqwni36Uu4L2E4zsACfJ.33","action":"GetUpdates", "result":"DeleteReceived", "context":{"id":"195d0e87-ad48-4900-9160-3e28d25cab01", "isDeleted:":"true", "version":"1726464570079"}}
{"logTime": "1126/180529", "correlationVector":"SVsqwni36Uu4L2E4zsACfJ.34","action":"GetUpdates", "result":"DeleteReceived", "context":{"id":"ece43878-f6fe-4566-aaca-93ccc68f5a48", "isDeleted:":"true", "version":"1726465951080"}}
{"logTime": "1126/180529", "correlationVector":"SVsqwni36Uu4L2E4zsACfJ.35","action":"GetUpdates", "result":"DeleteReceived", "context":{"id":"083bc896-f194-475f-a483-aed352103445", "isDeleted:":"true", "version":"1726465951085"}}
{"logTime": "1126/180529", "correlationVector":"SVsqwni36Uu4L2E4zsACfJ.36","action":"GetUpdates", "result":"DeleteReceived", "context":{"id":"c3330a67-f42b-408d-95e4-329e4a07601c", "isDeleted:":"true", "version":"1726478251330"}}
{"logTime": "1126/180529", "correlationVector":"SVsqwni36Uu4L2E4zsACfJ.37","action":"GetUpdates", "result":"DeleteReceived", "context":{"id":"fa867c96-5444-4066-b614-cfe0e737f7a1", "isDeleted:":"true", "version":"1726478251331"}}
{"logTime": "1126/180529", "correlationVector":"SVsqwni36Uu4L2E4zsACfJ.38","action":"GetUpdates", "result":"DeleteReceived", "context":{"id":"faedcb90-f28c-40c8-b2c8-5f17e1f624da", "isDeleted:":"true", "version":"1726478251332"}}
{"logTime": "1126/180529", "correlationVector":"SVsqwni36Uu4L2E4zsACfJ.39","action":"GetUpdates", "result":"DeleteReceived", "context":{"id":"117949da-df7f-4396-a86f-fc4b1fce42a5", "isDeleted:":"true", "version":"1726478251333"}}
{"logTime": "1126/180529", "correlationVector":"SVsqwni36Uu4L2E4zsACfJ.40","action":"GetUpdates", "result":"DeleteReceived", "context":{"id":"31feca43-5110-4ac0-a51b-d14797120af4", "isDeleted:":"true", "version":"1726478251335"}}
{"logTime": "1126/180529", "correlationVector":"SVsqwni36Uu4L2E4zsACfJ.41","action":"GetUpdates", "result":"DeleteReceived", "context":{"id":"95f050a5-03d6-4ad1-b9b3-8f7238f732a2", "isDeleted:":"true", "version":"1726478251336"}}
{"logTime": "1126/180529", "correlationVector":"SVsqwni36Uu4L2E4zsACfJ.42","action":"GetUpdates", "result":"DeleteReceived", "context":{"id":"c10ebfec-dd48-408b-bdb6-0999b133e716", "isDeleted:":"true", "version":"1726995999807"}}
{"logTime": "1126/180529", "correlationVector":"SVsqwni36Uu4L2E4zsACfJ.43","action":"GetUpdates", "result":"DeleteReceived", "context":{"id":"50a9ab34-a939-4506-abe2-dff62a5db49e", "isDeleted:":"true", "version":"1726995999809"}}
{"logTime": "1126/180529", "correlationVector":"SVsqwni36Uu4L2E4zsACfJ.44","action":"GetUpdates", "result":"DeleteReceived", "context":{"id":"7108f46a-ddc5-4845-b2e7-cc05cf7ee6a8", "isDeleted:":"true", "version":"1727959429849"}}
{"logTime": "1126/180529", "correlationVector":"SVsqwni36Uu4L2E4zsACfJ.45","action":"GetUpdates", "result":"DeleteReceived", "context":{"id":"74cb5112-07ad-4ab6-aa28-88b2c73b8b62", "isDeleted:":"true", "version":"1727962131151"}}
{"logTime": "1126/180529", "correlationVector":"SVsqwni36Uu4L2E4zsACfJ.46","action":"GetUpdates", "result":"DeleteReceived", "context":{"id":"4987a7ee-c060-4d82-b7de-39ec392a98e9", "isDeleted:":"true", "version":"1728640530835"}}
{"logTime": "1126/180529", "correlationVector":"SVsqwni36Uu4L2E4zsACfJ.47","action":"GetUpdates", "result":"DeleteReceived", "context":{"id":"c2eccc45-1185-4c23-b9f0-5b1b27fa38f5", "isDeleted:":"true", "version":"1728640530837"}}
{"logTime": "1126/180529", "correlationVector":"SVsqwni36Uu4L2E4zsACfJ.48","action":"GetUpdates", "result":"DeleteReceived", "context":{"id":"413d0d3f-2f0b-4827-a6b5-5eaf18d96b45", "isDeleted:":"true", "version":"1728640530838"}}
{"logTime": "1126/180529", "correlationVector":"SVsqwni36Uu4L2E4zsACfJ.49","action":"GetUpdates", "result":"DeleteReceived", "context":{"id":"14f6c61f-0bf6-479d-a720-a9979d2f4aab", "isDeleted:":"true", "version":"1728640530840"}}
{"logTime": "1126/180529", "correlationVector":"SVsqwni36Uu4L2E4zsACfJ.50","action":"GetUpdates", "result":"DeleteReceived", "context":{"id":"6c0c3006-2cc9-415f-a2be-cc48a973ef93", "isDeleted:":"true", "version":"1728640530841"}}
{"logTime": "1126/180529", "correlationVector":"SVsqwni36Uu4L2E4zsACfJ.51","action":"GetUpdates", "result":"DeleteReceived", "context":{"id":"eb745166-9ffe-41ed-9f17-fd01738b33a9", "isDeleted:":"true", "version":"1728640696633"}}
{"logTime": "1126/180529", "correlationVector":"SVsqwni36Uu4L2E4zsACfJ.52","action":"GetUpdates", "result":"DeleteReceived", "context":{"id":"ffb69d04-9692-455d-9506-3e4a9dc60df9", "isDeleted:":"true", "version":"1728756366566"}}
{"logTime": "1126/180529", "correlationVector":"SVsqwni36Uu4L2E4zsACfJ.53","action":"GetUpdates", "result":"DeleteReceived", "context":{"id":"e7cd819f-e69e-4b51-85f4-61bbc15478b0", "isDeleted:":"true", "version":"1728846834041"}}
{"logTime": "1126/180529", "correlationVector":"SVsqwni36Uu4L2E4zsACfJ.54","action":"GetUpdates", "result":"DeleteReceived", "context":{"id":"d2f7f08b-b1a0-45ea-b521-83ddd9e5ca4a", "isDeleted:":"true", "version":"1728850390199"}}
{"logTime": "1126/180529", "correlationVector":"SVsqwni36Uu4L2E4zsACfJ.55","action":"GetUpdates", "result":"DeleteReceived", "context":{"id":"00b85677-cb23-42d5-a4a1-da2a1196e632", "isDeleted:":"true", "version":"1728930162496"}}
{"logTime": "1126/180529", "correlationVector":"SVsqwni36Uu4L2E4zsACfJ.56","action":"GetUpdates", "result":"DeleteReceived", "context":{"id":"725cf5f8-914b-4b4d-b9f7-5d7300f3b5aa", "isDeleted:":"true", "version":"1728934063295"}}
{"logTime": "1126/180529", "correlationVector":"SVsqwni36Uu4L2E4zsACfJ.57","action":"GetUpdates", "result":"DeleteReceived", "context":{"id":"484264e4-3f3f-40da-b8cf-66d0fc0eedb2", "isDeleted:":"true", "version":"1728979745733"}}
{"logTime": "1126/180529", "correlationVector":"SVsqwni36Uu4L2E4zsACfJ.58","action":"GetUpdates", "result":"DeleteReceived", "context":{"id":"fd1b2c2c-9eca-4356-8340-d64f9f156f96", "isDeleted:":"true", "version":"1728979745735"}}
{"logTime": "1126/180529", "correlationVector":"SVsqwni36Uu4L2E4zsACfJ.59","action":"GetUpdates", "result":"DeleteReceived", "context":{"id":"88bee30e-8b00-465b-8857-19296dba4369", "isDeleted:":"true", "version":"1728979745736"}}
{"logTime": "1126/180529", "correlationVector":"SVsqwni36Uu4L2E4zsACfJ.60","action":"GetUpdates", "result":"DeleteReceived", "context":{"id":"b9cbf01b-52fe-49e0-9a6f-4c6aa930abb0", "isDeleted:":"true", "version":"1729013767311"}}
{"logTime": "1126/180529", "correlationVector":"SVsqwni36Uu4L2E4zsACfJ.61","action":"GetUpdates", "result":"DeleteReceived", "context":{"id":"bc36f544-326b-4d15-a909-eb5f6fe7076b", "isDeleted:":"true", "version":"1729013767312"}}
{"logTime": "1126/180529", "correlationVector":"SVsqwni36Uu4L2E4zsACfJ.62","action":"GetUpdates", "result":"DeleteReceived", "context":{"id":"951a5ccb-3b28-4678-98d9-7d4aacb7545e", "isDeleted:":"true", "version":"1729048177120"}}
{"logTime": "1126/180529", "correlationVector":"SVsqwni36Uu4L2E4zsACfJ.63","action":"GetUpdates", "result":"DeleteReceived", "context":{"id":"2dbbe068-4ebb-4ced-944b-0ae285f3501e", "isDeleted:":"true", "version":"1729048177122"}}
{"logTime": "1126/180529", "correlationVector":"SVsqwni36Uu4L2E4zsACfJ.64","action":"GetUpdates", "result":"DeleteReceived", "context":{"id":"ba56d05f-1bcd-421e-a65c-860c32b343f0", "isDeleted:":"true", "version":"1729116637379"}}
{"logTime": "1126/180529", "correlationVector":"SVsqwni36Uu4L2E4zsACfJ.65","action":"GetUpdates", "result":"DeleteReceived", "context":{"id":"3e34ea6f-37a7-4145-a060-8eeb11e8385d", "isDeleted:":"true", "version":"1729323242267"}}
{"logTime": "1126/180529", "correlationVector":"SVsqwni36Uu4L2E4zsACfJ.66","action":"GetUpdates", "result":"DeleteReceived", "context":{"id":"f77aa2a2-2f6a-40bc-ab45-620dcd6151a4", "isDeleted:":"true", "version":"1729325020235"}}
{"logTime": "1126/180529", "correlationVector":"SVsqwni36Uu4L2E4zsACfJ.67","action":"GetUpdates", "result":"DeleteReceived", "context":{"id":"22be9834-df75-4b4a-830c-0b48581bfb05", "isDeleted:":"true", "version":"1729369407797"}}
{"logTime": "1126/180529", "correlationVector":"SVsqwni36Uu4L2E4zsACfJ.68","action":"GetUpdates", "result":"DeleteReceived", "context":{"id":"e0388334-bb61-43f3-997e-b3fa0af3611a", "isDeleted:":"true", "version":"1729432566980"}}
{"logTime": "1126/180529", "correlationVector":"SVsqwni36Uu4L2E4zsACfJ.69","action":"GetUpdates", "result":"DeleteReceived", "context":{"id":"cc517933-dfaa-4ed2-9fd7-cd3cba139be1", "isDeleted:":"true", "version":"1729444442506"}}
{"logTime": "1126/180529", "correlationVector":"SVsqwni36Uu4L2E4zsACfJ.70","action":"GetUpdates", "result":"DeleteReceived", "context":{"id":"397048c1-c24e-4f07-a4f3-7a4fa4582503", "isDeleted:":"true", "version":"1729510482630"}}
{"logTime": "1126/180529", "correlationVector":"SVsqwni36Uu4L2E4zsACfJ.71","action":"GetUpdates", "result":"DeleteReceived", "context":{"id":"59e17324-97b9-4201-8c17-acf17368c113", "isDeleted:":"true", "version":"1729510482632"}}
{"logTime": "1126/180529", "correlationVector":"SVsqwni36Uu4L2E4zsACfJ.72","action":"GetUpdates", "result":"DeleteReceived", "context":{"id":"d8affce1-9570-4ddd-abf0-506485197477", "isDeleted:":"true", "version":"1729510673209"}}
{"logTime": "1126/180529", "correlationVector":"SVsqwni36Uu4L2E4zsACfJ.73","action":"GetUpdates", "result":"DeleteReceived", "context":{"id":"12289965-434d-4132-b835-5d9e1f9aab6d", "isDeleted:":"true", "version":"1729510693212"}}
{"logTime": "1126/180529", "correlationVector":"SVsqwni36Uu4L2E4zsACfJ.74","action":"GetUpdates", "result":"DeleteReceived", "context":{"id":"fff401f9-a074-4b00-b73d-70693725271c", "isDeleted:":"true", "version":"1729511002461"}}
{"logTime": "1126/180529", "correlationVector":"SVsqwni36Uu4L2E4zsACfJ.75","action":"GetUpdates", "result":"DeleteReceived", "context":{"id":"1bbe14e3-e684-46a9-964b-31fb4caac85f", "isDeleted:":"true", "version":"1729511002462"}}
{"logTime": "1126/180529", "correlationVector":"SVsqwni36Uu4L2E4zsACfJ.76","action":"GetUpdates", "result":"DeleteReceived", "context":{"id":"64b4b40a-3ea9-44f9-971a-8fb05fe18209", "isDeleted:":"true", "version":"1729511002463"}}
{"logTime": "1126/180529", "correlationVector":"SVsqwni36Uu4L2E4zsACfJ.77","action":"GetUpdates", "result":"DeleteReceived", "context":{"id":"de47bd66-f29d-468c-bf5e-fc38e870f29e", "isDeleted:":"true", "version":"1729511002465"}}
{"logTime": "1126/180529", "correlationVector":"SVsqwni36Uu4L2E4zsACfJ.78","action":"GetUpdates", "result":"DeleteReceived", "context":{"id":"0c9954f3-f7fa-4a08-9aaf-c3ae7071ec1b", "isDeleted:":"true", "version":"1729511002466"}}
{"logTime": "1126/180529", "correlationVector":"SVsqwni36Uu4L2E4zsACfJ.79","action":"GetUpdates", "result":"DeleteReceived", "context":{"id":"7235ef32-b519-4a7a-8576-d197fc4190df", "isDeleted:":"true", "version":"1729521225632"}}
{"logTime": "1126/180529", "correlationVector":"SVsqwni36Uu4L2E4zsACfJ.80","action":"GetUpdates", "result":"DeleteReceived", "context":{"id":"96cc0e36-9424-4b07-9ace-36525be60744", "isDeleted:":"true", "version":"1729521225634"}}
{"logTime": "1126/180529", "correlationVector":"SVsqwni36Uu4L2E4zsACfJ.81","action":"GetUpdates", "result":"DeleteReceived", "context":{"id":"4c634771-f896-4ed8-87c6-febff5e16cc0", "isDeleted:":"true", "version":"1729521225635"}}
{"logTime": "1126/180529", "correlationVector":"SVsqwni36Uu4L2E4zsACfJ.82","action":"GetUpdates", "result":"DeleteReceived", "context":{"id":"dd6bbc25-409d-4049-935a-2994e40b2cbb", "isDeleted:":"true", "version":"1729521329879"}}
{"logTime": "1126/180529", "correlationVector":"SVsqwni36Uu4L2E4zsACfJ.83","action":"GetUpdates", "result":"DeleteReceived", "context":{"id":"b9e6ceb1-8d57-4f39-94d4-dab2fa1a879c", "isDeleted:":"true", "version":"1729524194749"}}
{"logTime": "1126/180529", "correlationVector":"SVsqwni36Uu4L2E4zsACfJ.84","action":"GetUpdates", "result":"DeleteReceived", "context":{"id":"a84812bc-24ca-4c94-a40a-6f8c7815f021", "isDeleted:":"true", "version":"1729524194750"}}
{"logTime": "1126/180529", "correlationVector":"SVsqwni36Uu4L2E4zsACfJ.85","action":"GetUpdates", "result":"DeleteReceived", "context":{"id":"0756d981-c5e1-4111-9e09-50eb5525f41d", "isDeleted:":"true", "version":"1729626451027"}}
{"logTime": "1126/180529", "correlationVector":"SVsqwni36Uu4L2E4zsACfJ.86","action":"GetUpdates", "result":"DeleteReceived", "context":{"id":"73693daa-33fc-4d12-b518-701202f1a339", "isDeleted:":"true", "version":"1729668612910"}}
{"logTime": "1126/180529", "correlationVector":"SVsqwni36Uu4L2E4zsACfJ.87","action":"GetUpdates", "result":"DeleteReceived", "context":{"id":"1ad699f8-3452-4de6-b8ae-cd85b03a2148", "isDeleted:":"true", "version":"1729668963387"}}
{"logTime": "1126/180529", "correlationVector":"SVsqwni36Uu4L2E4zsACfJ.88","action":"GetUpdates", "result":"DeleteReceived", "context":{"id":"f1b9011b-a5b2-44b2-bef6-6e6c4f9beabd", "isDeleted:":"true", "version":"1729677653766"}}
{"logTime": "1126/180529", "correlationVector":"SVsqwni36Uu4L2E4zsACfJ.89","action":"GetUpdates", "result":"DeleteReceived", "context":{"id":"edaeb01d-9057-4c46-be72-68854b1a3042", "isDeleted:":"true", "version":"1729677727843"}}
{"logTime": "1126/180529", "correlationVector":"SVsqwni36Uu4L2E4zsACfJ.90","action":"GetUpdates", "result":"DeleteReceived", "context":{"id":"123c6407-90a5-44c0-81c7-29695acaaff3", "isDeleted:":"true", "version":"1729711957667"}}
{"logTime": "1126/180529", "correlationVector":"SVsqwni36Uu4L2E4zsACfJ.91","action":"GetUpdates", "result":"DeleteReceived", "context":{"id":"203e27e6-c4de-452a-8a65-580f38ab1a10", "isDeleted:":"true", "version":"1729711957669"}}
{"logTime": "1126/180529", "correlationVector":"SVsqwni36Uu4L2E4zsACfJ.92","action":"GetUpdates", "result":"DeleteReceived", "context":{"id":"605d8427-553e-454e-ab8d-09e64eff6688", "isDeleted:":"true", "version":"1729773629090"}}
{"logTime": "1126/180529", "correlationVector":"SVsqwni36Uu4L2E4zsACfJ.93","action":"GetUpdates", "result":"DeleteReceived", "context":{"id":"7fa67e8c-6091-4346-9be9-b6efc80e3629", "isDeleted:":"true", "version":"1729802023886"}}
{"logTime": "1126/180529", "correlationVector":"SVsqwni36Uu4L2E4zsACfJ.94","action":"GetUpdates", "result":"DeleteReceived", "context":{"id":"829a8d7e-6fa2-4bbd-8996-7aa85ff1f805", "isDeleted:":"true", "version":"1729802023888"}}
{"logTime": "1126/180529", "correlationVector":"SVsqwni36Uu4L2E4zsACfJ.95","action":"GetUpdates", "result":"DeleteReceived", "context":{"id":"3f34e69e-abf4-488f-8e2c-e59b3d649144", "isDeleted:":"true", "version":"1729834461435"}}
{"logTime": "1126/180529", "correlationVector":"SVsqwni36Uu4L2E4zsACfJ.96","action":"GetUpdates", "result":"DeleteReceived", "context":{"id":"960abb8f-d678-4e56-8f0b-025cdf6a64b9", "isDeleted:":"true", "version":"1729834734043"}}
{"logTime": "1126/180529", "correlationVector":"SVsqwni36Uu4L2E4zsACfJ.97","action":"GetUpdates", "result":"DeleteReceived", "context":{"id":"22caf7b3-366e-493d-bc44-f7d45cb4df59", "isDeleted:":"true", "version":"1729835528869"}}
{"logTime": "1126/180529", "correlationVector":"SVsqwni36Uu4L2E4zsACfJ.98","action":"GetUpdates", "result":"DeleteReceived", "context":{"id":"789aa014-8266-48b7-bd05-135a77449edc", "isDeleted:":"true", "version":"1729886211323"}}
{"logTime": "1126/180529", "correlationVector":"SVsqwni36Uu4L2E4zsACfJ.99","action":"GetUpdates", "result":"DeleteReceived", "context":{"id":"8cff2c27-5d06-4a84-b147-dcf35df1d05c", "isDeleted:":"true", "version":"1729887564201"}}
{"logTime": "1126/180529", "correlationVector":"SVsqwni36Uu4L2E4zsACfJ.100","action":"GetUpdates", "result":"DeleteReceived", "context":{"id":"426a5203-c062-4935-9d39-f29e010557f4", "isDeleted:":"true", "version":"1729887564203"}}
{"logTime": "1126/180529", "correlationVector":"SVsqwni36Uu4L2E4zsACfJ.101","action":"GetUpdates", "result":"DeleteReceived", "context":{"id":"67059480-dcdf-4f43-9c39-b2551a40cde6", "isDeleted:":"true", "version":"1729893049840"}}
{"logTime": "1126/180529", "correlationVector":"SVsqwni36Uu4L2E4zsACfJ.102","action":"GetUpdates", "result":"DeleteReceived", "context":{"id":"a8dd3fcc-d029-4a83-a611-0b41fb254c24", "isDeleted:":"true", "version":"1729977274825"}}
{"logTime": "1126/180529", "correlationVector":"SVsqwni36Uu4L2E4zsACfJ.103","action":"GetUpdates", "result":"DeleteReceived", "context":{"id":"a72a9103-3246-4a45-8fc8-08caa79a2d39", "isDeleted:":"true", "version":"1729977442849"}}
{"logTime": "1126/180529", "correlationVector":"SVsqwni36Uu4L2E4zsACfJ.104","action":"GetUpdates", "result":"DeleteReceived", "context":{"id":"2b9f04a9-c7bd-4f92-8275-0e70d47ea197", "isDeleted:":"true", "version":"1729977471762"}}
{"logTime": "1126/180529", "correlationVector":"SVsqwni36Uu4L2E4zsACfJ.105","action":"GetUpdates", "result":"DeleteReceived", "context":{"id":"bb7ab95c-fa92-497b-9d64-0cdd1f45173b", "isDeleted:":"true", "version":"1730025533553"}}
{"logTime": "1126/180529", "correlationVector":"SVsqwni36Uu4L2E4zsACfJ.106","action":"GetUpdates", "result":"DeleteReceived", "context":{"id":"7c78a7e3-5a37-44b2-ae03-3469a15e91e0", "isDeleted:":"true", "version":"1730051133922"}}
{"logTime": "1126/180529", "correlationVector":"SVsqwni36Uu4L2E4zsACfJ.107","action":"GetUpdates", "result":"DeleteReceived", "context":{"id":"038d5ed1-f2ef-499d-a9f4-381bc8a840aa", "isDeleted:":"true", "version":"1730051133923"}}
{"logTime": "1126/180529", "correlationVector":"SVsqwni36Uu4L2E4zsACfJ.108","action":"GetUpdates", "result":"DeleteReceived", "context":{"id":"a571207a-f2a4-48f8-923d-1507a941ad2e", "isDeleted:":"true", "version":"1730052252286"}}
{"logTime": "1126/180529", "correlationVector":"SVsqwni36Uu4L2E4zsACfJ.109","action":"GetUpdates", "result":"DeleteReceived", "context":{"id":"696ed7cd-8b3a-4e6b-b496-3a451500ae87", "isDeleted:":"true", "version":"1730052498250"}}
{"logTime": "1126/180529", "correlationVector":"SVsqwni36Uu4L2E4zsACfJ.110","action":"GetUpdates", "result":"DeleteReceived", "context":{"id":"ae70cdb4-4c18-4410-8b6e-694f3540a9e0", "isDeleted:":"true", "version":"1730056534494"}}
{"logTime": "1126/180529", "correlationVector":"SVsqwni36Uu4L2E4zsACfJ.111","action":"GetUpdates", "result":"DeleteReceived", "context":{"id":"6e2117b6-0a2f-4ada-b58d-955ddc129f87", "isDeleted:":"true", "version":"1730056630996"}}
{"logTime": "1126/180529", "correlationVector":"SVsqwni36Uu4L2E4zsACfJ.112","action":"GetUpdates", "result":"DeleteReceived", "context":{"id":"9efee73c-58af-4865-af21-3643518a1519", "isDeleted:":"true", "version":"1730057277759"}}
{"logTime": "1126/180529", "correlationVector":"SVsqwni36Uu4L2E4zsACfJ.113","action":"GetUpdates", "result":"DeleteReceived", "context":{"id":"749646a4-ec1e-42f4-a2e1-1251741406f1", "isDeleted:":"true", "version":"1730057277760"}}
{"logTime": "1126/180529", "correlationVector":"SVsqwni36Uu4L2E4zsACfJ.114","action":"GetUpdates", "result":"DeleteReceived", "context":{"id":"4bcf1019-8e91-4546-93e6-a30e81bb7149", "isDeleted:":"true", "version":"1730057277761"}}
{"logTime": "1126/180529", "correlationVector":"SVsqwni36Uu4L2E4zsACfJ.115","action":"GetUpdates", "result":"DeleteReceived", "context":{"id":"01daf6f9-745c-4f85-9c6a-426ca8a52f3f", "isDeleted:":"true", "version":"1730057277762"}}
{"logTime": "1126/180529", "correlationVector":"SVsqwni36Uu4L2E4zsACfJ.116","action":"GetUpdates", "result":"DeleteReceived", "context":{"id":"fb1c9265-d386-46e0-8216-2adfa1cf1fe4", "isDeleted:":"true", "version":"1730057277763"}}
{"logTime": "1126/180529", "correlationVector":"SVsqwni36Uu4L2E4zsACfJ.117","action":"GetUpdates", "result":"DeleteReceived", "context":{"id":"0d8380da-1963-468b-b83a-88396a549cc5", "isDeleted:":"true", "version":"1730057277764"}}
{"logTime": "1126/180529", "correlationVector":"SVsqwni36Uu4L2E4zsACfJ.118","action":"GetUpdates", "result":"DeleteReceived", "context":{"id":"774851fc-fb88-4a76-851d-6a6fdb98d00e", "isDeleted:":"true", "version":"1730057277765"}}
{"logTime": "1126/180529", "correlationVector":"SVsqwni36Uu4L2E4zsACfJ.119","action":"GetUpdates", "result":"DeleteReceived", "context":{"id":"72684f96-1f62-485e-98e5-2a40f7dabd0e", "isDeleted:":"true", "version":"1730057700884"}}
{"logTime": "1126/180529", "correlationVector":"SVsqwni36Uu4L2E4zsACfJ.120","action":"GetUpdates", "result":"DeleteReceived", "context":{"id":"59c0e669-a63d-41e8-a59c-93a3fcfc24c4", "isDeleted:":"true", "version":"1730057700885"}}
{"logTime": "1126/180529", "correlationVector":"SVsqwni36Uu4L2E4zsACfJ.121","action":"GetUpdates", "result":"DeleteReceived", "context":{"id":"3d41ff67-c785-406b-81b5-7b221adf5f4b", "isDeleted:":"true", "version":"1730057700886"}}
{"logTime": "1126/180529", "correlationVector":"SVsqwni36Uu4L2E4zsACfJ.122","action":"GetUpdates", "result":"DeleteReceived", "context":{"id":"02b1b623-cc49-4278-a2da-f3e5621cfe41", "isDeleted:":"true", "version":"1730058424103"}}
{"logTime": "1126/180529", "correlationVector":"SVsqwni36Uu4L2E4zsACfJ.123","action":"GetUpdates", "result":"DeleteReceived", "context":{"id":"2b41adaa-346d-40d9-a8b6-b7a410bbf559", "isDeleted:":"true", "version":"1730058876213"}}
{"logTime": "1126/180529", "correlationVector":"SVsqwni36Uu4L2E4zsACfJ.124","action":"GetUpdates", "result":"DeleteReceived", "context":{"id":"19f22f57-9f92-4d22-ad51-9d31853019a6", "isDeleted:":"true", "version":"1730059206628"}}
{"logTime": "1126/180529", "correlationVector":"SVsqwni36Uu4L2E4zsACfJ.125","action":"GetUpdates", "result":"DeleteReceived", "context":{"id":"dbb3530d-4592-4177-915b-f9b1a100d587", "isDeleted:":"true", "version":"1730059206629"}}
{"logTime": "1126/180529", "correlationVector":"SVsqwni36Uu4L2E4zsACfJ.126","action":"GetUpdates", "result":"DeleteReceived", "context":{"id":"3b3fcdf7-f733-450f-9877-3690df832725", "isDeleted:":"true", "version":"1730059206630"}}
{"logTime": "1126/180529", "correlationVector":"SVsqwni36Uu4L2E4zsACfJ.127","action":"GetUpdates", "result":"DeleteReceived", "context":{"id":"d5c5b76d-716f-4db7-9d41-3556f8c7db9a", "isDeleted:":"true", "version":"1730059206631"}}
{"logTime": "1126/180529", "correlationVector":"SVsqwni36Uu4L2E4zsACfJ.128","action":"GetUpdates", "result":"DeleteReceived", "context":{"id":"41760a1f-c188-4ed9-94ba-0c57824bfb1a", "isDeleted:":"true", "version":"1730059206632"}}
{"logTime": "1126/180529", "correlationVector":"SVsqwni36Uu4L2E4zsACfJ.129","action":"GetUpdates", "result":"DeleteReceived", "context":{"id":"121ce822-7b54-4117-8314-7c3f6b9c9723", "isDeleted:":"true", "version":"1730063026301"}}
{"logTime": "1126/180529", "correlationVector":"SVsqwni36Uu4L2E4zsACfJ.130","action":"GetUpdates", "result":"DeleteReceived", "context":{"id":"d3e91798-5667-4b5b-9fef-daa490f6e209", "isDeleted:":"true", "version":"1730063026302"}}
{"logTime": "1126/180529", "correlationVector":"SVsqwni36Uu4L2E4zsACfJ.131","action":"GetUpdates", "result":"DeleteReceived", "context":{"id":"e3b4bdf7-a1c4-4f9f-a5de-5b34cc176719", "isDeleted:":"true", "version":"1730063026303"}}
{"logTime": "1126/180529", "correlationVector":"SVsqwni36Uu4L2E4zsACfJ.132","action":"GetUpdates", "result":"DeleteReceived", "context":{"id":"506d53ca-7461-4278-ae92-a326fe02e554", "isDeleted:":"true", "version":"1730063026304"}}
{"logTime": "1126/180529", "correlationVector":"SVsqwni36Uu4L2E4zsACfJ.133","action":"GetUpdates", "result":"DeleteReceived", "context":{"id":"9184dbcf-c688-4fee-921f-7f4a23950afc", "isDeleted:":"true", "version":"1730063026305"}}
{"logTime": "1126/180529", "correlationVector":"SVsqwni36Uu4L2E4zsACfJ.134","action":"GetUpdates", "result":"DeleteReceived", "context":{"id":"29c6c0f6-142f-4f3e-b7c3-f212c7d3dad4", "isDeleted:":"true", "version":"1730063026306"}}
{"logTime": "1126/180529", "correlationVector":"SVsqwni36Uu4L2E4zsACfJ.135","action":"GetUpdates", "result":"DeleteReceived", "context":{"id":"35414f19-c6c7-4571-8ba3-420d2ab3279f", "isDeleted:":"true", "version":"1730063026307"}}
{"logTime": "1126/180529", "correlationVector":"SVsqwni36Uu4L2E4zsACfJ.136","action":"GetUpdates", "result":"DeleteReceived", "context":{"id":"e844370f-0187-467b-b2f3-0249d576ea50", "isDeleted:":"true", "version":"1730063026308"}}
{"logTime": "1126/180529", "correlationVector":"SVsqwni36Uu4L2E4zsACfJ.137","action":"GetUpdates", "result":"DeleteReceived", "context":{"id":"0e6f802a-4934-47b7-81a9-d7109ca2467f", "isDeleted:":"true", "version":"1730063026309"}}
{"logTime": "1126/180529", "correlationVector":"SVsqwni36Uu4L2E4zsACfJ.138","action":"GetUpdates", "result":"DeleteReceived", "context":{"id":"9672aecc-cef4-4806-89b9-f1bf295e96db", "isDeleted:":"true", "version":"1730063026311"}}
{"logTime": "1126/180529", "correlationVector":"SVsqwni36Uu4L2E4zsACfJ.139","action":"GetUpdates", "result":"DeleteReceived", "context":{"id":"d99a2528-4d54-4a69-9454-8613ff8c15af", "isDeleted:":"true", "version":"1730063026312"}}
{"logTime": "1126/180529", "correlationVector":"SVsqwni36Uu4L2E4zsACfJ.140","action":"GetUpdates", "result":"DeleteReceived", "context":{"id":"a96fb11c-5e51-43ec-8581-b31e51b86539", "isDeleted:":"true", "version":"1730063026314"}}
{"logTime": "1126/180529", "correlationVector":"SVsqwni36Uu4L2E4zsACfJ.141","action":"GetUpdates", "result":"DeleteReceived", "context":{"id":"5c1e377d-4669-4db3-a52e-af3ccd975c15", "isDeleted:":"true", "version":"1730063756492"}}
{"logTime": "1126/180529", "correlationVector":"SVsqwni36Uu4L2E4zsACfJ.142","action":"GetUpdates", "result":"DeleteReceived", "context":{"id":"a236e935-f4c4-4fcd-a8a1-84cf2aac335c", "isDeleted:":"true", "version":"1730063756493"}}
{"logTime": "1126/180529", "correlationVector":"SVsqwni36Uu4L2E4zsACfJ.143","action":"GetUpdates", "result":"DeleteReceived", "context":{"id":"bafaf897-9d6d-4f94-afba-467826054687", "isDeleted:":"true", "version":"1730063756494"}}
{"logTime": "1126/180529", "correlationVector":"SVsqwni36Uu4L2E4zsACfJ.144","action":"GetUpdates", "result":"DeleteReceived", "context":{"id":"777aa080-3bb8-4caf-88fe-0750d2f9c668", "isDeleted:":"true", "version":"1730107955725"}}
{"logTime": "1126/180529", "correlationVector":"SVsqwni36Uu4L2E4zsACfJ.145","action":"GetUpdates", "result":"DeleteReceived", "context":{"id":"6cabf0a4-7cda-4720-b3e3-d82aca9acc36", "isDeleted:":"true", "version":"1730113719333"}}
{"logTime": "1126/180529", "correlationVector":"SVsqwni36Uu4L2E4zsACfJ.146","action":"GetUpdates", "result":"DeleteReceived", "context":{"id":"27756258-464a-417a-8a40-ea21aa545d43", "isDeleted:":"true", "version":"1730116617698"}}
{"logTime": "1126/180529", "correlationVector":"SVsqwni36Uu4L2E4zsACfJ.147","action":"GetUpdates", "result":"DeleteReceived", "context":{"id":"27786db0-a807-4a0c-9aa2-57a0ddb089be", "isDeleted:":"true", "version":"1730117181255"}}
{"logTime": "1126/180529", "correlationVector":"SVsqwni36Uu4L2E4zsACfJ.148","action":"GetUpdates", "result":"DeleteReceived", "context":{"id":"edae61f2-aa79-4ccd-be33-c6a4513c7d04", "isDeleted:":"true", "version":"1730136756384"}}
{"logTime": "1126/180529", "correlationVector":"SVsqwni36Uu4L2E4zsACfJ.149","action":"GetUpdates", "result":"DeleteReceived", "context":{"id":"b26a5d5c-a4ba-4f1d-bcff-4eaf984fbc17", "isDeleted:":"true", "version":"1730152069400"}}
{"logTime": "1126/180529", "correlationVector":"SVsqwni36Uu4L2E4zsACfJ.150","action":"GetUpdates", "result":"DeleteReceived", "context":{"id":"69d35021-8fac-4834-a403-ad182908bb5a", "isDeleted:":"true", "version":"1730192401295"}}
{"logTime": "1126/180529", "correlationVector":"SVsqwni36Uu4L2E4zsACfJ.151","action":"GetUpdates", "result":"DeleteReceived", "context":{"id":"c9ce956e-eed9-4777-9991-539886936550", "isDeleted:":"true", "version":"1730193396400"}}
{"logTime": "1126/180529", "correlationVector":"SVsqwni36Uu4L2E4zsACfJ.152","action":"GetUpdates", "result":"DeleteReceived", "context":{"id":"4b6fc688-4f6a-4c63-b3e3-0c80d350eb7e", "isDeleted:":"true", "version":"1730273695656"}}
{"logTime": "1126/180529", "correlationVector":"SVsqwni36Uu4L2E4zsACfJ.153","action":"GetUpdates", "result":"DeleteReceived", "context":{"id":"574fb580-411f-4f90-aa71-78bf19395f2f", "isDeleted:":"true", "version":"1730282388998"}}
{"logTime": "1126/180529", "correlationVector":"SVsqwni36Uu4L2E4zsACfJ.154","action":"GetUpdates", "result":"DeleteReceived", "context":{"id":"d262deba-0187-4e09-933b-5462711d4a85", "isDeleted:":"true", "version":"1730322414331"}}
{"logTime": "1126/180529", "correlationVector":"SVsqwni36Uu4L2E4zsACfJ.155","action":"GetUpdates", "result":"DeleteReceived", "context":{"id":"aa1eff61-627e-4107-bca9-63dd256506fc", "isDeleted:":"true", "version":"1730322414333"}}
{"logTime": "1126/180529", "correlationVector":"SVsqwni36Uu4L2E4zsACfJ.156","action":"GetUpdates", "result":"DeleteReceived", "context":{"id":"fb32bab6-b366-4453-8aed-a60376d8490f", "isDeleted:":"true", "version":"1730395117135"}}
{"logTime": "1126/180529", "correlationVector":"SVsqwni36Uu4L2E4zsACfJ.157","action":"GetUpdates", "result":"DeleteReceived", "context":{"id":"56062f44-3347-4141-aaad-8ef52c494cc4", "isDeleted:":"true", "version":"1730395692225"}}
{"logTime": "1126/180529", "correlationVector":"SVsqwni36Uu4L2E4zsACfJ.158","action":"GetUpdates", "result":"DeleteReceived", "context":{"id":"da2f319d-950b-44f0-831b-58b7400af0ae", "isDeleted:":"true", "version":"1730411724810"}}
{"logTime": "1126/180529", "correlationVector":"SVsqwni36Uu4L2E4zsACfJ.159","action":"GetUpdates", "result":"DeleteReceived", "context":{"id":"d71aa9df-61ea-4630-bcec-335599832904", "isDeleted:":"true", "version":"1730438755365"}}
{"logTime": "1126/180529", "correlationVector":"SVsqwni36Uu4L2E4zsACfJ.160","action":"GetUpdates", "result":"DeleteReceived", "context":{"id":"70ff62a6-b9ad-4b20-bb20-7750ab84f2e0", "isDeleted:":"true", "version":"1730440216439"}}
{"logTime": "1126/180529", "correlationVector":"SVsqwni36Uu4L2E4zsACfJ.161","action":"GetUpdates", "result":"DeleteReceived", "context":{"id":"32706d22-b579-41aa-b9ef-1a9eae0501d2", "isDeleted:":"true", "version":"1730448958999"}}
{"logTime": "1126/180529", "correlationVector":"SVsqwni36Uu4L2E4zsACfJ.162","action":"GetUpdates", "result":"DeleteReceived", "context":{"id":"7a1042f1-dbc4-43e9-8f97-7e8caea7aa9c", "isDeleted:":"true", "version":"1730449337907"}}
{"logTime": "1126/180529", "correlationVector":"SVsqwni36Uu4L2E4zsACfJ.163","action":"GetUpdates", "result":"DeleteReceived", "context":{"id":"418c6c07-4c22-4f6f-bdb0-7cacb0124b11", "isDeleted:":"true", "version":"1730454955137"}}
{"logTime": "1126/180529", "correlationVector":"SVsqwni36Uu4L2E4zsACfJ.164","action":"GetUpdates", "result":"DeleteReceived", "context":{"id":"f470634c-6814-46d4-b838-a00792473b91", "isDeleted:":"true", "version":"1730488161825"}}
{"logTime": "1126/180529", "correlationVector":"SVsqwni36Uu4L2E4zsACfJ.165","action":"GetUpdates", "result":"DeleteReceived", "context":{"id":"26a64ee9-7aaa-4bc4-8681-ecfab5550a16", "isDeleted:":"true", "version":"1730488832871"}}
{"logTime": "1126/180529", "correlationVector":"SVsqwni36Uu4L2E4zsACfJ.166","action":"GetUpdates", "result":"DeleteReceived", "context":{"id":"5fbce26c-5f7d-48a8-98a2-91182d93a524", "isDeleted:":"true", "version":"1730494029828"}}
{"logTime": "1126/180529", "correlationVector":"SVsqwni36Uu4L2E4zsACfJ.167","action":"GetUpdates", "result":"DeleteReceived", "context":{"id":"02b8ce55-d646-4435-8b64-40dec6055624", "isDeleted:":"true", "version":"1730494029830"}}
{"logTime": "1126/180529", "correlationVector":"SVsqwni36Uu4L2E4zsACfJ.168","action":"GetUpdates", "result":"DeleteReceived", "context":{"id":"1fb076f2-5eda-47ec-85bf-67b89ec88851", "isDeleted:":"true", "version":"1730576915156"}}
{"logTime": "1126/180529", "correlationVector":"SVsqwni36Uu4L2E4zsACfJ.169","action":"GetUpdates", "result":"DeleteReceived", "context":{"id":"bb4bdf77-d6c5-4e37-923e-29bb9afa7744", "isDeleted:":"true", "version":"1730577541426"}}
{"logTime": "1126/180529", "correlationVector":"SVsqwni36Uu4L2E4zsACfJ.170","action":"GetUpdates", "result":"DeleteReceived", "context":{"id":"ad69b894-2308-4a78-80f7-448611541b39", "isDeleted:":"true", "version":"1730577541428"}}
{"logTime": "1126/180529", "correlationVector":"SVsqwni36Uu4L2E4zsACfJ.171","action":"GetUpdates", "result":"DeleteReceived", "context":{"id":"450817ed-a209-4839-a671-e9f6f3039253", "isDeleted:":"true", "version":"1730577541429"}}
{"logTime": "1126/180529", "correlationVector":"SVsqwni36Uu4L2E4zsACfJ.172","action":"GetUpdates", "result":"DeleteReceived", "context":{"id":"ab6cdb99-825d-4a49-b2be-fd5a3925c382", "isDeleted:":"true", "version":"1730638195725"}}
{"logTime": "1126/180529", "correlationVector":"SVsqwni36Uu4L2E4zsACfJ.173","action":"GetUpdates", "result":"DeleteReceived", "context":{"id":"06669ff3-24c1-41fd-bc20-6b06a0e1cce8", "isDeleted:":"true", "version":"1730638376159"}}
{"logTime": "1126/180529", "correlationVector":"SVsqwni36Uu4L2E4zsACfJ.174","action":"GetUpdates", "result":"DeleteReceived", "context":{"id":"300fef1c-656c-4b99-9e81-e84deb2a9897", "isDeleted:":"true", "version":"1730639220624"}}
{"logTime": "1126/180529", "correlationVector":"SVsqwni36Uu4L2E4zsACfJ.175","action":"GetUpdates", "result":"DeleteReceived", "context":{"id":"25179de1-14eb-40a9-aa46-99228d1eef75", "isDeleted:":"true", "version":"1730641399550"}}
{"logTime": "1126/180529", "correlationVector":"SVsqwni36Uu4L2E4zsACfJ.176","action":"GetUpdates", "result":"DeleteReceived", "context":{"id":"60b855e8-5d0d-49bd-b643-e0aac13f4f2b", "isDeleted:":"true", "version":"1730641556331"}}
{"logTime": "1126/180529", "correlationVector":"SVsqwni36Uu4L2E4zsACfJ.177","action":"GetUpdates", "result":"DeleteReceived", "context":{"id":"2b804b9e-7bbc-44b9-88d2-89dcc27ef0e5", "isDeleted:":"true", "version":"1730642026066"}}
{"logTime": "1126/180529", "correlationVector":"SVsqwni36Uu4L2E4zsACfJ.178","action":"GetUpdates", "result":"DeleteReceived", "context":{"id":"b1bdc7ec-8b82-4133-a964-da346d2ed208", "isDeleted:":"true", "version":"1730644044573"}}
{"logTime": "1126/180529", "correlationVector":"SVsqwni36Uu4L2E4zsACfJ.179","action":"GetUpdates", "result":"DeleteReceived", "context":{"id":"2f42bf11-91bf-4bd3-b4fa-66e442eedb14", "isDeleted:":"true", "version":"1730644044575"}}
{"logTime": "1126/180529", "correlationVector":"SVsqwni36Uu4L2E4zsACfJ.180","action":"GetUpdates", "result":"DeleteReceived", "context":{"id":"4364d8c3-55b0-4ec8-b71b-8a3f92d79565", "isDeleted:":"true", "version":"1730644044576"}}
{"logTime": "1126/180529", "correlationVector":"SVsqwni36Uu4L2E4zsACfJ.181","action":"GetUpdates", "result":"DeleteReceived", "context":{"id":"69ad7fdc-6e8f-4dc5-96a0-cf1b8c30f0b4", "isDeleted:":"true", "version":"1730648073587"}}
{"logTime": "1126/180529", "correlationVector":"SVsqwni36Uu4L2E4zsACfJ.182","action":"GetUpdates", "result":"DeleteReceived", "context":{"id":"1673fcd5-1efb-4357-a302-8f366a76e1c6", "isDeleted:":"true", "version":"1730648642278"}}
{"logTime": "1126/180529", "correlationVector":"SVsqwni36Uu4L2E4zsACfJ.183","action":"GetUpdates", "result":"DeleteReceived", "context":{"id":"554b62f4-7940-4d5d-8ad6-cde177287084", "isDeleted:":"true", "version":"1730649530052"}}
{"logTime": "1126/180529", "correlationVector":"SVsqwni36Uu4L2E4zsACfJ.184","action":"GetUpdates", "result":"DeleteReceived", "context":{"id":"8a2a9146-7780-43ed-80d5-c1746b0fd8ce", "isDeleted:":"true", "version":"1730650161415"}}
{"logTime": "1126/180529", "correlationVector":"SVsqwni36Uu4L2E4zsACfJ.185","action":"GetUpdates", "result":"DeleteReceived", "context":{"id":"d38c898c-5022-4db7-b8cf-fd894fa5a87b", "isDeleted:":"true", "version":"1730650161416"}}
{"logTime": "1126/180529", "correlationVector":"SVsqwni36Uu4L2E4zsACfJ.186","action":"GetUpdates", "result":"DeleteReceived", "context":{"id":"298ae748-8c9b-417a-81dc-75195446da10", "isDeleted:":"true", "version":"1730658636398"}}
{"logTime": "1126/180529", "correlationVector":"SVsqwni36Uu4L2E4zsACfJ.187","action":"GetUpdates", "result":"DeleteReceived", "context":{"id":"5912d181-c58d-4c6b-abcb-b4def8d1580f", "isDeleted:":"true", "version":"1730660429346"}}
{"logTime": "1126/180529", "correlationVector":"SVsqwni36Uu4L2E4zsACfJ.188","action":"GetUpdates", "result":"DeleteReceived", "context":{"id":"aceaa5c2-d966-40d4-a8e3-fa8dac7b3d31", "isDeleted:":"true", "version":"1730721049696"}}
{"logTime": "1126/180529", "correlationVector":"SVsqwni36Uu4L2E4zsACfJ.189","action":"GetUpdates", "result":"DeleteReceived", "context":{"id":"64ae85ff-b40a-4ed4-92ca-584f6432249f", "isDeleted:":"true", "version":"1730721049697"}}
{"logTime": "1126/180529", "correlationVector":"SVsqwni36Uu4L2E4zsACfJ.190","action":"GetUpdates", "result":"DeleteReceived", "context":{"id":"97f6e6fd-3df8-44c1-bf08-c8f58d513b31", "isDeleted:":"true", "version":"1730721049699"}}
{"logTime": "1126/180529", "correlationVector":"SVsqwni36Uu4L2E4zsACfJ.191","action":"GetUpdates", "result":"DeleteReceived", "context":{"id":"7f719c76-1b5f-4d10-bbd5-2a647f9a5a30", "isDeleted:":"true", "version":"1730721049700"}}
{"logTime": "1126/180529", "correlationVector":"SVsqwni36Uu4L2E4zsACfJ.192","action":"GetUpdates", "result":"DeleteReceived", "context":{"id":"2daa65eb-131c-4797-97af-73755b19b811", "isDeleted:":"true", "version":"1730721919406"}}
{"logTime": "1126/180529", "correlationVector":"SVsqwni36Uu4L2E4zsACfJ.193","action":"GetUpdates", "result":"DeleteReceived", "context":{"id":"1a6ea768-9472-4159-b770-33c8ebd3829d", "isDeleted:":"true", "version":"1730722498237"}}
{"logTime": "1126/180529", "correlationVector":"SVsqwni36Uu4L2E4zsACfJ.194","action":"GetUpdates", "result":"DeleteReceived", "context":{"id":"9df0bb4c-43d4-4d5c-beac-3b55e414eba2", "isDeleted:":"true", "version":"1730724935068"}}
{"logTime": "1126/180529", "correlationVector":"SVsqwni36Uu4L2E4zsACfJ.195","action":"GetUpdates", "result":"DeleteReceived", "context":{"id":"a2eda4a5-4e7f-411c-b45c-313e8e072640", "isDeleted:":"true", "version":"1730731625045"}}
{"logTime": "1126/180529", "correlationVector":"SVsqwni36Uu4L2E4zsACfJ.196","action":"GetUpdates", "result":"DeleteReceived", "context":{"id":"cc887bd3-55bb-4a2f-8e87-daa283df11ab", "isDeleted:":"true", "version":"1730731625046"}}
{"logTime": "1126/180529", "correlationVector":"SVsqwni36Uu4L2E4zsACfJ.197","action":"GetUpdates", "result":"DeleteReceived", "context":{"id":"9e435796-23e2-49d7-8a85-d683cfdf100d", "isDeleted:":"true", "version":"1730731625048"}}
{"logTime": "1126/180529", "correlationVector":"SVsqwni36Uu4L2E4zsACfJ.198","action":"GetUpdates", "result":"DeleteReceived", "context":{"id":"67a2e219-3b1c-4051-b722-f151e2f9ae15", "isDeleted:":"true", "version":"1730739810709"}}
{"logTime": "1126/180529", "correlationVector":"SVsqwni36Uu4L2E4zsACfJ.199","action":"GetUpdates", "result":"DeleteReceived", "context":{"id":"3b098039-aa2e-4807-8ee0-f44a598b3536", "isDeleted:":"true", "version":"1730743745312"}}
{"logTime": "1126/180529", "correlationVector":"SVsqwni36Uu4L2E4zsACfJ.200","action":"GetUpdates", "result":"DeleteReceived", "context":{"id":"a460cbee-73b2-4723-a581-6918688e069c", "isDeleted:":"true", "version":"1730743745317"}}
{"logTime": "1126/180529", "correlationVector":"SVsqwni36Uu4L2E4zsACfJ.201","action":"GetUpdates", "result":"DeleteReceived", "context":{"id":"a45eb47e-fd22-41e5-ae3c-af3e51c8326b", "isDeleted:":"true", "version":"1730743814628"}}
{"logTime": "1126/180529", "correlationVector":"SVsqwni36Uu4L2E4zsACfJ.202","action":"GetUpdates", "result":"DeleteReceived", "context":{"id":"ed2b8215-7f95-4109-8409-7b8b5d729020", "isDeleted:":"true", "version":"1730743814630"}}
{"logTime": "1126/180529", "correlationVector":"SVsqwni36Uu4L2E4zsACfJ.203","action":"GetUpdates", "result":"DeleteReceived", "context":{"id":"be7478da-e9d8-401b-a7d3-b8dc1a180446", "isDeleted:":"true", "version":"1730743814631"}}
{"logTime": "1126/180529", "correlationVector":"SVsqwni36Uu4L2E4zsACfJ.204","action":"GetUpdates", "result":"DeleteReceived", "context":{"id":"c26e65ff-2956-43c8-878f-ee0b83c1c475", "isDeleted:":"true", "version":"1730743897553"}}
{"logTime": "1126/180529", "correlationVector":"SVsqwni36Uu4L2E4zsACfJ.205","action":"GetUpdates", "result":"DeleteReceived", "context":{"id":"4ef46da1-fac0-48b4-99b5-894edc63525f", "isDeleted:":"true", "version":"1730744687392"}}
{"logTime": "1126/180529", "correlationVector":"SVsqwni36Uu4L2E4zsACfJ.206","action":"GetUpdates", "result":"DeleteReceived", "context":{"id":"606d7794-04ff-4b79-ad6d-517af6118c66", "isDeleted:":"true", "version":"1730744969336"}}
{"logTime": "1126/180529", "correlationVector":"SVsqwni36Uu4L2E4zsACfJ.207","action":"GetUpdates", "result":"DeleteReceived", "context":{"id":"8303bc35-1e8e-4ff0-ae98-b68cbe823b8a", "isDeleted:":"true", "version":"1730745479182"}}
{"logTime": "1126/180529", "correlationVector":"SVsqwni36Uu4L2E4zsACfJ.208","action":"GetUpdates", "result":"DeleteReceived", "context":{"id":"5c5f732d-de97-49f2-935b-5360a5906ee0", "isDeleted:":"true", "version":"1730745479184"}}
{"logTime": "1126/180529", "correlationVector":"SVsqwni36Uu4L2E4zsACfJ.209","action":"GetUpdates", "result":"DeleteReceived", "context":{"id":"2c04c83c-6d17-4600-a771-d15961769f6d", "isDeleted:":"true", "version":"1730745479186"}}
{"logTime": "1126/180529", "correlationVector":"SVsqwni36Uu4L2E4zsACfJ.210","action":"GetUpdates Response", "result":"Success", "context":Received 250 update(s). cV=SVsqwni36Uu4L2E4zsACfJ.0;server=GENERAL01000006;cloudType=Consumer;environment=Prod_WestEurope_000l;migrationStage=NotStarted Some updates remain.}
{"logTime": "1126/180529", "correlationVector":"O/8VdsFqcV8m5mJ/NjeWkF","action":"Initial GetUpdates", "result":"", "context":Reason: NEWLY_SUPPORTED_DATATYPE. cV=O/8VdsFqcV8m5mJ/NjeWkF}
{"logTime": "1126/180530", "correlationVector":"O/8VdsFqcV8m5mJ/NjeWkF.1","action":"SyncServerConnectionManagerRequest", "result":"SYNC_SERVER_OK", "context":{"environment":"Prod_WestEurope_000l", "migrationStage":"NotStarted", "server":"GENERAL01000016"}}
{"logTime": "1126/180530", "correlationVector":"O/8VdsFqcV8m5mJ/NjeWkF.2","action":"GetUpdates", "result":"DeleteReceived", "context":{"id":"2aba0434-0610-4cdc-802b-1ae1c0b9d754", "isDeleted:":"true", "version":"1730745479187"}}
{"logTime": "1126/180530", "correlationVector":"O/8VdsFqcV8m5mJ/NjeWkF.3","action":"GetUpdates", "result":"DeleteReceived", "context":{"id":"6a1fa99f-e31a-4e6d-b1f8-ed9aca17924b", "isDeleted:":"true", "version":"1730745479189"}}
{"logTime": "1126/180530", "correlationVector":"O/8VdsFqcV8m5mJ/NjeWkF.4","action":"GetUpdates", "result":"DeleteReceived", "context":{"id":"db5ac58e-3887-47dc-9a08-2d6f39367985", "isDeleted:":"true", "version":"1730745479191"}}
{"logTime": "1126/180530", "correlationVector":"O/8VdsFqcV8m5mJ/NjeWkF.5","action":"GetUpdates", "result":"DeleteReceived", "context":{"id":"e78bd194-53b7-47ea-bb1b-d0442f6432d5", "isDeleted:":"true", "version":"1730745479193"}}
{"logTime": "1126/180530", "correlationVector":"O/8VdsFqcV8m5mJ/NjeWkF.6","action":"GetUpdates", "result":"DeleteReceived", "context":{"id":"a824d35b-ff50-49b3-8f13-02cb725a1ade", "isDeleted:":"true", "version":"1730745479194"}}
{"logTime": "1126/180530", "correlationVector":"O/8VdsFqcV8m5mJ/NjeWkF.7","action":"GetUpdates", "result":"DeleteReceived", "context":{"id":"600bd028-848b-4d13-8de6-5cae55f472c2", "isDeleted:":"true", "version":"1730745513978"}}
{"logTime": "1126/180530", "correlationVector":"O/8VdsFqcV8m5mJ/NjeWkF.8","action":"GetUpdates", "result":"DeleteReceived", "context":{"id":"ab6d2973-4683-48b3-84bc-ca881fac3ebf", "isDeleted:":"true", "version":"1730745513979"}}
{"logTime": "1126/180530", "correlationVector":"O/8VdsFqcV8m5mJ/NjeWkF.9","action":"GetUpdates", "result":"DeleteReceived", "context":{"id":"f80c142f-9c60-4aef-883a-512b04999e20", "isDeleted:":"true", "version":"1730745513984"}}
{"logTime": "1126/180530", "correlationVector":"O/8VdsFqcV8m5mJ/NjeWkF.10","action":"GetUpdates", "result":"DeleteReceived", "context":{"id":"93fa7587-5409-4e13-8a80-14716c6c4947", "isDeleted:":"true", "version":"1730745513985"}}
{"logTime": "1126/180530", "correlationVector":"O/8VdsFqcV8m5mJ/NjeWkF.11","action":"GetUpdates", "result":"DeleteReceived", "context":{"id":"96640efc-6184-4883-a041-62bf917a3834", "isDeleted:":"true", "version":"1730755927909"}}
{"logTime": "1126/180530", "correlationVector":"O/8VdsFqcV8m5mJ/NjeWkF.12","action":"GetUpdates", "result":"DeleteReceived", "context":{"id":"596fd2cc-d565-4c1a-af3a-fbccd687cbd5", "isDeleted:":"true", "version":"1730755927910"}}
{"logTime": "1126/180530", "correlationVector":"O/8VdsFqcV8m5mJ/NjeWkF.13","action":"GetUpdates", "result":"DeleteReceived", "context":{"id":"1ae3f379-66ce-401a-a3a6-174d97655e19", "isDeleted:":"true", "version":"1730755927912"}}
{"logTime": "1126/180530", "correlationVector":"O/8VdsFqcV8m5mJ/NjeWkF.14","action":"GetUpdates", "result":"DeleteReceived", "context":{"id":"8970a49f-b350-4d0f-8612-a0c692a2596f", "isDeleted:":"true", "version":"1730755927913"}}
{"logTime": "1126/180530", "correlationVector":"O/8VdsFqcV8m5mJ/NjeWkF.15","action":"GetUpdates", "result":"DeleteReceived", "context":{"id":"04d6ebc2-ab08-41f8-88c5-ab07cd525703", "isDeleted:":"true", "version":"1730755993082"}}
{"logTime": "1126/180530", "correlationVector":"O/8VdsFqcV8m5mJ/NjeWkF.16","action":"GetUpdates", "result":"DeleteReceived", "context":{"id":"7eaee5dc-9644-4e01-8050-b2224c5633cc", "isDeleted:":"true", "version":"1730844173692"}}
{"logTime": "1126/180530", "correlationVector":"O/8VdsFqcV8m5mJ/NjeWkF.17","action":"GetUpdates", "result":"DeleteReceived", "context":{"id":"27cd5437-03d3-4a57-9b97-969011631906", "isDeleted:":"true", "version":"1730901209410"}}
{"logTime": "1126/180530", "correlationVector":"O/8VdsFqcV8m5mJ/NjeWkF.18","action":"GetUpdates", "result":"DeleteReceived", "context":{"id":"604940ea-0199-4af3-b386-ca76933d928f", "isDeleted:":"true", "version":"1730901209411"}}
{"logTime": "1126/180530", "correlationVector":"O/8VdsFqcV8m5mJ/NjeWkF.19","action":"GetUpdates", "result":"DeleteReceived", "context":{"id":"0c265756-38ef-48f3-b795-bc64595d944d", "isDeleted:":"true", "version":"1730901209412"}}
{"logTime": "1126/180530", "correlationVector":"O/8VdsFqcV8m5mJ/NjeWkF.20","action":"GetUpdates", "result":"DeleteReceived", "context":{"id":"c45767bb-5c3e-4cee-82f4-af887fc1938b", "isDeleted:":"true", "version":"1730901209413"}}
{"logTime": "1126/180530", "correlationVector":"O/8VdsFqcV8m5mJ/NjeWkF.21","action":"GetUpdates", "result":"DeleteReceived", "context":{"id":"ddcb3687-db4f-4822-8576-84b3f751fa3c", "isDeleted:":"true", "version":"1730901209414"}}
{"logTime": "1126/180530", "correlationVector":"O/8VdsFqcV8m5mJ/NjeWkF.22","action":"GetUpdates", "result":"DeleteReceived", "context":{"id":"b4847393-352d-4aef-9855-6f2744b8e581", "isDeleted:":"true", "version":"1730901209416"}}
{"logTime": "1126/180530", "correlationVector":"O/8VdsFqcV8m5mJ/NjeWkF.23","action":"GetUpdates", "result":"DeleteReceived", "context":{"id":"93b3e67f-a90e-498e-9c50-6e1cadbf7f4a", "isDeleted:":"true", "version":"1730901209417"}}
{"logTime": "1126/180530", "correlationVector":"O/8VdsFqcV8m5mJ/NjeWkF.24","action":"GetUpdates", "result":"DeleteReceived", "context":{"id":"0572a9ee-e625-4b1b-bc88-d8538c54e433", "isDeleted:":"true", "version":"1730901209418"}}
{"logTime": "1126/180530", "correlationVector":"O/8VdsFqcV8m5mJ/NjeWkF.25","action":"GetUpdates", "result":"DeleteReceived", "context":{"id":"e20b5733-b5bf-496b-ad0a-2c1609d54769", "isDeleted:":"true", "version":"1730901209419"}}
{"logTime": "1126/180530", "correlationVector":"O/8VdsFqcV8m5mJ/NjeWkF.26","action":"GetUpdates", "result":"DeleteReceived", "context":{"id":"35a1f9ab-0019-430b-8297-59fd89abf850", "isDeleted:":"true", "version":"1730906196856"}}
{"logTime": "1126/180530", "correlationVector":"O/8VdsFqcV8m5mJ/NjeWkF.27","action":"GetUpdates", "result":"DeleteReceived", "context":{"id":"6b39bf3d-1770-4559-a02d-68a2047455a4", "isDeleted:":"true", "version":"1730916135732"}}
{"logTime": "1126/180530", "correlationVector":"O/8VdsFqcV8m5mJ/NjeWkF.28","action":"GetUpdates", "result":"DeleteReceived", "context":{"id":"6cb0ff6a-6054-42b6-9043-ac651f184e19", "isDeleted:":"true", "version":"1730916168168"}}
{"logTime": "1126/180530", "correlationVector":"O/8VdsFqcV8m5mJ/NjeWkF.29","action":"GetUpdates", "result":"DeleteReceived", "context":{"id":"6dfaba89-dd06-4cee-8b97-9d2c12f98150", "isDeleted:":"true", "version":"1730919991796"}}
{"logTime": "1126/180530", "correlationVector":"O/8VdsFqcV8m5mJ/NjeWkF.30","action":"GetUpdates", "result":"DeleteReceived", "context":{"id":"29b38c0b-c7f8-460e-a8b4-af0bbbab3236", "isDeleted:":"true", "version":"1730919991797"}}
{"logTime": "1126/180530", "correlationVector":"O/8VdsFqcV8m5mJ/NjeWkF.31","action":"GetUpdates", "result":"DeleteReceived", "context":{"id":"6a9888cc-a2c0-47bd-886c-dd795d6bbd53", "isDeleted:":"true", "version":"1730919991798"}}
{"logTime": "1126/180530", "correlationVector":"O/8VdsFqcV8m5mJ/NjeWkF.32","action":"GetUpdates", "result":"DeleteReceived", "context":{"id":"e49644f6-c7f0-4346-8c80-9962130276d8", "isDeleted:":"true", "version":"1730919991799"}}
{"logTime": "1126/180530", "correlationVector":"O/8VdsFqcV8m5mJ/NjeWkF.33","action":"GetUpdates", "result":"DeleteReceived", "context":{"id":"c1953437-b3b2-4722-ba13-e79ce5c8a433", "isDeleted:":"true", "version":"1730919991800"}}
{"logTime": "1126/180530", "correlationVector":"O/8VdsFqcV8m5mJ/NjeWkF.34","action":"GetUpdates", "result":"DeleteReceived", "context":{"id":"2b70e5a6-a9dc-4844-81d6-8b1cf3c2e791", "isDeleted:":"true", "version":"1730919991801"}}
{"logTime": "1126/180530", "correlationVector":"O/8VdsFqcV8m5mJ/NjeWkF.35","action":"GetUpdates", "result":"DeleteReceived", "context":{"id":"b3ab07a6-3a98-40e0-ac70-f492c11b487d", "isDeleted:":"true", "version":"1730919991803"}}
{"logTime": "1126/180530", "correlationVector":"O/8VdsFqcV8m5mJ/NjeWkF.36","action":"GetUpdates", "result":"DeleteReceived", "context":{"id":"540fb240-8889-4d10-a877-64eaddb94538", "isDeleted:":"true", "version":"1730919991804"}}
{"logTime": "1126/180530", "correlationVector":"O/8VdsFqcV8m5mJ/NjeWkF.37","action":"GetUpdates", "result":"DeleteReceived", "context":{"id":"cce6cc03-bc4a-4864-9007-e95e2ccccf90", "isDeleted:":"true", "version":"1730920026247"}}
{"logTime": "1126/180530", "correlationVector":"O/8VdsFqcV8m5mJ/NjeWkF.38","action":"GetUpdates", "result":"DeleteReceived", "context":{"id":"df8f703a-c1fc-44a4-96f9-a7fc0da6f10b", "isDeleted:":"true", "version":"1730925423286"}}
{"logTime": "1126/180530", "correlationVector":"O/8VdsFqcV8m5mJ/NjeWkF.39","action":"GetUpdates", "result":"DeleteReceived", "context":{"id":"bc6a53d7-1464-41e3-ab48-338d04ea47e1", "isDeleted:":"true", "version":"1730925423288"}}
{"logTime": "1126/180530", "correlationVector":"O/8VdsFqcV8m5mJ/NjeWkF.40","action":"GetUpdates", "result":"DeleteReceived", "context":{"id":"55926d7a-7efe-41c3-9240-e3e2602c219c", "isDeleted:":"true", "version":"1730965006159"}}
{"logTime": "1126/180530", "correlationVector":"O/8VdsFqcV8m5mJ/NjeWkF.41","action":"GetUpdates", "result":"DeleteReceived", "context":{"id":"f86f72da-b282-4833-be1c-7160efe10628", "isDeleted:":"true", "version":"1730965006162"}}
{"logTime": "1126/180530", "correlationVector":"O/8VdsFqcV8m5mJ/NjeWkF.42","action":"GetUpdates", "result":"DeleteReceived", "context":{"id":"e2c3f4ea-9df3-44fc-ac53-2177893e69d4", "isDeleted:":"true", "version":"1730965115034"}}
{"logTime": "1126/180530", "correlationVector":"O/8VdsFqcV8m5mJ/NjeWkF.43","action":"GetUpdates", "result":"DeleteReceived", "context":{"id":"4ca4d624-30cc-40e3-a099-2b6ed1f90b69", "isDeleted:":"true", "version":"1730966260158"}}
{"logTime": "1126/180530", "correlationVector":"O/8VdsFqcV8m5mJ/NjeWkF.44","action":"GetUpdates", "result":"DeleteReceived", "context":{"id":"8483975f-3cbc-4aa5-93b5-6d895ccdd470", "isDeleted:":"true", "version":"1730989616832"}}
{"logTime": "1126/180530", "correlationVector":"O/8VdsFqcV8m5mJ/NjeWkF.45","action":"GetUpdates", "result":"DeleteReceived", "context":{"id":"8f97cd61-c97a-4438-823e-c05f4492ae19", "isDeleted:":"true", "version":"1730989616833"}}
{"logTime": "1126/180530", "correlationVector":"O/8VdsFqcV8m5mJ/NjeWkF.46","action":"GetUpdates", "result":"DeleteReceived", "context":{"id":"fb923af3-f948-4436-ac55-e1ea034c6fae", "isDeleted:":"true", "version":"1730990136178"}}
{"logTime": "1126/180530", "correlationVector":"O/8VdsFqcV8m5mJ/NjeWkF.47","action":"GetUpdates", "result":"DeleteReceived", "context":{"id":"306861ed-d15d-4c49-8d4f-0f62512505ec", "isDeleted:":"true", "version":"1730991187858"}}
{"logTime": "1126/180530", "correlationVector":"O/8VdsFqcV8m5mJ/NjeWkF.48","action":"GetUpdates", "result":"DeleteReceived", "context":{"id":"718ec393-a9c1-43f8-ad10-ff15b62442a7", "isDeleted:":"true", "version":"1730991187859"}}
{"logTime": "1126/180530", "correlationVector":"O/8VdsFqcV8m5mJ/NjeWkF.49","action":"GetUpdates", "result":"DeleteReceived", "context":{"id":"65873e7e-a26a-460b-aeec-81eb86caef3d", "isDeleted:":"true", "version":"1730991187861"}}
{"logTime": "1126/180530", "correlationVector":"O/8VdsFqcV8m5mJ/NjeWkF.50","action":"GetUpdates", "result":"DeleteReceived", "context":{"id":"1bab6c7f-41b9-417b-bfc7-d845ae7823fc", "isDeleted:":"true", "version":"1730991581136"}}
{"logTime": "1126/180530", "correlationVector":"O/8VdsFqcV8m5mJ/NjeWkF.51","action":"GetUpdates", "result":"DeleteReceived", "context":{"id":"dd91a8a3-a651-46a8-9ad3-288f50faa91e", "isDeleted:":"true", "version":"1731001649686"}}
{"logTime": "1126/180530", "correlationVector":"O/8VdsFqcV8m5mJ/NjeWkF.52","action":"GetUpdates", "result":"DeleteReceived", "context":{"id":"11602224-c480-4bd9-b530-0e29b94029b9", "isDeleted:":"true", "version":"1731002186772"}}
{"logTime": "1126/180530", "correlationVector":"O/8VdsFqcV8m5mJ/NjeWkF.53","action":"GetUpdates", "result":"DeleteReceived", "context":{"id":"d2f76daa-3879-403c-b0a3-5d66f07508b7", "isDeleted:":"true", "version":"1731009047356"}}
{"logTime": "1126/180530", "correlationVector":"O/8VdsFqcV8m5mJ/NjeWkF.54","action":"GetUpdates", "result":"DeleteReceived", "context":{"id":"302afbf8-cfbc-4ba0-a52c-e38552ab9fae", "isDeleted:":"true", "version":"1731009047358"}}
{"logTime": "1126/180530", "correlationVector":"O/8VdsFqcV8m5mJ/NjeWkF.55","action":"GetUpdates", "result":"DeleteReceived", "context":{"id":"91d4740e-a5bc-498d-87c7-3836a1085333", "isDeleted:":"true", "version":"1731009047359"}}
{"logTime": "1126/180530", "correlationVector":"O/8VdsFqcV8m5mJ/NjeWkF.56","action":"GetUpdates", "result":"DeleteReceived", "context":{"id":"57db7567-c294-41c1-9272-03e642b08cdd", "isDeleted:":"true", "version":"1731009862354"}}
{"logTime": "1126/180530", "correlationVector":"O/8VdsFqcV8m5mJ/NjeWkF.57","action":"GetUpdates", "result":"DeleteReceived", "context":{"id":"5c9dda5e-eb10-4fde-bef1-9efd7aaa4dd0", "isDeleted:":"true", "version":"1731014173445"}}
{"logTime": "1126/180530", "correlationVector":"O/8VdsFqcV8m5mJ/NjeWkF.58","action":"GetUpdates", "result":"DeleteReceived", "context":{"id":"2ed45888-c33d-49fb-a0dd-41794f696ce3", "isDeleted:":"true", "version":"1731014173447"}}
{"logTime": "1126/180530", "correlationVector":"O/8VdsFqcV8m5mJ/NjeWkF.59","action":"GetUpdates", "result":"DeleteReceived", "context":{"id":"e6de7d76-3b62-4a1a-99b2-efb856fb1499", "isDeleted:":"true", "version":"1731014173448"}}
{"logTime": "1126/180530", "correlationVector":"O/8VdsFqcV8m5mJ/NjeWkF.60","action":"GetUpdates", "result":"DeleteReceived", "context":{"id":"34cf6d80-2115-4c81-8dbc-349c7a2a298a", "isDeleted:":"true", "version":"1731051605985"}}
{"logTime": "1126/180530", "correlationVector":"O/8VdsFqcV8m5mJ/NjeWkF.61","action":"GetUpdates", "result":"DeleteReceived", "context":{"id":"5994bab9-43ae-4385-960d-b94fe60d7fa9", "isDeleted:":"true", "version":"1731051605987"}}
{"logTime": "1126/180530", "correlationVector":"O/8VdsFqcV8m5mJ/NjeWkF.62","action":"GetUpdates", "result":"DeleteReceived", "context":{"id":"b1d026dc-4609-47ff-9024-9ddd6217c69e", "isDeleted:":"true", "version":"1731051605988"}}
{"logTime": "1126/180530", "correlationVector":"O/8VdsFqcV8m5mJ/NjeWkF.63","action":"GetUpdates", "result":"DeleteReceived", "context":{"id":"fadcb663-ac00-4119-98de-e8fa8d856ac7", "isDeleted:":"true", "version":"1731061797367"}}
{"logTime": "1126/180530", "correlationVector":"O/8VdsFqcV8m5mJ/NjeWkF.64","action":"GetUpdates", "result":"DeleteReceived", "context":{"id":"b7b15a1d-0245-4bad-b0d5-3012ac6342d2", "isDeleted:":"true", "version":"1731066093811"}}
{"logTime": "1126/180530", "correlationVector":"O/8VdsFqcV8m5mJ/NjeWkF.65","action":"GetUpdates", "result":"DeleteReceived", "context":{"id":"4d0aecf3-22ac-4f8f-9925-eb80a0057e4d", "isDeleted:":"true", "version":"1731098596848"}}
{"logTime": "1126/180530", "correlationVector":"O/8VdsFqcV8m5mJ/NjeWkF.66","action":"GetUpdates", "result":"DeleteReceived", "context":{"id":"d51423d5-1cc6-47cd-871a-efc955d8bfc0", "isDeleted:":"true", "version":"1731098845162"}}
{"logTime": "1126/180530", "correlationVector":"O/8VdsFqcV8m5mJ/NjeWkF.67","action":"GetUpdates", "result":"DeleteReceived", "context":{"id":"030a5978-1460-42fa-9f1b-049d102ef198", "isDeleted:":"true", "version":"1731098875774"}}
{"logTime": "1126/180530", "correlationVector":"O/8VdsFqcV8m5mJ/NjeWkF.68","action":"GetUpdates", "result":"DeleteReceived", "context":{"id":"7ead1ebe-f633-46cd-b6ca-090a9a3ce07b", "isDeleted:":"true", "version":"1731102291775"}}
{"logTime": "1126/180530", "correlationVector":"O/8VdsFqcV8m5mJ/NjeWkF.69","action":"GetUpdates", "result":"DeleteReceived", "context":{"id":"a93797c0-78dc-48cb-9559-919bbd5db229", "isDeleted:":"true", "version":"1731102291776"}}
{"logTime": "1126/180530", "correlationVector":"O/8VdsFqcV8m5mJ/NjeWkF.70","action":"GetUpdates", "result":"DeleteReceived", "context":{"id":"cff34882-01e0-4f67-ac04-fc986e8d8a4a", "isDeleted:":"true", "version":"1731182979377"}}
{"logTime": "1126/180530", "correlationVector":"O/8VdsFqcV8m5mJ/NjeWkF.71","action":"GetUpdates", "result":"DeleteReceived", "context":{"id":"15d65cd5-5d5b-4bd1-bb1e-121ac2940400", "isDeleted:":"true", "version":"1731182979379"}}
{"logTime": "1126/180530", "correlationVector":"O/8VdsFqcV8m5mJ/NjeWkF.72","action":"GetUpdates", "result":"DeleteReceived", "context":{"id":"82741227-37ef-4256-86f0-b47ceb4a612c", "isDeleted:":"true", "version":"1731188207415"}}
{"logTime": "1126/180530", "correlationVector":"O/8VdsFqcV8m5mJ/NjeWkF.73","action":"GetUpdates", "result":"DeleteReceived", "context":{"id":"c5b548ff-c673-48a8-8026-9f6605c0383d", "isDeleted:":"true", "version":"1731188207416"}}
{"logTime": "1126/180530", "correlationVector":"O/8VdsFqcV8m5mJ/NjeWkF.74","action":"GetUpdates", "result":"DeleteReceived", "context":{"id":"0d184928-98f5-48e2-a3d8-f750f8e8fa75", "isDeleted:":"true", "version":"1731188207417"}}
{"logTime": "1126/180530", "correlationVector":"O/8VdsFqcV8m5mJ/NjeWkF.75","action":"GetUpdates", "result":"DeleteReceived", "context":{"id":"ef183050-e766-4d0a-ac12-b5f51c82a6e0", "isDeleted:":"true", "version":"1731188504853"}}
{"logTime": "1126/180530", "correlationVector":"O/8VdsFqcV8m5mJ/NjeWkF.76","action":"GetUpdates", "result":"DeleteReceived", "context":{"id":"5598ec55-8f6b-4ddd-b419-5f49e0d1a18f", "isDeleted:":"true", "version":"1731189304330"}}
{"logTime": "1126/180530", "correlationVector":"O/8VdsFqcV8m5mJ/NjeWkF.77","action":"GetUpdates", "result":"DeleteReceived", "context":{"id":"19c5ef6a-2003-4054-9bc2-f30e71c5dab5", "isDeleted:":"true", "version":"1731189304331"}}
{"logTime": "1126/180530", "correlationVector":"O/8VdsFqcV8m5mJ/NjeWkF.78","action":"GetUpdates", "result":"DeleteReceived", "context":{"id":"ec58a394-7deb-43c2-8cb8-9f45dfeb500c", "isDeleted:":"true", "version":"1731189304332"}}
{"logTime": "1126/180530", "correlationVector":"O/8VdsFqcV8m5mJ/NjeWkF.79","action":"GetUpdates", "result":"DeleteReceived", "context":{"id":"95f17191-f5b0-41d4-b574-ab5e45ea2dc2", "isDeleted:":"true", "version":"1731189304333"}}
{"logTime": "1126/180530", "correlationVector":"O/8VdsFqcV8m5mJ/NjeWkF.80","action":"GetUpdates", "result":"DeleteReceived", "context":{"id":"8e3a1886-dfa4-449a-98ee-428838dd0b73", "isDeleted:":"true", "version":"1731189304334"}}
{"logTime": "1126/180530", "correlationVector":"O/8VdsFqcV8m5mJ/NjeWkF.81","action":"GetUpdates", "result":"DeleteReceived", "context":{"id":"69a2ff3d-b578-48a2-8409-7312b2e1942b", "isDeleted:":"true", "version":"1731189304335"}}
{"logTime": "1126/180530", "correlationVector":"O/8VdsFqcV8m5mJ/NjeWkF.82","action":"GetUpdates", "result":"DeleteReceived", "context":{"id":"9177fdb3-cf17-4735-aea3-26e1623b3a2f", "isDeleted:":"true", "version":"1731189304336"}}
{"logTime": "1126/180530", "correlationVector":"O/8VdsFqcV8m5mJ/NjeWkF.83","action":"GetUpdates", "result":"DeleteReceived", "context":{"id":"d2151868-e932-4090-a1ad-ccfb31927a24", "isDeleted:":"true", "version":"1731189304338"}}
{"logTime": "1126/180530", "correlationVector":"O/8VdsFqcV8m5mJ/NjeWkF.84","action":"GetUpdates", "result":"DeleteReceived", "context":{"id":"07867916-2086-4cc2-b5c1-075474b45f57", "isDeleted:":"true", "version":"1731189304339"}}
{"logTime": "1126/180530", "correlationVector":"O/8VdsFqcV8m5mJ/NjeWkF.85","action":"GetUpdates", "result":"DeleteReceived", "context":{"id":"b690b273-cc84-40cd-b798-880af309e845", "isDeleted:":"true", "version":"1731189304340"}}
{"logTime": "1126/180530", "correlationVector":"O/8VdsFqcV8m5mJ/NjeWkF.86","action":"GetUpdates", "result":"DeleteReceived", "context":{"id":"8df56755-1711-4013-9871-9fb556a9bc82", "isDeleted:":"true", "version":"1731189304341"}}
{"logTime": "1126/180530", "correlationVector":"O/8VdsFqcV8m5mJ/NjeWkF.87","action":"GetUpdates", "result":"DeleteReceived", "context":{"id":"19786bdb-4504-4193-80b8-4bc10ac9e539", "isDeleted:":"true", "version":"1731189367402"}}
{"logTime": "1126/180530", "correlationVector":"O/8VdsFqcV8m5mJ/NjeWkF.88","action":"GetUpdates", "result":"DeleteReceived", "context":{"id":"071c1a96-8412-4439-b4e4-6621a00e1dd3", "isDeleted:":"true", "version":"1731239816552"}}
{"logTime": "1126/180530", "correlationVector":"O/8VdsFqcV8m5mJ/NjeWkF.89","action":"GetUpdates", "result":"DeleteReceived", "context":{"id":"2b959939-28d4-466f-8979-98396703f71c", "isDeleted:":"true", "version":"1731239816554"}}
{"logTime": "1126/180530", "correlationVector":"O/8VdsFqcV8m5mJ/NjeWkF.90","action":"GetUpdates", "result":"DeleteReceived", "context":{"id":"9e041e20-d65f-4656-8039-1fc9fb62c101", "isDeleted:":"true", "version":"1731239816555"}}
{"logTime": "1126/180530", "correlationVector":"O/8VdsFqcV8m5mJ/NjeWkF.91","action":"GetUpdates", "result":"DeleteReceived", "context":{"id":"6888dee6-a436-41af-9a49-cda8faa6ad10", "isDeleted:":"true", "version":"1731271850239"}}
{"logTime": "1126/180530", "correlationVector":"O/8VdsFqcV8m5mJ/NjeWkF.92","action":"GetUpdates", "result":"DeleteReceived", "context":{"id":"cb4c27c2-f380-42e9-991e-53039a4bbae6", "isDeleted:":"true", "version":"1731271850241"}}
{"logTime": "1126/180530", "correlationVector":"O/8VdsFqcV8m5mJ/NjeWkF.93","action":"GetUpdates", "result":"DeleteReceived", "context":{"id":"7b57137f-5cc8-4102-ad71-87b8b1518a8c", "isDeleted:":"true", "version":"1731271936659"}}
{"logTime": "1126/180530", "correlationVector":"O/8VdsFqcV8m5mJ/NjeWkF.94","action":"GetUpdates", "result":"DeleteReceived", "context":{"id":"c329e2e8-f25f-414d-ad15-6568b8d27474", "isDeleted:":"true", "version":"1731331437515"}}
{"logTime": "1126/180530", "correlationVector":"O/8VdsFqcV8m5mJ/NjeWkF.95","action":"GetUpdates", "result":"DeleteReceived", "context":{"id":"58bb5182-ecea-4c96-b3d2-7430e068f2f8", "isDeleted:":"true", "version":"1731331437517"}}
{"logTime": "1126/180530", "correlationVector":"O/8VdsFqcV8m5mJ/NjeWkF.96","action":"GetUpdates", "result":"DeleteReceived", "context":{"id":"ae2a2560-b690-41ce-81b6-7b5dd2524ccb", "isDeleted:":"true", "version":"1731347666602"}}
{"logTime": "1126/180530", "correlationVector":"O/8VdsFqcV8m5mJ/NjeWkF.97","action":"GetUpdates", "result":"DeleteReceived", "context":{"id":"c88c1311-e243-4359-8988-e239e21d7e4f", "isDeleted:":"true", "version":"1731443987104"}}
{"logTime": "1126/180530", "correlationVector":"O/8VdsFqcV8m5mJ/NjeWkF.98","action":"GetUpdates", "result":"DeleteReceived", "context":{"id":"5054ae1d-44ee-4c7d-b9ea-a499c5ddbc8b", "isDeleted:":"true", "version":"1731511053941"}}
{"logTime": "1126/180530", "correlationVector":"O/8VdsFqcV8m5mJ/NjeWkF.99","action":"GetUpdates", "result":"DeleteReceived", "context":{"id":"e2df1885-409f-4b31-af4b-7c852855b06f", "isDeleted:":"true", "version":"1731511373748"}}
{"logTime": "1126/180530", "correlationVector":"O/8VdsFqcV8m5mJ/NjeWkF.100","action":"GetUpdates", "result":"DeleteReceived", "context":{"id":"0f1aaf19-1f52-4561-b5cd-429a388c681b", "isDeleted:":"true", "version":"1731527301529"}}
{"logTime": "1126/180530", "correlationVector":"O/8VdsFqcV8m5mJ/NjeWkF.101","action":"GetUpdates", "result":"DeleteReceived", "context":{"id":"c24d18f3-aa4b-4eb9-ba86-9cb413fdcca5", "isDeleted:":"true", "version":"1731527301531"}}
{"logTime": "1126/180530", "correlationVector":"O/8VdsFqcV8m5mJ/NjeWkF.102","action":"GetUpdates", "result":"DeleteReceived", "context":{"id":"bb68c5c5-eb7c-42ff-8c7b-1d1e29acc4e8", "isDeleted:":"true", "version":"1731527484296"}}
{"logTime": "1126/180530", "correlationVector":"O/8VdsFqcV8m5mJ/NjeWkF.103","action":"GetUpdates", "result":"DeleteReceived", "context":{"id":"70aef9dc-c98d-4fa1-840c-9ba67fa12b98", "isDeleted:":"true", "version":"1731527750062"}}
{"logTime": "1126/180530", "correlationVector":"O/8VdsFqcV8m5mJ/NjeWkF.104","action":"GetUpdates", "result":"DeleteReceived", "context":{"id":"1e73687e-f5fb-4981-ac8c-17cad93178ce", "isDeleted:":"true", "version":"1731659833264"}}
{"logTime": "1126/180530", "correlationVector":"O/8VdsFqcV8m5mJ/NjeWkF.105","action":"GetUpdates", "result":"DeleteReceived", "context":{"id":"0142cce3-6563-49df-bfcd-14a98035d8fc", "isDeleted:":"true", "version":"1731659833266"}}
{"logTime": "1126/180530", "correlationVector":"O/8VdsFqcV8m5mJ/NjeWkF.106","action":"GetUpdates", "result":"DeleteReceived", "context":{"id":"ed7fb7f1-e32c-4104-8120-7e604cfd7f63", "isDeleted:":"true", "version":"1731699594814"}}
{"logTime": "1126/180530", "correlationVector":"O/8VdsFqcV8m5mJ/NjeWkF.107","action":"GetUpdates", "result":"DeleteReceived", "context":{"id":"9cc809f1-0cb5-4f4b-bfda-8736aaf40e9f", "isDeleted:":"true", "version":"1731709405813"}}
{"logTime": "1126/180530", "correlationVector":"O/8VdsFqcV8m5mJ/NjeWkF.108","action":"GetUpdates", "result":"DeleteReceived", "context":{"id":"2cf3b740-c152-40e2-9f35-13a8a4af0c58", "isDeleted:":"true", "version":"1731709405815"}}
{"logTime": "1126/180530", "correlationVector":"O/8VdsFqcV8m5mJ/NjeWkF.109","action":"GetUpdates", "result":"DeleteReceived", "context":{"id":"ba7ac301-e92c-4f44-9a31-a1338be64a3c", "isDeleted:":"true", "version":"1731709405816"}}
{"logTime": "1126/180530", "correlationVector":"O/8VdsFqcV8m5mJ/NjeWkF.110","action":"GetUpdates", "result":"DeleteReceived", "context":{"id":"1f5dbe28-fd84-4bfa-8f74-f7907fa3fed6", "isDeleted:":"true", "version":"1731846960281"}}
{"logTime": "1126/180530", "correlationVector":"O/8VdsFqcV8m5mJ/NjeWkF.111","action":"GetUpdates", "result":"DeleteReceived", "context":{"id":"6bc0e55d-e623-4387-88d3-e2249d0c6504", "isDeleted:":"true", "version":"1731880506626"}}
{"logTime": "1126/180530", "correlationVector":"O/8VdsFqcV8m5mJ/NjeWkF.112","action":"GetUpdates", "result":"DeleteReceived", "context":{"id":"a650649e-4542-4f84-8618-98f5fb560969", "isDeleted:":"true", "version":"1731880506627"}}
{"logTime": "1126/180530", "correlationVector":"O/8VdsFqcV8m5mJ/NjeWkF.113","action":"GetUpdates", "result":"DeleteReceived", "context":{"id":"dc9b1438-0af5-4160-bc68-efece29ce618", "isDeleted:":"true", "version":"1731880506629"}}
{"logTime": "1126/180530", "correlationVector":"O/8VdsFqcV8m5mJ/NjeWkF.114","action":"GetUpdates", "result":"DeleteReceived", "context":{"id":"b4799645-1cf7-4ecb-aa26-9d377f94754b", "isDeleted:":"true", "version":"1731880506630"}}
{"logTime": "1126/180530", "correlationVector":"O/8VdsFqcV8m5mJ/NjeWkF.115","action":"GetUpdates", "result":"DeleteReceived", "context":{"id":"66b80892-25f1-4fe1-9f38-4174fc544b46", "isDeleted:":"true", "version":"1732054098803"}}
{"logTime": "1126/180530", "correlationVector":"O/8VdsFqcV8m5mJ/NjeWkF.116","action":"GetUpdates", "result":"DeleteReceived", "context":{"id":"5d218192-7e29-4a6e-92b2-ccffc9d07b4d", "isDeleted:":"true", "version":"1732054098804"}}
{"logTime": "1126/180530", "correlationVector":"O/8VdsFqcV8m5mJ/NjeWkF.117","action":"GetUpdates", "result":"DeleteReceived", "context":{"id":"33d517dd-9c72-44c9-9392-f245a7a4858f", "isDeleted:":"true", "version":"1732054098806"}}
{"logTime": "1126/180530", "correlationVector":"O/8VdsFqcV8m5mJ/NjeWkF.118","action":"GetUpdates", "result":"DeleteReceived", "context":{"id":"d169c052-4a19-4356-af0d-60249d1b994c", "isDeleted:":"true", "version":"1732054098807"}}
{"logTime": "1126/180530", "correlationVector":"O/8VdsFqcV8m5mJ/NjeWkF.119","action":"GetUpdates", "result":"DeleteReceived", "context":{"id":"6896cbdc-07ce-4ae9-884c-e6433a92fd1b", "isDeleted:":"true", "version":"1732105945258"}}
{"logTime": "1126/180530", "correlationVector":"O/8VdsFqcV8m5mJ/NjeWkF.120","action":"GetUpdates", "result":"DeleteReceived", "context":{"id":"9e26da32-3177-4388-889a-5dfe0ae689a6", "isDeleted:":"true", "version":"1732275341457"}}
{"logTime": "1126/180530", "correlationVector":"O/8VdsFqcV8m5mJ/NjeWkF.121","action":"GetUpdates", "result":"DeleteReceived", "context":{"id":"0517dd28-9118-48e4-8505-135608e6c33a", "isDeleted:":"true", "version":"1732303972318"}}
{"logTime": "1126/180530", "correlationVector":"O/8VdsFqcV8m5mJ/NjeWkF.122","action":"GetUpdates", "result":"DeleteReceived", "context":{"id":"d1127583-4fd0-4166-a054-453e730c1128", "isDeleted:":"true", "version":"1732347631824"}}
{"logTime": "1126/180530", "correlationVector":"O/8VdsFqcV8m5mJ/NjeWkF.123","action":"GetUpdates", "result":"DeleteReceived", "context":{"id":"a1070730-bb94-434e-b620-4d8767e30a21", "isDeleted:":"true", "version":"1732353840170"}}
{"logTime": "1126/180530", "correlationVector":"O/8VdsFqcV8m5mJ/NjeWkF.124","action":"GetUpdates", "result":"DeleteReceived", "context":{"id":"97aa474e-65a9-4a67-a8c4-5b2cccd8c851", "isDeleted:":"true", "version":"1732374209645"}}
{"logTime": "1126/180530", "correlationVector":"O/8VdsFqcV8m5mJ/NjeWkF.125","action":"GetUpdates", "result":"DeleteReceived", "context":{"id":"780e3271-9fec-4aea-94f6-9af1787141d9", "isDeleted:":"true", "version":"1732374209647"}}
{"logTime": "1126/180530", "correlationVector":"O/8VdsFqcV8m5mJ/NjeWkF.126","action":"GetUpdates Response", "result":"Success", "context":Received 242 update(s). cV=O/8VdsFqcV8m5mJ/NjeWkF.0;server=GENERAL01000016;cloudType=Consumer;environment=Prod_WestEurope_000l;migrationStage=NotStarted}
{"logTime": "1126/180530", "correlationVector":"UxLkqqbPjbYeqdkeRQw0GJ","action":"Normal GetUpdate request", "result":"", "context":cV=UxLkqqbPjbYeqdkeRQw0GJ
Nudged types: Sessions, Device Info, User Consents
Refresh requested types: Bookmarks, Preferences, Passwords, Autofill Profiles, Autofill, Typed URLs, Extensions, Sessions, Extension settings, History Delete Directives, Device Info, User Consents, Send Tab To Self, Web Apps, Collection, Edge E Drop, Edge Hub App Usage, Edge Tab Group, Edge Wallet, Encryption Keys}
{"logTime": "1126/180530", "correlationVector":"UxLkqqbPjbYeqdkeRQw0GJ.1","action":"SyncServerConnectionManagerRequest", "result":"SYNC_SERVER_OK", "context":{"environment":"Prod_WestEurope_000l", "migrationStage":"NotStarted", "server":"GENERAL0100001G"}}
{"logTime": "1126/180530", "correlationVector":"UxLkqqbPjbYeqdkeRQw0GJ.2","action":"GetUpdates Response", "result":"Success", "context":Received 0 update(s). cV=UxLkqqbPjbYeqdkeRQw0GJ.0;server=GENERAL0100001G;cloudType=Consumer;environment=Prod_WestEurope_000l;migrationStage=NotStarted}
{"logTime": "1126/180530", "correlationVector":"M6Dc79IV+ylE3MgaLYzrtO","action":"DoCompareDataConsistency requsted types: ", "result":"Bookmarks, Preferences, Passwords, Typed URLs, Extensions, Extension settings, History Delete Directives, Send Tab To Self, Web Apps, Collection, Edge E Drop, Edge Tab Group, Edge Wallet, Encryption Keys"}
{"logTime": "1126/180530", "correlationVector":"M6Dc79IV+ylE3MgaLYzrtO.0","action":"CompareDataConsistency result: ", "result":"Compare result: Encryption Keys is consistent. local entities count is: 1 local entities hash is: wsW7AvbBuG4ynZ4ppBLd7f/ngsQ="}
{"logTime": "1126/180530", "correlationVector":"M6Dc79IV+ylE3MgaLYzrtO.1","action":"CompareDataConsistency result: ", "result":"Compare result: Bookmarks is consistent. local entities count is: 5 local entities hash is: IOmdV1KdIpqKAX2XgIV26VnIk7o="}
{"logTime": "1126/180530", "correlationVector":"M6Dc79IV+ylE3MgaLYzrtO.2","action":"CompareDataConsistency result: ", "result":"Compare result: Preferences is consistent. local entities count is: 65 local entities hash is: Solawba1AVQYUwVJqfvn4Rw8bHA="}
{"logTime": "1126/180530", "correlationVector":"M6Dc79IV+ylE3MgaLYzrtO.3","action":"CompareDataConsistency result: ", "result":"Server did not send this Typed URLs local entities count is: 18 local entities hash is: NqqU7hItkwUPqb/GiDzEB311AtU="}
{"logTime": "1126/180530", "correlationVector":"M6Dc79IV+ylE3MgaLYzrtO.4","action":"CompareDataConsistency result: ", "result":"Compare result: Extensions is consistent. local entities count is: 0 local entities hash is: "}
{"logTime": "1126/180530", "correlationVector":"M6Dc79IV+ylE3MgaLYzrtO.5","action":"CompareDataConsistency result: ", "result":"Compare result: Extension settings is consistent. local entities count is: 0 local entities hash is: "}
{"logTime": "1126/180530", "correlationVector":"M6Dc79IV+ylE3MgaLYzrtO.6","action":"CompareDataConsistency result: ", "result":"Compare result: History Delete Directives is consistent. local entities count is: 0 local entities hash is: "}
{"logTime": "1126/180530", "correlationVector":"M6Dc79IV+ylE3MgaLYzrtO.7","action":"CompareDataConsistency result: ", "result":"Server did not send this Send Tab To Self local entities count is: 0 local entities hash is: "}
{"logTime": "1126/180530", "correlationVector":"M6Dc79IV+ylE3MgaLYzrtO.8","action":"CompareDataConsistency result: ", "result":"Compare result: Web Apps is consistent. local entities count is: 0 local entities hash is: "}
{"logTime": "1126/180530", "correlationVector":"M6Dc79IV+ylE3MgaLYzrtO.9","action":"CompareDataConsistency result: ", "result":"Compare result: Collection is consistent. local entities count is: 0 local entities hash is: "}
{"logTime": "1126/180530", "correlationVector":"M6Dc79IV+ylE3MgaLYzrtO.10","action":"CompareDataConsistency result: ", "result":"Compare result: Edge E Drop is consistent. local entities count is: 0 local entities hash is: "}
{"logTime": "1126/180530", "correlationVector":"M6Dc79IV+ylE3MgaLYzrtO.11","action":"CompareDataConsistency result: ", "result":"Compare result: Edge Tab Group is consistent. local entities count is: 0 local entities hash is: "}
{"logTime": "1126/180530", "correlationVector":"M6Dc79IV+ylE3MgaLYzrtO.12","action":"CompareDataConsistency result: ", "result":"Compare result: Edge Wallet is consistent. local entities count is: 0 local entities hash is: "}
{"logTime": "1126/180530", "correlationVector":"M6Dc79IV+ylE3MgaLYzrtO.13","action":"CompareDataConsistency result: ", "result":"Compare result: Passwords is consistent. local entities count is: 27 local entities hash is: 4csFbA7zt2nxnq/iFVVEkHL0BIQ="}
{"logTime": "1126/180530", "correlationVector":"1pQqD+OGApencv2UOs+x89","action":"Commit Request", "result":"", "context":Item count: 4
Contributing types: Sessions, Device Info, User Consents}
{"logTime": "1126/180531", "correlationVector":"1pQqD+OGApencv2UOs+x89.1","action":"SyncServerConnectionManagerRequest", "result":"SYNC_SERVER_OK", "context":{"environment":"Prod_WestEurope_000l", "migrationStage":"NotStarted", "server":"GENERAL01000002"}}
{"logTime": "1126/180531", "correlationVector":"1pQqD+OGApencv2UOs+x89.2","action":"Commit Response", "result":"Success", "context":Result: Success. cV=1pQqD+OGApencv2UOs+x89.0;server=GENERAL01000002;cloudType=Consumer;environment=Prod_WestEurope_000l;migrationStage=NotStarted}
{"logTime": "1126/180531", "correlationVector":"","action":"DIAGNOSTIC_REQUEST|v1/diagnosticData/Diagnostic.SendCheckResult()|SUCCESS", "result":""}
{"logTime": "1126/180542", "correlationVector":"iY7g58IHwZpyL+srN2T4lK","action":"Commit Request", "result":"", "context":Item count: 24
Contributing types: Preferences, Passwords, Sessions}
{"logTime": "1126/180544", "correlationVector":"iY7g58IHwZpyL+srN2T4lK.1","action":"SyncServerConnectionManagerRequest", "result":"SYNC_SERVER_OK", "context":{"environment":"Prod_WestEurope_000l", "migrationStage":"NotStarted", "server":"GENERAL01000014"}}
{"logTime": "1126/180544", "correlationVector":"iY7g58IHwZpyL+srN2T4lK.2","action":"Commit Response", "result":"Success", "context":Result: Success. cV=iY7g58IHwZpyL+srN2T4lK.0;server=GENERAL01000014;cloudType=Consumer;environment=Prod_WestEurope_000l;migrationStage=NotStarted}
{"logTime": "1126/180547", "correlationVector":"Qj63ZpHp3qegEKPsgxUi4P","action":"Commit Request", "result":"", "context":Item count: 1
Contributing types: User Consents}
{"logTime": "1126/180548", "correlationVector":"Qj63ZpHp3qegEKPsgxUi4P.1","action":"SyncServerConnectionManagerRequest", "result":"SYNC_SERVER_OK", "context":{"environment":"Prod_WestEurope_000l", "migrationStage":"NotStarted", "server":"GENERAL01000002"}}
{"logTime": "1126/180548", "correlationVector":"Qj63ZpHp3qegEKPsgxUi4P.2","action":"Commit Response", "result":"Success", "context":Result: Success. cV=Qj63ZpHp3qegEKPsgxUi4P.0;server=GENERAL01000002;cloudType=Consumer;environment=Prod_WestEurope_000l;migrationStage=NotStarted}
{"logTime": "1126/181024", "correlationVector":"6Qab62Hc3E4KxNuEmPk/5H","action":"Normal GetUpdate request", "result":"", "context":cV=6Qab62Hc3E4KxNuEmPk/5H
Refresh requested types: Bookmarks, Preferences, Passwords, Autofill Profiles, Autofill, Typed URLs, Extensions, Sessions, Extension settings, History Delete Directives, Device Info, User Consents, Send Tab To Self, Web Apps, Collection, Edge E Drop, Edge Hub App Usage, Edge Tab Group, Edge Wallet, Encryption Keys}
{"logTime": "1126/181024", "correlationVector":"6Qab62Hc3E4KxNuEmPk/5H.1","action":"SyncServerConnectionManagerRequest", "result":"SYNC_SERVER_OK", "context":{"environment":"Prod_WestEurope_000l", "migrationStage":"NotStarted", "server":"GENERAL0100000K"}}
{"logTime": "1126/181024", "correlationVector":"6Qab62Hc3E4KxNuEmPk/5H.2","action":"GetUpdates Response", "result":"Success", "context":Received 26 update(s). cV=6Qab62Hc3E4KxNuEmPk/5H.0;server=GENERAL0100000K;cloudType=Consumer;environment=Prod_WestEurope_000l;migrationStage=NotStarted}
{"logTime": "1126/183600", "correlationVector":"PbaqtR24+QDR3FPUcdGztw","action":"Commit Request", "result":"", "context":Item count: 1
Contributing types: Sessions}
{"logTime": "1126/183601", "correlationVector":"PbaqtR24+QDR3FPUcdGztw.1","action":"SyncServerConnectionManagerRequest", "result":"SYNC_SERVER_OK", "context":{"environment":"Prod_WestEurope_x00e", "migrationStage":"NotStarted", "server":"GENERAL0200000R"}}
{"logTime": "1126/183601", "correlationVector":"PbaqtR24+QDR3FPUcdGztw.2","action":"Commit Response", "result":"Success", "context":Result: Success. cV=PbaqtR24+QDR3FPUcdGztw.0;server=GENERAL0200000R;cloudType=Consumer;environment=Prod_WestEurope_x00e;migrationStage=NotStarted}
