<<<<<<< HEAD
2024-11-26 22:58:59.412: [INFO][Sync] Reset engine, reason: 8
2024-11-26 22:58:59.412: [INFO][Sync] Stopped: Bookmarks
2024-11-26 22:58:59.412: [INFO][Sync] Stopped: Preferences
2024-11-26 22:58:59.412: [INFO][Sync] Stopped: Passwords
2024-11-26 22:58:59.412: [INFO][Sync] Stopped: Autofill Profiles
2024-11-26 22:58:59.412: [INFO][Sync] Stopped: Autofill
2024-11-26 22:58:59.412: [INFO][Sync] Stopped: Typed URLs
2024-11-26 22:58:59.412: [INFO][Sync] Stopped: Extensions
2024-11-26 22:58:59.412: [INFO][Sync] Stopped: Sessions
2024-11-26 22:58:59.412: [INFO][Sync] Stopped: Extension settings
2024-11-26 22:58:59.413: [INFO][Sync] Stopped: History Delete Directives
2024-11-26 22:58:59.413: [INFO][Sync] Stopped: Device Info
2024-11-26 22:58:59.413: [INFO][Sync] Stopped: User Consents
2024-11-26 22:58:59.413: [INFO][Sync] Stopped: Send Tab To Self
2024-11-26 22:58:59.413: [INFO][Sync] Stopped: Web Apps
2024-11-26 22:58:59.413: [INFO][Sync] Stopped: History
2024-11-26 22:58:59.413: [INFO][Sync] Stopped: Collection
2024-11-26 22:58:59.413: [INFO][Sync] Stopped: Edge E Drop
2024-11-26 22:58:59.413: [INFO][Sync] Stopped: Edge Hub App Usage
2024-11-26 22:58:59.413: [INFO][Sync] Stopped: Edge Tab Group
2024-11-26 22:58:59.413: [INFO][Sync] Stopped: Edge Wallet
2024-11-26 22:58:59.413: [INFO][Sync] SyncState after authenticated was: NotSignedIn
2024-11-26 22:59:00.104: [INFO][Sync] Reset engine, reason: 8
2024-11-26 22:59:00.104: [INFO][Sync] Stopped: Bookmarks
2024-11-26 22:59:00.104: [INFO][Sync] Stopped: Preferences
2024-11-26 22:59:00.104: [INFO][Sync] Stopped: Passwords
2024-11-26 22:59:00.104: [INFO][Sync] Stopped: Autofill Profiles
2024-11-26 22:59:00.104: [INFO][Sync] Stopped: Autofill
2024-11-26 22:59:00.104: [INFO][Sync] Stopped: Typed URLs
2024-11-26 22:59:00.104: [INFO][Sync] Stopped: Extensions
2024-11-26 22:59:00.104: [INFO][Sync] Stopped: Sessions
2024-11-26 22:59:00.104: [INFO][Sync] Stopped: Extension settings
2024-11-26 22:59:00.104: [INFO][Sync] Stopped: History Delete Directives
2024-11-26 22:59:00.104: [INFO][Sync] Stopped: Device Info
2024-11-26 22:59:00.104: [INFO][Sync] Stopped: User Consents
2024-11-26 22:59:00.104: [INFO][Sync] Stopped: Send Tab To Self
2024-11-26 22:59:00.104: [INFO][Sync] Stopped: Web Apps
2024-11-26 22:59:00.104: [INFO][Sync] Stopped: History
2024-11-26 22:59:00.104: [INFO][Sync] Stopped: Collection
2024-11-26 22:59:00.104: [INFO][Sync] Stopped: Edge E Drop
2024-11-26 22:59:00.104: [INFO][Sync] Stopped: Edge Hub App Usage
2024-11-26 22:59:00.104: [INFO][Sync] Stopped: Edge Tab Group
2024-11-26 22:59:00.104: [INFO][Sync] Stopped: Edge Wallet
2024-11-26 23:02:45.870: [INFO][Sync] Reset engine, reason: 0
2024-11-26 23:12:01.211: [INFO][Sync] Reset engine, reason: 8
2024-11-26 23:12:01.211: [INFO][Sync] Stopped: Bookmarks
2024-11-26 23:12:01.211: [INFO][Sync] Stopped: Preferences
2024-11-26 23:12:01.211: [INFO][Sync] Stopped: Passwords
2024-11-26 23:12:01.211: [INFO][Sync] Stopped: Autofill Profiles
2024-11-26 23:12:01.211: [INFO][Sync] Stopped: Autofill
2024-11-26 23:12:01.211: [INFO][Sync] Stopped: Typed URLs
2024-11-26 23:12:01.211: [INFO][Sync] Stopped: Extensions
2024-11-26 23:12:01.211: [INFO][Sync] Stopped: Sessions
2024-11-26 23:12:01.211: [INFO][Sync] Stopped: Extension settings
2024-11-26 23:12:01.212: [INFO][Sync] Stopped: History Delete Directives
2024-11-26 23:12:01.212: [INFO][Sync] Stopped: Device Info
2024-11-26 23:12:01.212: [INFO][Sync] Stopped: User Consents
2024-11-26 23:12:01.212: [INFO][Sync] Stopped: Send Tab To Self
2024-11-26 23:12:01.212: [INFO][Sync] Stopped: Web Apps
2024-11-26 23:12:01.212: [INFO][Sync] Stopped: History
2024-11-26 23:12:01.212: [INFO][Sync] Stopped: Collection
2024-11-26 23:12:01.212: [INFO][Sync] Stopped: Edge E Drop
2024-11-26 23:12:01.212: [INFO][Sync] Stopped: Edge Hub App Usage
2024-11-26 23:12:01.212: [INFO][Sync] Stopped: Edge Tab Group
2024-11-26 23:12:01.212: [INFO][Sync] Stopped: Edge Wallet
2024-11-26 23:12:01.212: [INFO][Sync] SyncState after authenticated was: NotSignedIn
2024-11-26 23:12:01.581: [INFO][Sync] Reset engine, reason: 8
2024-11-26 23:12:01.581: [INFO][Sync] Stopped: Bookmarks
2024-11-26 23:12:01.581: [INFO][Sync] Stopped: Preferences
2024-11-26 23:12:01.581: [INFO][Sync] Stopped: Passwords
2024-11-26 23:12:01.581: [INFO][Sync] Stopped: Autofill Profiles
2024-11-26 23:12:01.581: [INFO][Sync] Stopped: Autofill
2024-11-26 23:12:01.581: [INFO][Sync] Stopped: Typed URLs
2024-11-26 23:12:01.581: [INFO][Sync] Stopped: Extensions
2024-11-26 23:12:01.581: [INFO][Sync] Stopped: Sessions
2024-11-26 23:12:01.581: [INFO][Sync] Stopped: Extension settings
2024-11-26 23:12:01.581: [INFO][Sync] Stopped: History Delete Directives
2024-11-26 23:12:01.581: [INFO][Sync] Stopped: Device Info
2024-11-26 23:12:01.581: [INFO][Sync] Stopped: User Consents
2024-11-26 23:12:01.581: [INFO][Sync] Stopped: Send Tab To Self
2024-11-26 23:12:01.581: [INFO][Sync] Stopped: Web Apps
2024-11-26 23:12:01.581: [INFO][Sync] Stopped: History
2024-11-26 23:12:01.581: [INFO][Sync] Stopped: Collection
2024-11-26 23:12:01.581: [INFO][Sync] Stopped: Edge E Drop
2024-11-26 23:12:01.581: [INFO][Sync] Stopped: Edge Hub App Usage
2024-11-26 23:12:01.581: [INFO][Sync] Stopped: Edge Tab Group
2024-11-26 23:12:01.581: [INFO][Sync] Stopped: Edge Wallet
2024-11-26 23:28:26.200: [INFO][Sync] Reset engine, reason: 8
2024-11-26 23:28:26.200: [INFO][Sync] Stopped: Bookmarks
2024-11-26 23:28:26.201: [INFO][Sync] Stopped: Preferences
2024-11-26 23:28:26.201: [INFO][Sync] Stopped: Passwords
2024-11-26 23:28:26.201: [INFO][Sync] Stopped: Autofill Profiles
2024-11-26 23:28:26.201: [INFO][Sync] Stopped: Autofill
2024-11-26 23:28:26.201: [INFO][Sync] Stopped: Typed URLs
2024-11-26 23:28:26.201: [INFO][Sync] Stopped: Extensions
2024-11-26 23:28:26.201: [INFO][Sync] Stopped: Sessions
2024-11-26 23:28:26.201: [INFO][Sync] Stopped: Extension settings
2024-11-26 23:28:26.201: [INFO][Sync] Stopped: History Delete Directives
2024-11-26 23:28:26.201: [INFO][Sync] Stopped: Device Info
2024-11-26 23:28:26.201: [INFO][Sync] Stopped: User Consents
2024-11-26 23:28:26.201: [INFO][Sync] Stopped: Send Tab To Self
2024-11-26 23:28:26.201: [INFO][Sync] Stopped: Web Apps
2024-11-26 23:28:26.201: [INFO][Sync] Stopped: History
2024-11-26 23:28:26.201: [INFO][Sync] Stopped: Collection
2024-11-26 23:28:26.201: [INFO][Sync] Stopped: Edge E Drop
2024-11-26 23:28:26.201: [INFO][Sync] Stopped: Edge Hub App Usage
2024-11-26 23:28:26.201: [INFO][Sync] Stopped: Edge Tab Group
2024-11-26 23:28:26.201: [INFO][Sync] Stopped: Edge Wallet
2024-11-26 23:28:26.201: [INFO][Sync] SyncState after authenticated was: NotSignedIn
2024-11-26 23:28:26.823: [INFO][Sync] Reset engine, reason: 8
2024-11-26 23:28:26.823: [INFO][Sync] Stopped: Bookmarks
2024-11-26 23:28:26.823: [INFO][Sync] Stopped: Preferences
2024-11-26 23:28:26.823: [INFO][Sync] Stopped: Passwords
2024-11-26 23:28:26.823: [INFO][Sync] Stopped: Autofill Profiles
2024-11-26 23:28:26.824: [INFO][Sync] Stopped: Autofill
2024-11-26 23:28:26.824: [INFO][Sync] Stopped: Typed URLs
2024-11-26 23:28:26.824: [INFO][Sync] Stopped: Extensions
2024-11-26 23:28:26.824: [INFO][Sync] Stopped: Sessions
2024-11-26 23:28:26.824: [INFO][Sync] Stopped: Extension settings
2024-11-26 23:28:26.824: [INFO][Sync] Stopped: History Delete Directives
2024-11-26 23:28:26.824: [INFO][Sync] Stopped: Device Info
2024-11-26 23:28:26.824: [INFO][Sync] Stopped: User Consents
2024-11-26 23:28:26.824: [INFO][Sync] Stopped: Send Tab To Self
2024-11-26 23:28:26.824: [INFO][Sync] Stopped: Web Apps
2024-11-26 23:28:26.824: [INFO][Sync] Stopped: History
2024-11-26 23:28:26.824: [INFO][Sync] Stopped: Collection
2024-11-26 23:28:26.824: [INFO][Sync] Stopped: Edge E Drop
2024-11-26 23:28:26.824: [INFO][Sync] Stopped: Edge Hub App Usage
2024-11-26 23:28:26.824: [INFO][Sync] Stopped: Edge Tab Group
2024-11-26 23:28:26.824: [INFO][Sync] Stopped: Edge Wallet
2024-11-26 23:34:18.076: [INFO][Sync] Reset engine, reason: 8
2024-11-26 23:34:18.076: [INFO][Sync] Stopped: Bookmarks
2024-11-26 23:34:18.076: [INFO][Sync] Stopped: Preferences
2024-11-26 23:34:18.076: [INFO][Sync] Stopped: Passwords
2024-11-26 23:34:18.076: [INFO][Sync] Stopped: Autofill Profiles
2024-11-26 23:34:18.076: [INFO][Sync] Stopped: Autofill
2024-11-26 23:34:18.076: [INFO][Sync] Stopped: Typed URLs
2024-11-26 23:34:18.076: [INFO][Sync] Stopped: Extensions
2024-11-26 23:34:18.076: [INFO][Sync] Stopped: Sessions
2024-11-26 23:34:18.076: [INFO][Sync] Stopped: Extension settings
2024-11-26 23:34:18.076: [INFO][Sync] Stopped: History Delete Directives
2024-11-26 23:34:18.076: [INFO][Sync] Stopped: Device Info
2024-11-26 23:34:18.076: [INFO][Sync] Stopped: User Consents
2024-11-26 23:34:18.076: [INFO][Sync] Stopped: Send Tab To Self
2024-11-26 23:34:18.076: [INFO][Sync] Stopped: Web Apps
2024-11-26 23:34:18.076: [INFO][Sync] Stopped: History
2024-11-26 23:34:18.076: [INFO][Sync] Stopped: Collection
2024-11-26 23:34:18.076: [INFO][Sync] Stopped: Edge E Drop
2024-11-26 23:34:18.076: [INFO][Sync] Stopped: Edge Hub App Usage
2024-11-26 23:34:18.076: [INFO][Sync] Stopped: Edge Tab Group
2024-11-26 23:34:18.076: [INFO][Sync] Stopped: Edge Wallet
2024-11-26 23:34:18.076: [INFO][Sync] SyncState after authenticated was: NotSignedIn
2024-11-26 23:34:18.701: [INFO][Sync] Reset engine, reason: 8
2024-11-26 23:34:18.701: [INFO][Sync] Stopped: Bookmarks
2024-11-26 23:34:18.701: [INFO][Sync] Stopped: Preferences
2024-11-26 23:34:18.701: [INFO][Sync] Stopped: Passwords
2024-11-26 23:34:18.701: [INFO][Sync] Stopped: Autofill Profiles
2024-11-26 23:34:18.701: [INFO][Sync] Stopped: Autofill
2024-11-26 23:34:18.701: [INFO][Sync] Stopped: Typed URLs
2024-11-26 23:34:18.701: [INFO][Sync] Stopped: Extensions
2024-11-26 23:34:18.701: [INFO][Sync] Stopped: Sessions
2024-11-26 23:34:18.702: [INFO][Sync] Stopped: Extension settings
2024-11-26 23:34:18.702: [INFO][Sync] Stopped: History Delete Directives
2024-11-26 23:34:18.702: [INFO][Sync] Stopped: Device Info
2024-11-26 23:34:18.702: [INFO][Sync] Stopped: User Consents
2024-11-26 23:34:18.702: [INFO][Sync] Stopped: Send Tab To Self
2024-11-26 23:34:18.702: [INFO][Sync] Stopped: Web Apps
2024-11-26 23:34:18.702: [INFO][Sync] Stopped: History
2024-11-26 23:34:18.702: [INFO][Sync] Stopped: Collection
2024-11-26 23:34:18.702: [INFO][Sync] Stopped: Edge E Drop
2024-11-26 23:34:18.702: [INFO][Sync] Stopped: Edge Hub App Usage
2024-11-26 23:34:18.702: [INFO][Sync] Stopped: Edge Tab Group
2024-11-26 23:34:18.702: [INFO][Sync] Stopped: Edge Wallet
2024-11-26 23:38:34.124: [INFO][Sync] Reset engine, reason: 8
2024-11-26 23:38:34.124: [INFO][Sync] Stopped: Bookmarks
2024-11-26 23:38:34.124: [INFO][Sync] Stopped: Preferences
2024-11-26 23:38:34.124: [INFO][Sync] Stopped: Passwords
2024-11-26 23:38:34.124: [INFO][Sync] Stopped: Autofill Profiles
2024-11-26 23:38:34.124: [INFO][Sync] Stopped: Autofill
2024-11-26 23:38:34.124: [INFO][Sync] Stopped: Typed URLs
2024-11-26 23:38:34.124: [INFO][Sync] Stopped: Extensions
2024-11-26 23:38:34.124: [INFO][Sync] Stopped: Sessions
2024-11-26 23:38:34.124: [INFO][Sync] Stopped: Extension settings
2024-11-26 23:38:34.124: [INFO][Sync] Stopped: History Delete Directives
2024-11-26 23:38:34.124: [INFO][Sync] Stopped: Device Info
2024-11-26 23:38:34.124: [INFO][Sync] Stopped: User Consents
2024-11-26 23:38:34.124: [INFO][Sync] Stopped: Send Tab To Self
2024-11-26 23:38:34.124: [INFO][Sync] Stopped: Web Apps
2024-11-26 23:38:34.124: [INFO][Sync] Stopped: History
2024-11-26 23:38:34.124: [INFO][Sync] Stopped: Collection
2024-11-26 23:38:34.124: [INFO][Sync] Stopped: Edge E Drop
2024-11-26 23:38:34.124: [INFO][Sync] Stopped: Edge Hub App Usage
2024-11-26 23:38:34.124: [INFO][Sync] Stopped: Edge Tab Group
2024-11-26 23:38:34.124: [INFO][Sync] Stopped: Edge Wallet
2024-11-26 23:38:34.124: [INFO][Sync] SyncState after authenticated was: NotSignedIn
2024-11-26 23:38:34.503: [INFO][Sync] Reset engine, reason: 8
2024-11-26 23:38:34.503: [INFO][Sync] Stopped: Bookmarks
2024-11-26 23:38:34.503: [INFO][Sync] Stopped: Preferences
2024-11-26 23:38:34.503: [INFO][Sync] Stopped: Passwords
2024-11-26 23:38:34.503: [INFO][Sync] Stopped: Autofill Profiles
2024-11-26 23:38:34.503: [INFO][Sync] Stopped: Autofill
2024-11-26 23:38:34.503: [INFO][Sync] Stopped: Typed URLs
2024-11-26 23:38:34.503: [INFO][Sync] Stopped: Extensions
2024-11-26 23:38:34.503: [INFO][Sync] Stopped: Sessions
2024-11-26 23:38:34.503: [INFO][Sync] Stopped: Extension settings
2024-11-26 23:38:34.503: [INFO][Sync] Stopped: History Delete Directives
2024-11-26 23:38:34.503: [INFO][Sync] Stopped: Device Info
2024-11-26 23:38:34.503: [INFO][Sync] Stopped: User Consents
2024-11-26 23:38:34.503: [INFO][Sync] Stopped: Send Tab To Self
2024-11-26 23:38:34.503: [INFO][Sync] Stopped: Web Apps
2024-11-26 23:38:34.503: [INFO][Sync] Stopped: History
2024-11-26 23:38:34.503: [INFO][Sync] Stopped: Collection
2024-11-26 23:38:34.503: [INFO][Sync] Stopped: Edge E Drop
2024-11-26 23:38:34.503: [INFO][Sync] Stopped: Edge Hub App Usage
2024-11-26 23:38:34.503: [INFO][Sync] Stopped: Edge Tab Group
2024-11-26 23:38:34.503: [INFO][Sync] Stopped: Edge Wallet
2024-11-26 23:42:50.116: [INFO][Sync] Reset engine, reason: 0
2024-11-26 23:43:23.542: [INFO][Sync] Reset engine, reason: 8
2024-11-26 23:43:23.542: [INFO][Sync] Stopped: Bookmarks
2024-11-26 23:43:23.542: [INFO][Sync] Stopped: Preferences
2024-11-26 23:43:23.542: [INFO][Sync] Stopped: Passwords
2024-11-26 23:43:23.542: [INFO][Sync] Stopped: Autofill Profiles
2024-11-26 23:43:23.542: [INFO][Sync] Stopped: Autofill
2024-11-26 23:43:23.542: [INFO][Sync] Stopped: Typed URLs
2024-11-26 23:43:23.542: [INFO][Sync] Stopped: Extensions
2024-11-26 23:43:23.542: [INFO][Sync] Stopped: Sessions
2024-11-26 23:43:23.542: [INFO][Sync] Stopped: Extension settings
2024-11-26 23:43:23.542: [INFO][Sync] Stopped: History Delete Directives
2024-11-26 23:43:23.542: [INFO][Sync] Stopped: Device Info
2024-11-26 23:43:23.542: [INFO][Sync] Stopped: User Consents
2024-11-26 23:43:23.542: [INFO][Sync] Stopped: Send Tab To Self
2024-11-26 23:43:23.542: [INFO][Sync] Stopped: Web Apps
2024-11-26 23:43:23.542: [INFO][Sync] Stopped: History
2024-11-26 23:43:23.542: [INFO][Sync] Stopped: Collection
2024-11-26 23:43:23.542: [INFO][Sync] Stopped: Edge E Drop
2024-11-26 23:43:23.542: [INFO][Sync] Stopped: Edge Hub App Usage
2024-11-26 23:43:23.542: [INFO][Sync] Stopped: Edge Tab Group
2024-11-26 23:43:23.542: [INFO][Sync] Stopped: Edge Wallet
2024-11-26 23:43:23.542: [INFO][Sync] SyncState after authenticated was: NotSignedIn
2024-11-26 23:43:23.992: [INFO][Sync] Reset engine, reason: 8
2024-11-26 23:43:23.992: [INFO][Sync] Stopped: Bookmarks
2024-11-26 23:43:23.992: [INFO][Sync] Stopped: Preferences
2024-11-26 23:43:23.992: [INFO][Sync] Stopped: Passwords
2024-11-26 23:43:23.992: [INFO][Sync] Stopped: Autofill Profiles
2024-11-26 23:43:23.993: [INFO][Sync] Stopped: Autofill
2024-11-26 23:43:23.993: [INFO][Sync] Stopped: Typed URLs
2024-11-26 23:43:23.993: [INFO][Sync] Stopped: Extensions
2024-11-26 23:43:23.993: [INFO][Sync] Stopped: Sessions
2024-11-26 23:43:23.993: [INFO][Sync] Stopped: Extension settings
2024-11-26 23:43:23.993: [INFO][Sync] Stopped: History Delete Directives
2024-11-26 23:43:23.993: [INFO][Sync] Stopped: Device Info
2024-11-26 23:43:23.993: [INFO][Sync] Stopped: User Consents
2024-11-26 23:43:23.993: [INFO][Sync] Stopped: Send Tab To Self
2024-11-26 23:43:23.993: [INFO][Sync] Stopped: Web Apps
2024-11-26 23:43:23.993: [INFO][Sync] Stopped: History
2024-11-26 23:43:23.993: [INFO][Sync] Stopped: Collection
2024-11-26 23:43:23.993: [INFO][Sync] Stopped: Edge E Drop
2024-11-26 23:43:23.993: [INFO][Sync] Stopped: Edge Hub App Usage
2024-11-26 23:43:23.993: [INFO][Sync] Stopped: Edge Tab Group
2024-11-26 23:43:23.993: [INFO][Sync] Stopped: Edge Wallet
2024-11-26 23:45:48.022: [INFO][Sync] Reset engine, reason: 0
2024-11-26 23:47:21.308: [INFO][Sync] Reset engine, reason: 8
2024-11-26 23:47:21.308: [INFO][Sync] Stopped: Bookmarks
2024-11-26 23:47:21.308: [INFO][Sync] Stopped: Preferences
2024-11-26 23:47:21.308: [INFO][Sync] Stopped: Passwords
2024-11-26 23:47:21.308: [INFO][Sync] Stopped: Autofill Profiles
2024-11-26 23:47:21.308: [INFO][Sync] Stopped: Autofill
2024-11-26 23:47:21.308: [INFO][Sync] Stopped: Typed URLs
2024-11-26 23:47:21.308: [INFO][Sync] Stopped: Extensions
2024-11-26 23:47:21.308: [INFO][Sync] Stopped: Sessions
2024-11-26 23:47:21.308: [INFO][Sync] Stopped: Extension settings
2024-11-26 23:47:21.308: [INFO][Sync] Stopped: History Delete Directives
2024-11-26 23:47:21.308: [INFO][Sync] Stopped: Device Info
2024-11-26 23:47:21.308: [INFO][Sync] Stopped: User Consents
2024-11-26 23:47:21.308: [INFO][Sync] Stopped: Send Tab To Self
2024-11-26 23:47:21.308: [INFO][Sync] Stopped: Web Apps
2024-11-26 23:47:21.308: [INFO][Sync] Stopped: History
2024-11-26 23:47:21.308: [INFO][Sync] Stopped: Collection
2024-11-26 23:47:21.308: [INFO][Sync] Stopped: Edge E Drop
2024-11-26 23:47:21.308: [INFO][Sync] Stopped: Edge Hub App Usage
2024-11-26 23:47:21.308: [INFO][Sync] Stopped: Edge Tab Group
2024-11-26 23:47:21.308: [INFO][Sync] Stopped: Edge Wallet
2024-11-26 23:47:21.308: [INFO][Sync] SyncState after authenticated was: NotSignedIn
2024-11-26 23:47:21.722: [INFO][Sync] Reset engine, reason: 8
2024-11-26 23:47:21.722: [INFO][Sync] Stopped: Bookmarks
2024-11-26 23:47:21.722: [INFO][Sync] Stopped: Preferences
2024-11-26 23:47:21.722: [INFO][Sync] Stopped: Passwords
2024-11-26 23:47:21.722: [INFO][Sync] Stopped: Autofill Profiles
2024-11-26 23:47:21.722: [INFO][Sync] Stopped: Autofill
2024-11-26 23:47:21.722: [INFO][Sync] Stopped: Typed URLs
2024-11-26 23:47:21.722: [INFO][Sync] Stopped: Extensions
2024-11-26 23:47:21.722: [INFO][Sync] Stopped: Sessions
2024-11-26 23:47:21.722: [INFO][Sync] Stopped: Extension settings
2024-11-26 23:47:21.722: [INFO][Sync] Stopped: History Delete Directives
2024-11-26 23:47:21.722: [INFO][Sync] Stopped: Device Info
2024-11-26 23:47:21.722: [INFO][Sync] Stopped: User Consents
2024-11-26 23:47:21.722: [INFO][Sync] Stopped: Send Tab To Self
2024-11-26 23:47:21.722: [INFO][Sync] Stopped: Web Apps
2024-11-26 23:47:21.722: [INFO][Sync] Stopped: History
2024-11-26 23:47:21.722: [INFO][Sync] Stopped: Collection
2024-11-26 23:47:21.722: [INFO][Sync] Stopped: Edge E Drop
2024-11-26 23:47:21.722: [INFO][Sync] Stopped: Edge Hub App Usage
2024-11-26 23:47:21.722: [INFO][Sync] Stopped: Edge Tab Group
2024-11-26 23:47:21.722: [INFO][Sync] Stopped: Edge Wallet
2024-11-26 23:50:03.969: [INFO][Sync] Reset engine, reason: 0
2024-11-26 23:51:03.783: [INFO][Sync] Reset engine, reason: 8
2024-11-26 23:51:03.783: [INFO][Sync] Stopped: Bookmarks
2024-11-26 23:51:03.783: [INFO][Sync] Stopped: Preferences
2024-11-26 23:51:03.783: [INFO][Sync] Stopped: Passwords
2024-11-26 23:51:03.783: [INFO][Sync] Stopped: Autofill Profiles
2024-11-26 23:51:03.783: [INFO][Sync] Stopped: Autofill
2024-11-26 23:51:03.783: [INFO][Sync] Stopped: Typed URLs
2024-11-26 23:51:03.783: [INFO][Sync] Stopped: Extensions
2024-11-26 23:51:03.783: [INFO][Sync] Stopped: Sessions
2024-11-26 23:51:03.783: [INFO][Sync] Stopped: Extension settings
2024-11-26 23:51:03.783: [INFO][Sync] Stopped: History Delete Directives
2024-11-26 23:51:03.783: [INFO][Sync] Stopped: Device Info
2024-11-26 23:51:03.783: [INFO][Sync] Stopped: User Consents
2024-11-26 23:51:03.783: [INFO][Sync] Stopped: Send Tab To Self
2024-11-26 23:51:03.783: [INFO][Sync] Stopped: Web Apps
2024-11-26 23:51:03.783: [INFO][Sync] Stopped: History
2024-11-26 23:51:03.783: [INFO][Sync] Stopped: Collection
2024-11-26 23:51:03.783: [INFO][Sync] Stopped: Edge E Drop
2024-11-26 23:51:03.783: [INFO][Sync] Stopped: Edge Hub App Usage
2024-11-26 23:51:03.783: [INFO][Sync] Stopped: Edge Tab Group
2024-11-26 23:51:03.783: [INFO][Sync] Stopped: Edge Wallet
2024-11-26 23:51:03.783: [INFO][Sync] SyncState after authenticated was: NotSignedIn
2024-11-26 23:51:04.186: [INFO][Sync] Reset engine, reason: 8
2024-11-26 23:51:04.186: [INFO][Sync] Stopped: Bookmarks
2024-11-26 23:51:04.186: [INFO][Sync] Stopped: Preferences
2024-11-26 23:51:04.186: [INFO][Sync] Stopped: Passwords
2024-11-26 23:51:04.186: [INFO][Sync] Stopped: Autofill Profiles
2024-11-26 23:51:04.186: [INFO][Sync] Stopped: Autofill
2024-11-26 23:51:04.186: [INFO][Sync] Stopped: Typed URLs
2024-11-26 23:51:04.186: [INFO][Sync] Stopped: Extensions
2024-11-26 23:51:04.186: [INFO][Sync] Stopped: Sessions
2024-11-26 23:51:04.186: [INFO][Sync] Stopped: Extension settings
2024-11-26 23:51:04.186: [INFO][Sync] Stopped: History Delete Directives
2024-11-26 23:51:04.186: [INFO][Sync] Stopped: Device Info
2024-11-26 23:51:04.186: [INFO][Sync] Stopped: User Consents
2024-11-26 23:51:04.186: [INFO][Sync] Stopped: Send Tab To Self
2024-11-26 23:51:04.186: [INFO][Sync] Stopped: Web Apps
2024-11-26 23:51:04.186: [INFO][Sync] Stopped: History
2024-11-26 23:51:04.186: [INFO][Sync] Stopped: Collection
2024-11-26 23:51:04.186: [INFO][Sync] Stopped: Edge E Drop
2024-11-26 23:51:04.186: [INFO][Sync] Stopped: Edge Hub App Usage
2024-11-26 23:51:04.186: [INFO][Sync] Stopped: Edge Tab Group
2024-11-26 23:51:04.186: [INFO][Sync] Stopped: Edge Wallet
2024-11-26 23:58:18.572: [INFO][Sync] Reset engine, reason: 0
2024-11-26 23:59:03.456: [INFO][Sync] Reset engine, reason: 8
2024-11-26 23:59:03.456: [INFO][Sync] Stopped: Bookmarks
2024-11-26 23:59:03.456: [INFO][Sync] Stopped: Preferences
2024-11-26 23:59:03.456: [INFO][Sync] Stopped: Passwords
2024-11-26 23:59:03.456: [INFO][Sync] Stopped: Autofill Profiles
2024-11-26 23:59:03.456: [INFO][Sync] Stopped: Autofill
2024-11-26 23:59:03.456: [INFO][Sync] Stopped: Typed URLs
2024-11-26 23:59:03.456: [INFO][Sync] Stopped: Extensions
2024-11-26 23:59:03.456: [INFO][Sync] Stopped: Sessions
2024-11-26 23:59:03.456: [INFO][Sync] Stopped: Extension settings
2024-11-26 23:59:03.456: [INFO][Sync] Stopped: History Delete Directives
2024-11-26 23:59:03.456: [INFO][Sync] Stopped: Device Info
2024-11-26 23:59:03.456: [INFO][Sync] Stopped: User Consents
2024-11-26 23:59:03.456: [INFO][Sync] Stopped: Send Tab To Self
2024-11-26 23:59:03.456: [INFO][Sync] Stopped: Web Apps
2024-11-26 23:59:03.456: [INFO][Sync] Stopped: History
2024-11-26 23:59:03.456: [INFO][Sync] Stopped: Collection
2024-11-26 23:59:03.456: [INFO][Sync] Stopped: Edge E Drop
2024-11-26 23:59:03.456: [INFO][Sync] Stopped: Edge Hub App Usage
2024-11-26 23:59:03.456: [INFO][Sync] Stopped: Edge Tab Group
2024-11-26 23:59:03.456: [INFO][Sync] Stopped: Edge Wallet
2024-11-26 23:59:03.456: [INFO][Sync] SyncState after authenticated was: NotSignedIn
2024-11-26 23:59:03.878: [INFO][Sync] Reset engine, reason: 8
2024-11-26 23:59:03.878: [INFO][Sync] Stopped: Bookmarks
2024-11-26 23:59:03.878: [INFO][Sync] Stopped: Preferences
2024-11-26 23:59:03.878: [INFO][Sync] Stopped: Passwords
2024-11-26 23:59:03.878: [INFO][Sync] Stopped: Autofill Profiles
2024-11-26 23:59:03.878: [INFO][Sync] Stopped: Autofill
2024-11-26 23:59:03.878: [INFO][Sync] Stopped: Typed URLs
2024-11-26 23:59:03.878: [INFO][Sync] Stopped: Extensions
2024-11-26 23:59:03.878: [INFO][Sync] Stopped: Sessions
2024-11-26 23:59:03.878: [INFO][Sync] Stopped: Extension settings
2024-11-26 23:59:03.878: [INFO][Sync] Stopped: History Delete Directives
2024-11-26 23:59:03.878: [INFO][Sync] Stopped: Device Info
2024-11-26 23:59:03.878: [INFO][Sync] Stopped: User Consents
2024-11-26 23:59:03.878: [INFO][Sync] Stopped: Send Tab To Self
2024-11-26 23:59:03.878: [INFO][Sync] Stopped: Web Apps
2024-11-26 23:59:03.878: [INFO][Sync] Stopped: History
2024-11-26 23:59:03.878: [INFO][Sync] Stopped: Collection
2024-11-26 23:59:03.878: [INFO][Sync] Stopped: Edge E Drop
2024-11-26 23:59:03.878: [INFO][Sync] Stopped: Edge Hub App Usage
2024-11-26 23:59:03.878: [INFO][Sync] Stopped: Edge Tab Group
2024-11-26 23:59:03.878: [INFO][Sync] Stopped: Edge Wallet
2024-11-27 00:00:40.710: [INFO][Sync] Reset engine, reason: 0
2024-11-27 00:01:27.212: [INFO][Sync] Reset engine, reason: 8
2024-11-27 00:01:27.212: [INFO][Sync] Stopped: Bookmarks
2024-11-27 00:01:27.212: [INFO][Sync] Stopped: Preferences
2024-11-27 00:01:27.212: [INFO][Sync] Stopped: Passwords
2024-11-27 00:01:27.212: [INFO][Sync] Stopped: Autofill Profiles
2024-11-27 00:01:27.212: [INFO][Sync] Stopped: Autofill
2024-11-27 00:01:27.212: [INFO][Sync] Stopped: Typed URLs
2024-11-27 00:01:27.212: [INFO][Sync] Stopped: Extensions
2024-11-27 00:01:27.212: [INFO][Sync] Stopped: Sessions
2024-11-27 00:01:27.213: [INFO][Sync] Stopped: Extension settings
2024-11-27 00:01:27.213: [INFO][Sync] Stopped: History Delete Directives
2024-11-27 00:01:27.213: [INFO][Sync] Stopped: Device Info
2024-11-27 00:01:27.213: [INFO][Sync] Stopped: User Consents
2024-11-27 00:01:27.213: [INFO][Sync] Stopped: Send Tab To Self
2024-11-27 00:01:27.213: [INFO][Sync] Stopped: Web Apps
2024-11-27 00:01:27.213: [INFO][Sync] Stopped: History
2024-11-27 00:01:27.213: [INFO][Sync] Stopped: Collection
2024-11-27 00:01:27.213: [INFO][Sync] Stopped: Edge E Drop
2024-11-27 00:01:27.213: [INFO][Sync] Stopped: Edge Hub App Usage
2024-11-27 00:01:27.213: [INFO][Sync] Stopped: Edge Tab Group
2024-11-27 00:01:27.213: [INFO][Sync] Stopped: Edge Wallet
2024-11-27 00:01:27.213: [INFO][Sync] SyncState after authenticated was: NotSignedIn
2024-11-27 00:01:27.560: [INFO][Sync] Reset engine, reason: 8
2024-11-27 00:01:27.560: [INFO][Sync] Stopped: Bookmarks
2024-11-27 00:01:27.560: [INFO][Sync] Stopped: Preferences
2024-11-27 00:01:27.560: [INFO][Sync] Stopped: Passwords
2024-11-27 00:01:27.560: [INFO][Sync] Stopped: Autofill Profiles
2024-11-27 00:01:27.560: [INFO][Sync] Stopped: Autofill
2024-11-27 00:01:27.560: [INFO][Sync] Stopped: Typed URLs
2024-11-27 00:01:27.560: [INFO][Sync] Stopped: Extensions
2024-11-27 00:01:27.560: [INFO][Sync] Stopped: Sessions
2024-11-27 00:01:27.560: [INFO][Sync] Stopped: Extension settings
2024-11-27 00:01:27.560: [INFO][Sync] Stopped: History Delete Directives
2024-11-27 00:01:27.560: [INFO][Sync] Stopped: Device Info
2024-11-27 00:01:27.560: [INFO][Sync] Stopped: User Consents
2024-11-27 00:01:27.560: [INFO][Sync] Stopped: Send Tab To Self
2024-11-27 00:01:27.560: [INFO][Sync] Stopped: Web Apps
2024-11-27 00:01:27.560: [INFO][Sync] Stopped: History
2024-11-27 00:01:27.560: [INFO][Sync] Stopped: Collection
2024-11-27 00:01:27.560: [INFO][Sync] Stopped: Edge E Drop
2024-11-27 00:01:27.560: [INFO][Sync] Stopped: Edge Hub App Usage
2024-11-27 00:01:27.560: [INFO][Sync] Stopped: Edge Tab Group
2024-11-27 00:01:27.560: [INFO][Sync] Stopped: Edge Wallet
2024-11-27 00:03:06.823: [INFO][Sync] Reset engine, reason: 0
2024-11-27 00:03:59.365: [INFO][Sync] Reset engine, reason: 8
2024-11-27 00:03:59.365: [INFO][Sync] Stopped: Bookmarks
2024-11-27 00:03:59.365: [INFO][Sync] Stopped: Preferences
2024-11-27 00:03:59.365: [INFO][Sync] Stopped: Passwords
2024-11-27 00:03:59.365: [INFO][Sync] Stopped: Autofill Profiles
2024-11-27 00:03:59.365: [INFO][Sync] Stopped: Autofill
2024-11-27 00:03:59.366: [INFO][Sync] Stopped: Typed URLs
2024-11-27 00:03:59.366: [INFO][Sync] Stopped: Extensions
2024-11-27 00:03:59.366: [INFO][Sync] Stopped: Sessions
2024-11-27 00:03:59.366: [INFO][Sync] Stopped: Extension settings
2024-11-27 00:03:59.366: [INFO][Sync] Stopped: History Delete Directives
2024-11-27 00:03:59.366: [INFO][Sync] Stopped: Device Info
2024-11-27 00:03:59.366: [INFO][Sync] Stopped: User Consents
2024-11-27 00:03:59.366: [INFO][Sync] Stopped: Send Tab To Self
2024-11-27 00:03:59.366: [INFO][Sync] Stopped: Web Apps
2024-11-27 00:03:59.366: [INFO][Sync] Stopped: History
2024-11-27 00:03:59.366: [INFO][Sync] Stopped: Collection
2024-11-27 00:03:59.366: [INFO][Sync] Stopped: Edge E Drop
2024-11-27 00:03:59.366: [INFO][Sync] Stopped: Edge Hub App Usage
2024-11-27 00:03:59.366: [INFO][Sync] Stopped: Edge Tab Group
2024-11-27 00:03:59.366: [INFO][Sync] Stopped: Edge Wallet
2024-11-27 00:03:59.366: [INFO][Sync] SyncState after authenticated was: NotSignedIn
2024-11-27 00:03:59.853: [INFO][Sync] Reset engine, reason: 8
2024-11-27 00:03:59.853: [INFO][Sync] Stopped: Bookmarks
2024-11-27 00:03:59.853: [INFO][Sync] Stopped: Preferences
2024-11-27 00:03:59.853: [INFO][Sync] Stopped: Passwords
2024-11-27 00:03:59.853: [INFO][Sync] Stopped: Autofill Profiles
2024-11-27 00:03:59.853: [INFO][Sync] Stopped: Autofill
2024-11-27 00:03:59.853: [INFO][Sync] Stopped: Typed URLs
2024-11-27 00:03:59.853: [INFO][Sync] Stopped: Extensions
2024-11-27 00:03:59.853: [INFO][Sync] Stopped: Sessions
2024-11-27 00:03:59.853: [INFO][Sync] Stopped: Extension settings
2024-11-27 00:03:59.853: [INFO][Sync] Stopped: History Delete Directives
2024-11-27 00:03:59.853: [INFO][Sync] Stopped: Device Info
2024-11-27 00:03:59.853: [INFO][Sync] Stopped: User Consents
2024-11-27 00:03:59.853: [INFO][Sync] Stopped: Send Tab To Self
2024-11-27 00:03:59.853: [INFO][Sync] Stopped: Web Apps
2024-11-27 00:03:59.853: [INFO][Sync] Stopped: History
2024-11-27 00:03:59.853: [INFO][Sync] Stopped: Collection
2024-11-27 00:03:59.854: [INFO][Sync] Stopped: Edge E Drop
2024-11-27 00:03:59.854: [INFO][Sync] Stopped: Edge Hub App Usage
2024-11-27 00:03:59.854: [INFO][Sync] Stopped: Edge Tab Group
2024-11-27 00:03:59.854: [INFO][Sync] Stopped: Edge Wallet
2024-11-27 00:14:10.309: [INFO][Sync] Reset engine, reason: 8
2024-11-27 00:14:10.309: [INFO][Sync] Stopped: Bookmarks
2024-11-27 00:14:10.309: [INFO][Sync] Stopped: Preferences
2024-11-27 00:14:10.309: [INFO][Sync] Stopped: Passwords
2024-11-27 00:14:10.309: [INFO][Sync] Stopped: Autofill Profiles
2024-11-27 00:14:10.309: [INFO][Sync] Stopped: Autofill
2024-11-27 00:14:10.309: [INFO][Sync] Stopped: Typed URLs
2024-11-27 00:14:10.309: [INFO][Sync] Stopped: Extensions
2024-11-27 00:14:10.309: [INFO][Sync] Stopped: Sessions
2024-11-27 00:14:10.309: [INFO][Sync] Stopped: Extension settings
2024-11-27 00:14:10.309: [INFO][Sync] Stopped: History Delete Directives
2024-11-27 00:14:10.309: [INFO][Sync] Stopped: Device Info
2024-11-27 00:14:10.309: [INFO][Sync] Stopped: User Consents
2024-11-27 00:14:10.309: [INFO][Sync] Stopped: Send Tab To Self
2024-11-27 00:14:10.309: [INFO][Sync] Stopped: Web Apps
2024-11-27 00:14:10.309: [INFO][Sync] Stopped: History
2024-11-27 00:14:10.309: [INFO][Sync] Stopped: Collection
2024-11-27 00:14:10.309: [INFO][Sync] Stopped: Edge E Drop
2024-11-27 00:14:10.309: [INFO][Sync] Stopped: Edge Hub App Usage
2024-11-27 00:14:10.309: [INFO][Sync] Stopped: Edge Tab Group
2024-11-27 00:14:10.309: [INFO][Sync] Stopped: Edge Wallet
2024-11-27 00:14:10.310: [INFO][Sync] SyncState after authenticated was: NotSignedIn
2024-11-27 00:14:10.798: [INFO][Sync] Reset engine, reason: 8
2024-11-27 00:14:10.798: [INFO][Sync] Stopped: Bookmarks
2024-11-27 00:14:10.798: [INFO][Sync] Stopped: Preferences
2024-11-27 00:14:10.798: [INFO][Sync] Stopped: Passwords
2024-11-27 00:14:10.798: [INFO][Sync] Stopped: Autofill Profiles
2024-11-27 00:14:10.798: [INFO][Sync] Stopped: Autofill
2024-11-27 00:14:10.798: [INFO][Sync] Stopped: Typed URLs
2024-11-27 00:14:10.798: [INFO][Sync] Stopped: Extensions
2024-11-27 00:14:10.798: [INFO][Sync] Stopped: Sessions
2024-11-27 00:14:10.798: [INFO][Sync] Stopped: Extension settings
2024-11-27 00:14:10.798: [INFO][Sync] Stopped: History Delete Directives
2024-11-27 00:14:10.798: [INFO][Sync] Stopped: Device Info
2024-11-27 00:14:10.798: [INFO][Sync] Stopped: User Consents
2024-11-27 00:14:10.798: [INFO][Sync] Stopped: Send Tab To Self
2024-11-27 00:14:10.798: [INFO][Sync] Stopped: Web Apps
2024-11-27 00:14:10.798: [INFO][Sync] Stopped: History
2024-11-27 00:14:10.798: [INFO][Sync] Stopped: Collection
2024-11-27 00:14:10.798: [INFO][Sync] Stopped: Edge E Drop
2024-11-27 00:14:10.798: [INFO][Sync] Stopped: Edge Hub App Usage
2024-11-27 00:14:10.798: [INFO][Sync] Stopped: Edge Tab Group
2024-11-27 00:14:10.798: [INFO][Sync] Stopped: Edge Wallet
2024-11-27 00:15:59.387: [INFO][Sync] Reset engine, reason: 0
2024-11-27 00:16:38.096: [INFO][Sync] Reset engine, reason: 8
2024-11-27 00:16:38.096: [INFO][Sync] Stopped: Bookmarks
2024-11-27 00:16:38.096: [INFO][Sync] Stopped: Preferences
2024-11-27 00:16:38.096: [INFO][Sync] Stopped: Passwords
2024-11-27 00:16:38.096: [INFO][Sync] Stopped: Autofill Profiles
2024-11-27 00:16:38.096: [INFO][Sync] Stopped: Autofill
2024-11-27 00:16:38.096: [INFO][Sync] Stopped: Typed URLs
2024-11-27 00:16:38.096: [INFO][Sync] Stopped: Extensions
2024-11-27 00:16:38.096: [INFO][Sync] Stopped: Sessions
2024-11-27 00:16:38.096: [INFO][Sync] Stopped: Extension settings
2024-11-27 00:16:38.096: [INFO][Sync] Stopped: History Delete Directives
2024-11-27 00:16:38.096: [INFO][Sync] Stopped: Device Info
2024-11-27 00:16:38.096: [INFO][Sync] Stopped: User Consents
2024-11-27 00:16:38.096: [INFO][Sync] Stopped: Send Tab To Self
2024-11-27 00:16:38.096: [INFO][Sync] Stopped: Web Apps
2024-11-27 00:16:38.096: [INFO][Sync] Stopped: History
2024-11-27 00:16:38.096: [INFO][Sync] Stopped: Collection
2024-11-27 00:16:38.096: [INFO][Sync] Stopped: Edge E Drop
2024-11-27 00:16:38.096: [INFO][Sync] Stopped: Edge Hub App Usage
2024-11-27 00:16:38.096: [INFO][Sync] Stopped: Edge Tab Group
2024-11-27 00:16:38.096: [INFO][Sync] Stopped: Edge Wallet
2024-11-27 00:16:38.096: [INFO][Sync] SyncState after authenticated was: NotSignedIn
2024-11-27 00:16:38.517: [INFO][Sync] Reset engine, reason: 8
2024-11-27 00:16:38.517: [INFO][Sync] Stopped: Bookmarks
2024-11-27 00:16:38.517: [INFO][Sync] Stopped: Preferences
2024-11-27 00:16:38.517: [INFO][Sync] Stopped: Passwords
2024-11-27 00:16:38.517: [INFO][Sync] Stopped: Autofill Profiles
2024-11-27 00:16:38.517: [INFO][Sync] Stopped: Autofill
2024-11-27 00:16:38.517: [INFO][Sync] Stopped: Typed URLs
2024-11-27 00:16:38.517: [INFO][Sync] Stopped: Extensions
2024-11-27 00:16:38.517: [INFO][Sync] Stopped: Sessions
2024-11-27 00:16:38.517: [INFO][Sync] Stopped: Extension settings
2024-11-27 00:16:38.517: [INFO][Sync] Stopped: History Delete Directives
2024-11-27 00:16:38.517: [INFO][Sync] Stopped: Device Info
2024-11-27 00:16:38.517: [INFO][Sync] Stopped: User Consents
2024-11-27 00:16:38.517: [INFO][Sync] Stopped: Send Tab To Self
2024-11-27 00:16:38.517: [INFO][Sync] Stopped: Web Apps
2024-11-27 00:16:38.517: [INFO][Sync] Stopped: History
2024-11-27 00:16:38.517: [INFO][Sync] Stopped: Collection
2024-11-27 00:16:38.517: [INFO][Sync] Stopped: Edge E Drop
2024-11-27 00:16:38.517: [INFO][Sync] Stopped: Edge Hub App Usage
2024-11-27 00:16:38.517: [INFO][Sync] Stopped: Edge Tab Group
2024-11-27 00:16:38.517: [INFO][Sync] Stopped: Edge Wallet
2024-11-27 00:20:27.201: [INFO][Sync] Reset engine, reason: 0
2024-11-27 00:25:50.422: [INFO][Sync] Reset engine, reason: 8
2024-11-27 00:25:50.422: [INFO][Sync] Stopped: Bookmarks
2024-11-27 00:25:50.422: [INFO][Sync] Stopped: Preferences
2024-11-27 00:25:50.422: [INFO][Sync] Stopped: Passwords
2024-11-27 00:25:50.422: [INFO][Sync] Stopped: Autofill Profiles
2024-11-27 00:25:50.422: [INFO][Sync] Stopped: Autofill
2024-11-27 00:25:50.422: [INFO][Sync] Stopped: Typed URLs
2024-11-27 00:25:50.422: [INFO][Sync] Stopped: Extensions
2024-11-27 00:25:50.422: [INFO][Sync] Stopped: Sessions
2024-11-27 00:25:50.422: [INFO][Sync] Stopped: Extension settings
2024-11-27 00:25:50.422: [INFO][Sync] Stopped: History Delete Directives
2024-11-27 00:25:50.422: [INFO][Sync] Stopped: Device Info
2024-11-27 00:25:50.422: [INFO][Sync] Stopped: User Consents
2024-11-27 00:25:50.422: [INFO][Sync] Stopped: Send Tab To Self
2024-11-27 00:25:50.422: [INFO][Sync] Stopped: Web Apps
2024-11-27 00:25:50.422: [INFO][Sync] Stopped: History
2024-11-27 00:25:50.422: [INFO][Sync] Stopped: Collection
2024-11-27 00:25:50.422: [INFO][Sync] Stopped: Edge E Drop
2024-11-27 00:25:50.422: [INFO][Sync] Stopped: Edge Hub App Usage
2024-11-27 00:25:50.422: [INFO][Sync] Stopped: Edge Tab Group
2024-11-27 00:25:50.422: [INFO][Sync] Stopped: Edge Wallet
2024-11-27 00:25:50.422: [INFO][Sync] SyncState after authenticated was: NotSignedIn
2024-11-27 00:25:50.849: [INFO][Sync] Reset engine, reason: 8
2024-11-27 00:25:50.849: [INFO][Sync] Stopped: Bookmarks
2024-11-27 00:25:50.849: [INFO][Sync] Stopped: Preferences
2024-11-27 00:25:50.849: [INFO][Sync] Stopped: Passwords
2024-11-27 00:25:50.849: [INFO][Sync] Stopped: Autofill Profiles
2024-11-27 00:25:50.849: [INFO][Sync] Stopped: Autofill
2024-11-27 00:25:50.849: [INFO][Sync] Stopped: Typed URLs
2024-11-27 00:25:50.849: [INFO][Sync] Stopped: Extensions
2024-11-27 00:25:50.849: [INFO][Sync] Stopped: Sessions
2024-11-27 00:25:50.849: [INFO][Sync] Stopped: Extension settings
2024-11-27 00:25:50.849: [INFO][Sync] Stopped: History Delete Directives
2024-11-27 00:25:50.849: [INFO][Sync] Stopped: Device Info
2024-11-27 00:25:50.849: [INFO][Sync] Stopped: User Consents
2024-11-27 00:25:50.849: [INFO][Sync] Stopped: Send Tab To Self
2024-11-27 00:25:50.849: [INFO][Sync] Stopped: Web Apps
2024-11-27 00:25:50.849: [INFO][Sync] Stopped: History
2024-11-27 00:25:50.849: [INFO][Sync] Stopped: Collection
2024-11-27 00:25:50.849: [INFO][Sync] Stopped: Edge E Drop
2024-11-27 00:25:50.849: [INFO][Sync] Stopped: Edge Hub App Usage
2024-11-27 00:25:50.849: [INFO][Sync] Stopped: Edge Tab Group
2024-11-27 00:25:50.849: [INFO][Sync] Stopped: Edge Wallet
2024-11-27 00:28:40.276: [INFO][Sync] Reset engine, reason: 8
2024-11-27 00:28:40.276: [INFO][Sync] Stopped: Bookmarks
2024-11-27 00:28:40.276: [INFO][Sync] Stopped: Preferences
2024-11-27 00:28:40.276: [INFO][Sync] Stopped: Passwords
2024-11-27 00:28:40.276: [INFO][Sync] Stopped: Autofill Profiles
2024-11-27 00:28:40.276: [INFO][Sync] Stopped: Autofill
2024-11-27 00:28:40.276: [INFO][Sync] Stopped: Typed URLs
2024-11-27 00:28:40.276: [INFO][Sync] Stopped: Extensions
2024-11-27 00:28:40.276: [INFO][Sync] Stopped: Sessions
2024-11-27 00:28:40.277: [INFO][Sync] Stopped: Extension settings
2024-11-27 00:28:40.277: [INFO][Sync] Stopped: History Delete Directives
2024-11-27 00:28:40.277: [INFO][Sync] Stopped: Device Info
2024-11-27 00:28:40.277: [INFO][Sync] Stopped: User Consents
2024-11-27 00:28:40.277: [INFO][Sync] Stopped: Send Tab To Self
2024-11-27 00:28:40.277: [INFO][Sync] Stopped: Web Apps
2024-11-27 00:28:40.277: [INFO][Sync] Stopped: History
2024-11-27 00:28:40.277: [INFO][Sync] Stopped: Collection
2024-11-27 00:28:40.277: [INFO][Sync] Stopped: Edge E Drop
2024-11-27 00:28:40.277: [INFO][Sync] Stopped: Edge Hub App Usage
2024-11-27 00:28:40.277: [INFO][Sync] Stopped: Edge Tab Group
2024-11-27 00:28:40.277: [INFO][Sync] Stopped: Edge Wallet
2024-11-27 00:28:40.277: [INFO][Sync] SyncState after authenticated was: NotSignedIn
2024-11-27 00:28:40.785: [INFO][Sync] Reset engine, reason: 8
2024-11-27 00:28:40.785: [INFO][Sync] Stopped: Bookmarks
2024-11-27 00:28:40.785: [INFO][Sync] Stopped: Preferences
2024-11-27 00:28:40.785: [INFO][Sync] Stopped: Passwords
2024-11-27 00:28:40.785: [INFO][Sync] Stopped: Autofill Profiles
2024-11-27 00:28:40.785: [INFO][Sync] Stopped: Autofill
2024-11-27 00:28:40.785: [INFO][Sync] Stopped: Typed URLs
2024-11-27 00:28:40.785: [INFO][Sync] Stopped: Extensions
2024-11-27 00:28:40.785: [INFO][Sync] Stopped: Sessions
2024-11-27 00:28:40.785: [INFO][Sync] Stopped: Extension settings
2024-11-27 00:28:40.785: [INFO][Sync] Stopped: History Delete Directives
2024-11-27 00:28:40.785: [INFO][Sync] Stopped: Device Info
2024-11-27 00:28:40.785: [INFO][Sync] Stopped: User Consents
2024-11-27 00:28:40.785: [INFO][Sync] Stopped: Send Tab To Self
2024-11-27 00:28:40.785: [INFO][Sync] Stopped: Web Apps
2024-11-27 00:28:40.785: [INFO][Sync] Stopped: History
2024-11-27 00:28:40.785: [INFO][Sync] Stopped: Collection
2024-11-27 00:28:40.785: [INFO][Sync] Stopped: Edge E Drop
2024-11-27 00:28:40.785: [INFO][Sync] Stopped: Edge Hub App Usage
2024-11-27 00:28:40.785: [INFO][Sync] Stopped: Edge Tab Group
2024-11-27 00:28:40.785: [INFO][Sync] Stopped: Edge Wallet
2024-11-27 00:30:14.203: [INFO][Sync] Reset engine, reason: 0
2024-11-27 00:31:00.144: [INFO][Sync] Reset engine, reason: 8
2024-11-27 00:31:00.144: [INFO][Sync] Stopped: Bookmarks
2024-11-27 00:31:00.144: [INFO][Sync] Stopped: Preferences
2024-11-27 00:31:00.144: [INFO][Sync] Stopped: Passwords
2024-11-27 00:31:00.144: [INFO][Sync] Stopped: Autofill Profiles
2024-11-27 00:31:00.144: [INFO][Sync] Stopped: Autofill
2024-11-27 00:31:00.144: [INFO][Sync] Stopped: Typed URLs
2024-11-27 00:31:00.144: [INFO][Sync] Stopped: Extensions
2024-11-27 00:31:00.144: [INFO][Sync] Stopped: Sessions
2024-11-27 00:31:00.144: [INFO][Sync] Stopped: Extension settings
2024-11-27 00:31:00.144: [INFO][Sync] Stopped: History Delete Directives
2024-11-27 00:31:00.145: [INFO][Sync] Stopped: Device Info
2024-11-27 00:31:00.145: [INFO][Sync] Stopped: User Consents
2024-11-27 00:31:00.145: [INFO][Sync] Stopped: Send Tab To Self
2024-11-27 00:31:00.145: [INFO][Sync] Stopped: Web Apps
2024-11-27 00:31:00.145: [INFO][Sync] Stopped: History
2024-11-27 00:31:00.145: [INFO][Sync] Stopped: Collection
2024-11-27 00:31:00.145: [INFO][Sync] Stopped: Edge E Drop
2024-11-27 00:31:00.145: [INFO][Sync] Stopped: Edge Hub App Usage
2024-11-27 00:31:00.145: [INFO][Sync] Stopped: Edge Tab Group
2024-11-27 00:31:00.145: [INFO][Sync] Stopped: Edge Wallet
2024-11-27 00:31:00.145: [INFO][Sync] SyncState after authenticated was: NotSignedIn
2024-11-27 00:31:00.833: [INFO][Sync] Reset engine, reason: 8
2024-11-27 00:31:00.834: [INFO][Sync] Stopped: Bookmarks
2024-11-27 00:31:00.834: [INFO][Sync] Stopped: Preferences
2024-11-27 00:31:00.834: [INFO][Sync] Stopped: Passwords
2024-11-27 00:31:00.834: [INFO][Sync] Stopped: Autofill Profiles
2024-11-27 00:31:00.834: [INFO][Sync] Stopped: Autofill
2024-11-27 00:31:00.834: [INFO][Sync] Stopped: Typed URLs
2024-11-27 00:31:00.834: [INFO][Sync] Stopped: Extensions
2024-11-27 00:31:00.834: [INFO][Sync] Stopped: Sessions
2024-11-27 00:31:00.834: [INFO][Sync] Stopped: Extension settings
2024-11-27 00:31:00.834: [INFO][Sync] Stopped: History Delete Directives
2024-11-27 00:31:00.834: [INFO][Sync] Stopped: Device Info
2024-11-27 00:31:00.834: [INFO][Sync] Stopped: User Consents
2024-11-27 00:31:00.834: [INFO][Sync] Stopped: Send Tab To Self
2024-11-27 00:31:00.834: [INFO][Sync] Stopped: Web Apps
2024-11-27 00:31:00.834: [INFO][Sync] Stopped: History
2024-11-27 00:31:00.834: [INFO][Sync] Stopped: Collection
2024-11-27 00:31:00.834: [INFO][Sync] Stopped: Edge E Drop
2024-11-27 00:31:00.834: [INFO][Sync] Stopped: Edge Hub App Usage
2024-11-27 00:31:00.834: [INFO][Sync] Stopped: Edge Tab Group
2024-11-27 00:31:00.834: [INFO][Sync] Stopped: Edge Wallet
2024-11-27 00:38:57.423: [INFO][Sync] Reset engine, reason: 0
2024-11-27 00:40:03.687: [INFO][Sync] Reset engine, reason: 8
2024-11-27 00:40:03.687: [INFO][Sync] Stopped: Bookmarks
2024-11-27 00:40:03.687: [INFO][Sync] Stopped: Preferences
2024-11-27 00:40:03.687: [INFO][Sync] Stopped: Passwords
2024-11-27 00:40:03.688: [INFO][Sync] Stopped: Autofill Profiles
2024-11-27 00:40:03.688: [INFO][Sync] Stopped: Autofill
2024-11-27 00:40:03.688: [INFO][Sync] Stopped: Typed URLs
2024-11-27 00:40:03.688: [INFO][Sync] Stopped: Extensions
2024-11-27 00:40:03.688: [INFO][Sync] Stopped: Sessions
2024-11-27 00:40:03.688: [INFO][Sync] Stopped: Extension settings
2024-11-27 00:40:03.688: [INFO][Sync] Stopped: History Delete Directives
2024-11-27 00:40:03.688: [INFO][Sync] Stopped: Device Info
2024-11-27 00:40:03.688: [INFO][Sync] Stopped: User Consents
2024-11-27 00:40:03.688: [INFO][Sync] Stopped: Send Tab To Self
2024-11-27 00:40:03.688: [INFO][Sync] Stopped: Web Apps
2024-11-27 00:40:03.688: [INFO][Sync] Stopped: History
2024-11-27 00:40:03.688: [INFO][Sync] Stopped: Collection
2024-11-27 00:40:03.688: [INFO][Sync] Stopped: Edge E Drop
2024-11-27 00:40:03.688: [INFO][Sync] Stopped: Edge Hub App Usage
2024-11-27 00:40:03.688: [INFO][Sync] Stopped: Edge Tab Group
2024-11-27 00:40:03.688: [INFO][Sync] Stopped: Edge Wallet
2024-11-27 00:40:03.688: [INFO][Sync] SyncState after authenticated was: NotSignedIn
2024-11-27 00:40:04.082: [INFO][Sync] Reset engine, reason: 8
2024-11-27 00:40:04.082: [INFO][Sync] Stopped: Bookmarks
2024-11-27 00:40:04.082: [INFO][Sync] Stopped: Preferences
2024-11-27 00:40:04.082: [INFO][Sync] Stopped: Passwords
2024-11-27 00:40:04.082: [INFO][Sync] Stopped: Autofill Profiles
2024-11-27 00:40:04.082: [INFO][Sync] Stopped: Autofill
2024-11-27 00:40:04.082: [INFO][Sync] Stopped: Typed URLs
2024-11-27 00:40:04.082: [INFO][Sync] Stopped: Extensions
2024-11-27 00:40:04.082: [INFO][Sync] Stopped: Sessions
2024-11-27 00:40:04.082: [INFO][Sync] Stopped: Extension settings
2024-11-27 00:40:04.082: [INFO][Sync] Stopped: History Delete Directives
2024-11-27 00:40:04.082: [INFO][Sync] Stopped: Device Info
2024-11-27 00:40:04.082: [INFO][Sync] Stopped: User Consents
2024-11-27 00:40:04.082: [INFO][Sync] Stopped: Send Tab To Self
2024-11-27 00:40:04.082: [INFO][Sync] Stopped: Web Apps
2024-11-27 00:40:04.082: [INFO][Sync] Stopped: History
2024-11-27 00:40:04.082: [INFO][Sync] Stopped: Collection
2024-11-27 00:40:04.082: [INFO][Sync] Stopped: Edge E Drop
2024-11-27 00:40:04.082: [INFO][Sync] Stopped: Edge Hub App Usage
2024-11-27 00:40:04.082: [INFO][Sync] Stopped: Edge Tab Group
2024-11-27 00:40:04.082: [INFO][Sync] Stopped: Edge Wallet
2024-11-27 00:55:13.775: [INFO][Sync] Reset engine, reason: 0
2024-11-27 12:59:09.587: [INFO][Sync] Reset engine, reason: 8
2024-11-27 12:59:09.587: [INFO][Sync] Stopped: Bookmarks
2024-11-27 12:59:09.587: [INFO][Sync] Stopped: Preferences
2024-11-27 12:59:09.587: [INFO][Sync] Stopped: Passwords
2024-11-27 12:59:09.587: [INFO][Sync] Stopped: Autofill Profiles
2024-11-27 12:59:09.587: [INFO][Sync] Stopped: Autofill
2024-11-27 12:59:09.587: [INFO][Sync] Stopped: Typed URLs
2024-11-27 12:59:09.587: [INFO][Sync] Stopped: Extensions
2024-11-27 12:59:09.587: [INFO][Sync] Stopped: Sessions
2024-11-27 12:59:09.587: [INFO][Sync] Stopped: Extension settings
2024-11-27 12:59:09.587: [INFO][Sync] Stopped: History Delete Directives
2024-11-27 12:59:09.587: [INFO][Sync] Stopped: Device Info
2024-11-27 12:59:09.587: [INFO][Sync] Stopped: User Consents
2024-11-27 12:59:09.587: [INFO][Sync] Stopped: Send Tab To Self
2024-11-27 12:59:09.587: [INFO][Sync] Stopped: Web Apps
2024-11-27 12:59:09.587: [INFO][Sync] Stopped: History
2024-11-27 12:59:09.587: [INFO][Sync] Stopped: Collection
2024-11-27 12:59:09.587: [INFO][Sync] Stopped: Edge E Drop
2024-11-27 12:59:09.587: [INFO][Sync] Stopped: Edge Hub App Usage
2024-11-27 12:59:09.587: [INFO][Sync] Stopped: Edge Tab Group
2024-11-27 12:59:09.587: [INFO][Sync] Stopped: Edge Wallet
2024-11-27 12:59:09.587: [INFO][Sync] SyncState after authenticated was: NotSignedIn
2024-11-27 12:59:10.003: [INFO][Sync] Reset engine, reason: 8
2024-11-27 12:59:10.003: [INFO][Sync] Stopped: Bookmarks
2024-11-27 12:59:10.003: [INFO][Sync] Stopped: Preferences
2024-11-27 12:59:10.003: [INFO][Sync] Stopped: Passwords
2024-11-27 12:59:10.003: [INFO][Sync] Stopped: Autofill Profiles
2024-11-27 12:59:10.003: [INFO][Sync] Stopped: Autofill
2024-11-27 12:59:10.003: [INFO][Sync] Stopped: Typed URLs
2024-11-27 12:59:10.003: [INFO][Sync] Stopped: Extensions
2024-11-27 12:59:10.003: [INFO][Sync] Stopped: Sessions
2024-11-27 12:59:10.003: [INFO][Sync] Stopped: Extension settings
2024-11-27 12:59:10.003: [INFO][Sync] Stopped: History Delete Directives
2024-11-27 12:59:10.004: [INFO][Sync] Stopped: Device Info
2024-11-27 12:59:10.004: [INFO][Sync] Stopped: User Consents
2024-11-27 12:59:10.004: [INFO][Sync] Stopped: Send Tab To Self
2024-11-27 12:59:10.004: [INFO][Sync] Stopped: Web Apps
2024-11-27 12:59:10.004: [INFO][Sync] Stopped: History
2024-11-27 12:59:10.004: [INFO][Sync] Stopped: Collection
2024-11-27 12:59:10.004: [INFO][Sync] Stopped: Edge E Drop
2024-11-27 12:59:10.004: [INFO][Sync] Stopped: Edge Hub App Usage
2024-11-27 12:59:10.004: [INFO][Sync] Stopped: Edge Tab Group
2024-11-27 12:59:10.004: [INFO][Sync] Stopped: Edge Wallet
=======
2024-11-26 18:05:18.926: [INFO][Sync] Reset engine, reason: 8
2024-11-26 18:05:18.926: [INFO][Sync] Stopped: Bookmarks
2024-11-26 18:05:18.926: [INFO][Sync] Stopped: Preferences
2024-11-26 18:05:18.926: [INFO][Sync] Stopped: Passwords
2024-11-26 18:05:18.926: [INFO][Sync] Stopped: Autofill Profiles
2024-11-26 18:05:18.926: [INFO][Sync] Stopped: Autofill
2024-11-26 18:05:18.926: [INFO][Sync] Stopped: Typed URLs
2024-11-26 18:05:18.926: [INFO][Sync] Stopped: Extensions
2024-11-26 18:05:18.926: [INFO][Sync] Stopped: Sessions
2024-11-26 18:05:18.926: [INFO][Sync] Stopped: Extension settings
2024-11-26 18:05:18.926: [INFO][Sync] Stopped: History Delete Directives
2024-11-26 18:05:18.926: [INFO][Sync] Stopped: Device Info
2024-11-26 18:05:18.926: [INFO][Sync] Stopped: User Consents
2024-11-26 18:05:18.926: [INFO][Sync] Stopped: Send Tab To Self
2024-11-26 18:05:18.926: [INFO][Sync] Stopped: Web Apps
2024-11-26 18:05:18.926: [INFO][Sync] Stopped: History
2024-11-26 18:05:18.926: [INFO][Sync] Stopped: Collection
2024-11-26 18:05:18.926: [INFO][Sync] Stopped: Edge E Drop
2024-11-26 18:05:18.926: [INFO][Sync] Stopped: Edge Hub App Usage
2024-11-26 18:05:18.926: [INFO][Sync] Stopped: Edge Tab Group
2024-11-26 18:05:18.926: [INFO][Sync] Stopped: Edge Wallet
2024-11-26 18:05:18.926: [INFO][Sync] SyncState after authenticated was: NotSignedIn
2024-11-26 18:05:20.073: [INFO][Sync] Reset engine, reason: 8
2024-11-26 18:05:20.073: [INFO][Sync] Stopped: Bookmarks
2024-11-26 18:05:20.073: [INFO][Sync] Stopped: Preferences
2024-11-26 18:05:20.073: [INFO][Sync] Stopped: Passwords
2024-11-26 18:05:20.073: [INFO][Sync] Stopped: Autofill Profiles
2024-11-26 18:05:20.073: [INFO][Sync] Stopped: Autofill
2024-11-26 18:05:20.073: [INFO][Sync] Stopped: Typed URLs
2024-11-26 18:05:20.073: [INFO][Sync] Stopped: Extensions
2024-11-26 18:05:20.073: [INFO][Sync] Stopped: Sessions
2024-11-26 18:05:20.073: [INFO][Sync] Stopped: Extension settings
2024-11-26 18:05:20.073: [INFO][Sync] Stopped: History Delete Directives
2024-11-26 18:05:20.073: [INFO][Sync] Stopped: Device Info
2024-11-26 18:05:20.073: [INFO][Sync] Stopped: User Consents
2024-11-26 18:05:20.073: [INFO][Sync] Stopped: Send Tab To Self
2024-11-26 18:05:20.073: [INFO][Sync] Stopped: Web Apps
2024-11-26 18:05:20.073: [INFO][Sync] Stopped: History
2024-11-26 18:05:20.073: [INFO][Sync] Stopped: Collection
2024-11-26 18:05:20.073: [INFO][Sync] Stopped: Edge E Drop
2024-11-26 18:05:20.073: [INFO][Sync] Stopped: Edge Hub App Usage
2024-11-26 18:05:20.073: [INFO][Sync] Stopped: Edge Tab Group
2024-11-26 18:05:20.073: [INFO][Sync] Stopped: Edge Wallet
2024-11-26 18:05:23.877: [INFO][Sync] Try to start sync engine
2024-11-26 18:05:23.879: [INFO][SyncManagerImpl::NudgeForInitialDownload] Initial download nudge for Encryption Keys
2024-11-26 18:05:23.879: [INFO][SyncEngineBackend::LoadAndConnectNigoriController] Load and connect Nigori controller
2024-11-26 18:05:23.879: [INFO][SyncEngineBackend::DoInitialize] Control Types added: Encryption Keys
2024-11-26 18:05:23.879: [INFO][SyncManagerImpl::ConfigureSyncer] Types to download: Encryption Keys with reason: 3
2024-11-26 18:05:23.879: [INFO][SyncSchedulerImpl::DoConfigurationSyncCycleJob] Configure job was blocked
2024-11-26 18:05:27.841: [INFO][SyncAuthManager::SetLastAuthError] Current auth error: None
2024-11-26 18:05:27.841: [INFO][SyncAuthManager::EdgeLogTokenErrorState] Token error with: None for account type: MSA
2024-11-26 18:05:27.841: [INFO][Sync] Credentials changed for: EdgeSyncKeyDataScope
2024-11-26 18:05:27.842: [INFO][SyncEngineBackend::DoUpdateKeyDataCredentials] Update key data credentials
2024-11-26 18:05:27.846: [INFO][SyncAuthManager::SetLastAuthError] Current auth error: None
2024-11-26 18:05:27.846: [INFO][SyncAuthManager::EdgeLogTokenErrorState] Token error with: None for account type: MSA
2024-11-26 18:05:27.846: [INFO][Sync] Credentials changed for: EdgeSyncScopeNew
2024-11-26 18:05:27.846: [INFO][SyncEngineBackend::DoUpdateCredentials] Update credentials
2024-11-26 18:05:27.847: [INFO][SyncEngineBackend::DoUpdateKeyDataCredentials] Update key data credentials
2024-11-26 18:05:27.847: [INFO][SyncSchedulerImpl::DoConfigurationSyncCycleJob] Blocked types:  and types to download: Encryption Keys
2024-11-26 18:05:28.171: [INFO][Sync] Started DataTypeManager configuration, reason: 4
2024-11-26 18:05:28.171: [INFO][Sync] Configuring for: Bookmarks, Preferences, Passwords, Autofill Profiles, Autofill, Typed URLs, Extensions, Sessions, Extension settings, History Delete Directives, Device Info, User Consents, Send Tab To Self, Web Apps, Collection, Edge E Drop, Edge Hub App Usage, Edge Tab Group, Edge Wallet, Encryption Keys, reason: 3, current state: 0
2024-11-26 18:05:28.173: [INFO][Sync] Configure, desired: Bookmarks, Preferences, Typed URLs, Extensions, Sessions, Extension settings, History Delete Directives, Device Info, User Consents, Send Tab To Self, Web Apps, Collection, Edge E Drop, Edge Hub App Usage, Edge Tab Group, Edge Wallet, Encryption Keys; Allow fail: Passwords, Autofill Profiles, Autofill
2024-11-26 18:05:28.173: [INFO][Sync] Loading: Bookmarks
2024-11-26 18:05:28.173: [INFO][Sync] Loading: Preferences
2024-11-26 18:05:28.173: [INFO][Sync] Loading: Typed URLs
2024-11-26 18:05:28.173: [INFO][Sync] Loading: Extensions
2024-11-26 18:05:28.174: [INFO][Sync] Loading: Sessions
2024-11-26 18:05:28.174: [INFO][Sync] Loading: Extension settings
2024-11-26 18:05:28.174: [INFO][Sync] Loading: History Delete Directives
2024-11-26 18:05:28.174: [INFO][Sync] Loading: Device Info
2024-11-26 18:05:28.174: [INFO][Sync] Loading: User Consents
2024-11-26 18:05:28.174: [INFO][Sync] Loading: Send Tab To Self
2024-11-26 18:05:28.174: [INFO][Sync] Loading: Web Apps
2024-11-26 18:05:28.174: [INFO][Sync] Loading: Collection
2024-11-26 18:05:28.174: [INFO][Sync] Loading: Edge E Drop
2024-11-26 18:05:28.174: [INFO][Sync] Loading: Edge Hub App Usage
2024-11-26 18:05:28.174: [INFO][Sync] Loading: Edge Tab Group
2024-11-26 18:05:28.174: [INFO][Sync] Loading: Edge Wallet
2024-11-26 18:05:28.177: [INFO][Sync] All data types are ready for configure.
2024-11-26 18:05:28.682: [INFO][Sync] Started DataTypeManager configuration, reason: 5
2024-11-26 18:05:28.682: [INFO][Sync] Configuring for: Bookmarks, Preferences, Passwords, Autofill Profiles, Autofill, Typed URLs, Extensions, Sessions, Extension settings, History Delete Directives, Device Info, User Consents, Send Tab To Self, Web Apps, Collection, Edge E Drop, Edge Hub App Usage, Edge Tab Group, Edge Wallet, Encryption Keys, reason: 5, current state: 1
2024-11-26 18:05:28.682: [INFO][SyncEngineBackend::DoStartConfiguration] Start configuration
2024-11-26 18:05:28.683: [INFO][SyncManagerImpl::NudgeForInitialDownload] Initial download nudge for Bookmarks
2024-11-26 18:05:28.683: [INFO][SyncManagerImpl::NudgeForInitialDownload] Initial download nudge for Preferences
2024-11-26 18:05:28.683: [INFO][SyncManagerImpl::NudgeForInitialDownload] Initial download nudge for Typed URLs
2024-11-26 18:05:28.683: [INFO][SyncManagerImpl::NudgeForInitialDownload] Initial download nudge for Extensions
2024-11-26 18:05:28.683: [INFO][SyncManagerImpl::NudgeForInitialDownload] Initial download nudge for Sessions
2024-11-26 18:05:28.683: [INFO][SyncManagerImpl::NudgeForInitialDownload] Initial download nudge for Extension settings
2024-11-26 18:05:28.683: [INFO][SyncManagerImpl::NudgeForInitialDownload] Initial download nudge for History Delete Directives
2024-11-26 18:05:28.683: [INFO][SyncManagerImpl::NudgeForInitialDownload] Initial download nudge for Device Info
2024-11-26 18:05:28.683: [INFO][SyncManagerImpl::NudgeForInitialDownload] Initial download nudge for Send Tab To Self
2024-11-26 18:05:28.683: [INFO][SyncManagerImpl::NudgeForInitialDownload] Initial download nudge for Web Apps
2024-11-26 18:05:28.683: [INFO][SyncManagerImpl::NudgeForInitialDownload] Initial download nudge for Collection
2024-11-26 18:05:28.683: [INFO][SyncManagerImpl::NudgeForInitialDownload] Initial download nudge for Edge E Drop
2024-11-26 18:05:28.683: [INFO][SyncManagerImpl::NudgeForInitialDownload] Initial download nudge for Edge Hub App Usage
2024-11-26 18:05:28.683: [INFO][SyncManagerImpl::NudgeForInitialDownload] Initial download nudge for Edge Tab Group
2024-11-26 18:05:28.683: [INFO][SyncManagerImpl::NudgeForInitialDownload] Initial download nudge for Edge Wallet
2024-11-26 18:05:28.683: [INFO][SyncManagerImpl::ConfigureSyncer] Types to download:  with reason: 3
2024-11-26 18:05:28.683: [INFO][SyncEngineBackend::DoFinishConfigureDataTypes] Failed to download types:  and succeeded types: 
2024-11-26 18:05:28.688: [INFO][Sync] ConfigurationDone, failed: , succeeded: , remaining count: 3
2024-11-26 18:05:28.688: [WARN][Sync]     Reconfigure requested while configuration ongoing.
2024-11-26 18:05:28.688: [INFO][Sync] Configuring for: Bookmarks, Preferences, Passwords, Autofill Profiles, Autofill, Typed URLs, Extensions, Sessions, Extension settings, History Delete Directives, Device Info, User Consents, Send Tab To Self, Web Apps, Collection, Edge E Drop, Edge Hub App Usage, Edge Tab Group, Edge Wallet, Encryption Keys, reason: 5, current state: 2
2024-11-26 18:05:28.688: [INFO][Sync] Configure, desired: Bookmarks, Preferences, Passwords, Autofill Profiles, Autofill, Typed URLs, Extensions, Sessions, Extension settings, History Delete Directives, Device Info, User Consents, Send Tab To Self, Web Apps, Collection, Edge E Drop, Edge Hub App Usage, Edge Tab Group, Edge Wallet, Encryption Keys; Allow fail: 
2024-11-26 18:05:28.688: [INFO][Sync] Loading: Passwords
2024-11-26 18:05:28.688: [INFO][Sync] Loading: Autofill Profiles
2024-11-26 18:05:28.688: [INFO][Sync] Loading: Autofill
2024-11-26 18:05:28.689: [INFO][Sync] All data types are ready for configure.
2024-11-26 18:05:28.689: [INFO][SyncManagerImpl::NudgeForInitialDownload] Initial download nudge for Passwords
2024-11-26 18:05:28.689: [INFO][SyncManagerImpl::NudgeForInitialDownload] Initial download nudge for Autofill Profiles
2024-11-26 18:05:28.689: [INFO][SyncManagerImpl::NudgeForInitialDownload] Initial download nudge for Autofill
2024-11-26 18:05:28.689: [INFO][SyncManagerImpl::ConfigureSyncer] Types to download:  with reason: 5
2024-11-26 18:05:28.689: [INFO][SyncEngineBackend::DoFinishConfigureDataTypes] Failed to download types:  and succeeded types: 
2024-11-26 18:05:28.689: [INFO][Sync] ConfigurationDone, failed: , succeeded: , remaining count: 3
2024-11-26 18:05:28.689: [INFO][Sync] Prepare to configure types: Preferences, Passwords, Device Info, Send Tab To Self, Edge E Drop, Encryption Keys
2024-11-26 18:05:28.690: [INFO][SyncManagerImpl::ConfigureSyncer] Types to download: Preferences, Passwords, Device Info, Send Tab To Self, Edge E Drop, Encryption Keys with reason: 5
2024-11-26 18:05:28.690: [INFO][SyncSchedulerImpl::DoConfigurationSyncCycleJob] Blocked types:  and types to download: Preferences, Passwords, Device Info, Send Tab To Self, Edge E Drop, Encryption Keys
2024-11-26 18:05:29.128: [INFO][SyncEngineBackend::DoFinishConfigureDataTypes] Failed to download types:  and succeeded types: Preferences, Passwords, Device Info, Send Tab To Self, Edge E Drop, Encryption Keys
2024-11-26 18:05:29.129: [INFO][Sync] ConfigurationDone, failed: , succeeded: Preferences, Passwords, Device Info, Send Tab To Self, Edge E Drop, Encryption Keys, remaining count: 2
2024-11-26 18:05:29.129: [INFO][Sync] Prepare to configure types: Bookmarks, Encryption Keys
2024-11-26 18:05:29.133: [INFO][SyncManagerImpl::ConfigureSyncer] Types to download: Bookmarks, Encryption Keys with reason: 5
2024-11-26 18:05:29.133: [INFO][SyncSchedulerImpl::DoConfigurationSyncCycleJob] Blocked types:  and types to download: Bookmarks, Encryption Keys
2024-11-26 18:05:29.262: [INFO][SyncEngineBackend::DoFinishConfigureDataTypes] Failed to download types:  and succeeded types: Bookmarks, Encryption Keys
2024-11-26 18:05:29.264: [INFO][Sync] ConfigurationDone, failed: , succeeded: Bookmarks, Encryption Keys, remaining count: 1
2024-11-26 18:05:29.266: [INFO][Sync] Prepare to configure types: Autofill Profiles, Autofill, Typed URLs, Extensions, Sessions, Extension settings, History Delete Directives, Web Apps, Collection, Edge Hub App Usage, Edge Tab Group, Edge Wallet, Encryption Keys
2024-11-26 18:05:29.266: [INFO][SyncManagerImpl::ConfigureSyncer] Types to download: Autofill Profiles, Autofill, Typed URLs, Extensions, Sessions, Extension settings, History Delete Directives, Web Apps, Collection, Edge Hub App Usage, Edge Tab Group, Edge Wallet, Encryption Keys with reason: 5
2024-11-26 18:05:29.266: [INFO][SyncSchedulerImpl::DoConfigurationSyncCycleJob] Blocked types:  and types to download: Autofill Profiles, Autofill, Typed URLs, Extensions, Sessions, Extension settings, History Delete Directives, Web Apps, Collection, Edge Hub App Usage, Edge Tab Group, Edge Wallet, Encryption Keys
2024-11-26 18:05:30.111: [INFO][SyncEngineBackend::DoFinishConfigureDataTypes] Failed to download types:  and succeeded types: Autofill Profiles, Autofill, Typed URLs, Extensions, Sessions, Extension settings, History Delete Directives, Web Apps, Collection, Edge Hub App Usage, Edge Tab Group, Edge Wallet, Encryption Keys
2024-11-26 18:05:30.117: [INFO][Sync] ConfigurationDone, failed: , succeeded: Autofill Profiles, Autofill, Typed URLs, Extensions, Sessions, Extension settings, History Delete Directives, Web Apps, Collection, Edge Hub App Usage, Edge Tab Group, Edge Wallet, Encryption Keys, remaining count: 0
2024-11-26 18:05:30.118: [INFO][Sync]     Configuration completed, state: 7
2024-11-26 18:05:30.118: [INFO][Sync] Configured DataTypeManager: Ok
2024-11-26 18:05:30.119: [INFO][SyncEngineBackend::DoStartSyncing] Start syncing
2024-11-26 19:26:08.206: [INFO][Sync] Reset engine, reason: 0
2024-11-26 19:26:08.206: [INFO][Sync] Reset engine with reason: 0
>>>>>>> 68b5359b8b4b19f46c73827be0a6756686cecffa
